<?xml version="1.0" encoding="UTF-8"?>
<testsuites name="Test SuiteTEST" time="39.411" tests="2" failures="0" errors="0">
   <testsuite name="Test SuiteTEST" tests="2" failures="0" errors="0" time="39.411" skipped="0" timestamp="2566-08-31 15:33:19" hostname="USER - DESKTOP-67R9BDO" id="Test Suites/Test SuiteTEST">
      <properties>
         <property name="deviceName" value=""/>
         <property name="devicePlatform" value=""/>
         <property name="logFolder" value="C:\\Users\\USER\\git\\katalon\\Reports\\25660831_153310\\Test SuiteTEST\\25660831_153310"/>
         <property name="logFiles" value="C:\\Users\\USER\\git\\katalon\\Reports\\25660831_153310\\Test SuiteTEST\\25660831_153310\\execution0.log"/>
         <property name="attachments" value=""/>
         <property name="hostName" value="USER - DESKTOP-67R9BDO"/>
         <property name="os" value="Windows 11 64bit"/>
         <property name="katalonVersion" value="8.6.6.208"/>
         <property name="browser" value="Chrome 116.0.0.0"/>
         <property name="hostAddress" value="172.20.10.12"/>
         <property name="sessionId" value="a6fcc2eab9bd7511332274e52143d250"/>
         <property name="seleniumVersion" value="3.141.59"/>
         <property name="proxyInformation" value="ProxyInformation { proxyOption=NO_PROXY, proxyServerType=HTTP, username=, password=********, proxyServerAddress=, proxyServerPort=0, executionList=&quot;&quot;, isApplyToDesiredCapabilities=true }"/>
         <property name="platform" value="Windows 11"/>
      </properties>
      <testcase name="Test Cases/TEST LOGIN" time="7.31" classname="Test Cases/TEST LOGIN" status="PASSED">
         <system-out><![CDATA[2566-08-31 15:33:20 - [TEST_CASE][PASSED] - Test Cases/TEST LOGIN: Test Cases/TEST LOGIN

2566-08-31 15:33:20 - [TEST_STEP][PASSED] - openBrowser(""): Browser is opened with url: ''

2566-08-31 15:33:20 - [MESSAGE][INFO] - Starting 'Chrome' driver

2566-08-31 15:33:21 - [MESSAGE][INFO] - Action delay is set to 0 milliseconds

2566-08-31 15:33:23 - [MESSAGE][PASSED] - Browser is opened with url: ''

2566-08-31 15:33:23 - [TEST_STEP][PASSED] - navigateToUrl("https://pos-frontend-ton-gumbjqoyzq-as.a.run.app/"): Navigate to 'https://pos-frontend-ton-gumbjqoyzq-as.a.run.app/' successfully

2566-08-31 15:33:24 - [MESSAGE][PASSED] - Navigate to 'https://pos-frontend-ton-gumbjqoyzq-as.a.run.app/' successfully

2566-08-31 15:33:24 - [TEST_STEP][PASSED] - setText(findTestObject("Object Repository/Page_Sign In/input_Username_username"), "admin"): Text 'admin' is set on object 'Object Repository/Page_Sign In/input_Username_username'

2566-08-31 15:33:26 - [MESSAGE][PASSED] - Text 'admin' is set on object 'Object Repository/Page_Sign In/input_Username_username'

2566-08-31 15:33:26 - [TEST_STEP][PASSED] - setEncryptedText(findTestObject("Object Repository/Page_Sign In/input_Password_password"), "aeHFOx8jV/A="): Text ****** has been set on object 'Object Repository/Page_Sign In/input_Password_password'

2566-08-31 15:33:26 - [MESSAGE][PASSED] - Text ****** has been set on object 'Object Repository/Page_Sign In/input_Password_password'

2566-08-31 15:33:26 - [TEST_STEP][PASSED] - click(findTestObject("Object Repository/Page_Sign In/button_Sign in with Credentials")): Object: 'Object Repository/Page_Sign In/button_Sign in with Credentials' is clicked on

2566-08-31 15:33:27 - [MESSAGE][PASSED] - Object: 'Object Repository/Page_Sign In/button_Sign in with Credentials' is clicked on]]></system-out>
         <system-err><![CDATA[]]></system-err>
      </testcase>
      <testcase name="Test Cases/Category LIST/SEARCH category/ตรวจสอบว่าสามารถ copy ข้อมูลมาวางได้หรือไม่" time="31.709" classname="Test Cases/Category LIST/SEARCH category/ตรวจสอบว่าสามารถ copy ข้อมูลมาวางได้หรือไม่" status="PASSED">
         <system-out><![CDATA[2566-08-31 15:33:27 - [TEST_CASE][PASSED] - Test Cases/Category LIST/SEARCH category/ตรวจสอบว่าสามารถ copy ข้อมูลมาวางได้หรือไม่: Test Cases/Category LIST/SEARCH category/ตรวจสอบว่าสามารถ copy ข้อมูลมาวางได้หรือไม่

2566-08-31 15:33:28 - [TEST_STEP][PASSED] - setText(findTestObject("Object Repository/Page_Create Next App/input_Add Category_input-group-1"), "SSS"): Text 'SSS' is set on object 'Object Repository/Page_Create Next App/input_Add Category_input-group-1'

2566-08-31 15:33:54 - [MESSAGE][PASSED] - Text 'SSS' is set on object 'Object Repository/Page_Create Next App/input_Add Category_input-group-1'

2566-08-31 15:33:54 - [TEST_STEP][PASSED] - sendKeys(findTestObject("Object Repository/Page_Create Next App/input_Add Category_input-group-1"), Keys.chord(ENTER)): Keys 'ENTER + ' sent to object: 'Object Repository/Page_Create Next App/input_Add Category_input-group-1'

2566-08-31 15:33:54 - [MESSAGE][PASSED] - Keys 'ENTER + ' sent to object: 'Object Repository/Page_Create Next App/input_Add Category_input-group-1'

2566-08-31 15:33:54 - [TEST_STEP][PASSED] - setText(findTestObject("Object Repository/Page_Create Next App/input_Add Category_input-group-1"), "SSS"): Text 'SSS' is set on object 'Object Repository/Page_Create Next App/input_Add Category_input-group-1'

2566-08-31 15:33:55 - [MESSAGE][PASSED] - Text 'SSS' is set on object 'Object Repository/Page_Create Next App/input_Add Category_input-group-1'

2566-08-31 15:33:55 - [TEST_STEP][PASSED] - sendKeys(findTestObject("Object Repository/Page_Create Next App/input_Add Category_input-group-1"), Keys.chord(ENTER)): Keys 'ENTER + ' sent to object: 'Object Repository/Page_Create Next App/input_Add Category_input-group-1'

2566-08-31 15:33:56 - [MESSAGE][PASSED] - Keys 'ENTER + ' sent to object: 'Object Repository/Page_Create Next App/input_Add Category_input-group-1'

2566-08-31 15:33:56 - [TEST_STEP][PASSED] - setText(findTestObject("Object Repository/Page_Create Next App/input_Add Category_input-group-1"), "SSS"): Text 'SSS' is set on object 'Object Repository/Page_Create Next App/input_Add Category_input-group-1'

2566-08-31 15:33:56 - [MESSAGE][PASSED] - Text 'SSS' is set on object 'Object Repository/Page_Create Next App/input_Add Category_input-group-1'

2566-08-31 15:33:56 - [TEST_STEP][PASSED] - sendKeys(findTestObject("Object Repository/Page_Create Next App/input_Add Category_input-group-1"), Keys.chord(ENTER)): Keys 'ENTER + ' sent to object: 'Object Repository/Page_Create Next App/input_Add Category_input-group-1'

2566-08-31 15:33:57 - [MESSAGE][PASSED] - Keys 'ENTER + ' sent to object: 'Object Repository/Page_Create Next App/input_Add Category_input-group-1'

2566-08-31 15:33:57 - [TEST_STEP][PASSED] - setText(findTestObject("Object Repository/Page_Create Next App/input_Add Category_input-group-1"), ""): Text '' is set on object 'Object Repository/Page_Create Next App/input_Add Category_input-group-1'

2566-08-31 15:33:58 - [MESSAGE][PASSED] - Text '' is set on object 'Object Repository/Page_Create Next App/input_Add Category_input-group-1'

2566-08-31 15:33:58 - [TEST_STEP][PASSED] - closeBrowser(): Browser is closed

2566-08-31 15:33:59 - [MESSAGE][PASSED] - Browser is closed]]></system-out>
         <system-err><![CDATA[]]></system-err>
      </testcase>
      <system-out><![CDATA[2566-08-31 15:33:19 - [TEST_SUITE][PASSED] - Test SuiteTEST: Test Cases/Category LIST/SEARCH category/ตรวจสอบว่าสามารถ copy ข้อมูลมาวางได้หรือไม่]]></system-out>
      <system-err><![CDATA[]]></system-err>
   </testsuite>
</testsuites>
