<?xml version="1.0" encoding="UTF-8"?>
<testsuites name="Dynamic Test Suite ning9_51" time="15.924" tests="1" failures="0" errors="0">
   <testsuite name="Dynamic Test Suite ning9_51" tests="1" failures="0" errors="0" time="15.924" skipped="0" timestamp="2566-08-30 09:54:31" hostname="USER - DESKTOP-67R9BDO" id="Test Suites/Dynamic Test Suite ning9_51">
      <properties>
         <property name="deviceName" value=""/>
         <property name="devicePlatform" value=""/>
         <property name="logFolder" value="C:\\Users\\USER\\git\\katalon\\Reports\\25660830_095420\\Dynamic Test Suite ning9_51\\25660830_095420"/>
         <property name="logFiles" value="C:\\Users\\USER\\git\\katalon\\Reports\\25660830_095420\\Dynamic Test Suite ning9_51\\25660830_095420\\execution0.log"/>
         <property name="attachments" value=""/>
         <property name="hostName" value="USER - DESKTOP-67R9BDO"/>
         <property name="os" value="Windows 11 64bit"/>
         <property name="katalonVersion" value="8.6.6.208"/>
         <property name="browser" value="Chrome 116.0.0.0"/>
         <property name="hostAddress" value="172.20.10.12"/>
         <property name="sessionId" value="41e748a63e24d2bf764364f9f5302c5e"/>
         <property name="seleniumVersion" value="3.141.59"/>
         <property name="proxyInformation" value="ProxyInformation { proxyOption=NO_PROXY, proxyServerType=HTTP, username=, password=********, proxyServerAddress=, proxyServerPort=0, executionList=&quot;&quot;, isApplyToDesiredCapabilities=true }"/>
         <property name="platform" value="Windows 11"/>
      </properties>
      <testcase name="Test Cases/casening9_51" time="15.484" classname="Test Cases/casening9_51" status="PASSED">
         <system-out><![CDATA[2566-08-30 09:54:31 - [TEST_CASE][PASSED] - Test Cases/casening9_51: Test Cases/casening9_51

2566-08-30 09:54:32 - [TEST_STEP][PASSED] - openBrowser(""): Browser is opened with url: ''

2566-08-30 09:54:32 - [MESSAGE][INFO] - Starting 'Chrome' driver

2566-08-30 09:54:33 - [MESSAGE][INFO] - Action delay is set to 0 milliseconds

2566-08-30 09:54:36 - [MESSAGE][PASSED] - Browser is opened with url: ''

2566-08-30 09:54:36 - [TEST_STEP][PASSED] - navigateToUrl("https://katalon-demo-cura.herokuapp.com/"): Navigate to 'https://katalon-demo-cura.herokuapp.com/' successfully

2566-08-30 09:54:39 - [MESSAGE][PASSED] - Navigate to 'https://katalon-demo-cura.herokuapp.com/' successfully

2566-08-30 09:54:39 - [TEST_STEP][PASSED] - click(findTestObject("Object Repository/Page_CURA Healthcare Service/i_CURA Healthcare_fa fa-bars")): Object: 'Object Repository/Page_CURA Healthcare Service/i_CURA Healthcare_fa fa-bars' is clicked on

2566-08-30 09:54:40 - [MESSAGE][PASSED] - Object: 'Object Repository/Page_CURA Healthcare Service/i_CURA Healthcare_fa fa-bars' is clicked on

2566-08-30 09:54:40 - [TEST_STEP][PASSED] - click(findTestObject("Object Repository/Page_CURA Healthcare Service/a_Login")): Object: 'Object Repository/Page_CURA Healthcare Service/a_Login' is clicked on

2566-08-30 09:54:41 - [MESSAGE][PASSED] - Object: 'Object Repository/Page_CURA Healthcare Service/a_Login' is clicked on

2566-08-30 09:54:41 - [TEST_STEP][PASSED] - click(findTestObject("Object Repository/Page_CURA Healthcare Service/button_Login")): Object: 'Object Repository/Page_CURA Healthcare Service/button_Login' is clicked on

2566-08-30 09:54:42 - [MESSAGE][PASSED] - Object: 'Object Repository/Page_CURA Healthcare Service/button_Login' is clicked on

2566-08-30 09:54:42 - [TEST_STEP][PASSED] - closeBrowser(): Browser is closed

2566-08-30 09:54:43 - [MESSAGE][PASSED] - Browser is closed

2566-08-30 09:54:43 - [TEST_STEP][PASSED] - Start listener action : sampleAfterTestCase: Send request successfully

2566-08-30 09:54:43 - [TEST_STEP][PASSED] - testCase = findTestCase(testCaseContext.getTestCaseId()): null

2566-08-30 09:54:43 - [TEST_STEP][PASSED] - g_ZS_TestCaseKey = getName().split("_")[0]: null

2566-08-30 09:54:44 - [TEST_STEP][PASSED] - if (testCaseContext.getTestCaseStatus() == "PASSED"): null

2566-08-30 09:54:44 - [TEST_STEP][PASSED] - sendRequest(findTestObject("Create Execution")): Send request successfully

2566-08-30 09:54:46 - [MESSAGE][INFO] - HAR: C:\Users\USER\git\katalon\Reports\25660830_095420\Dynamic Test Suite ning9_51\25660830_095420\requests\main\0.har

2566-08-30 09:54:47 - [MESSAGE][PASSED] - Send request successfully]]></system-out>
         <system-err><![CDATA[]]></system-err>
      </testcase>
      <system-out><![CDATA[2566-08-30 09:54:31 - [TEST_SUITE][PASSED] - Dynamic Test Suite ning9_51: Test Cases/casening9_51]]></system-out>
      <system-err><![CDATA[]]></system-err>
   </testsuite>
</testsuites>
