<?xml version="1.0" encoding="UTF-8"?>
<testsuites name="test search supplier" time="49.88" tests="3" failures="0" errors="0">
   <testsuite name="test search supplier" tests="3" failures="0" errors="0" time="49.88" skipped="0" timestamp="2566-09-05 17:06:38" hostname="USER - DESKTOP-67R9BDO" id="Test Suites/test search supplier">
      <properties>
         <property name="deviceName" value=""/>
         <property name="devicePlatform" value=""/>
         <property name="logFolder" value="C:\\Users\\USER\\git\\katalon\\Reports\\25660905_170628\\test search supplier\\25660905_170628"/>
         <property name="logFiles" value="C:\\Users\\USER\\git\\katalon\\Reports\\25660905_170628\\test search supplier\\25660905_170628\\execution0.log"/>
         <property name="attachments" value=""/>
         <property name="hostName" value="USER - DESKTOP-67R9BDO"/>
         <property name="os" value="Windows 11 64bit"/>
         <property name="katalonVersion" value="8.6.6.208"/>
         <property name="browser" value="Chrome 116.0.0.0"/>
         <property name="hostAddress" value="172.20.10.12"/>
         <property name="sessionId" value="2a7a0afc1ca793cbc095472c71aa776c"/>
         <property name="seleniumVersion" value="3.141.59"/>
         <property name="proxyInformation" value="ProxyInformation { proxyOption=NO_PROXY, proxyServerType=HTTP, username=, password=********, proxyServerAddress=, proxyServerPort=0, executionList=&quot;&quot;, isApplyToDesiredCapabilities=true }"/>
         <property name="platform" value="Windows 11"/>
      </properties>
      <testcase name="Test Cases/TEST LOGIN" time="7.124" classname="Test Cases/TEST LOGIN" status="PASSED">
         <system-out><![CDATA[2566-09-05 17:06:39 - [TEST_CASE][PASSED] - Test Cases/TEST LOGIN: Test Cases/TEST LOGIN

2566-09-05 17:06:39 - [TEST_STEP][PASSED] - openBrowser(""): Browser is opened with url: ''

2566-09-05 17:06:39 - [MESSAGE][INFO] - Starting 'Chrome' driver

2566-09-05 17:06:39 - [MESSAGE][INFO] - Action delay is set to 0 milliseconds

2566-09-05 17:06:41 - [MESSAGE][PASSED] - Browser is opened with url: ''

2566-09-05 17:06:41 - [TEST_STEP][PASSED] - navigateToUrl("https://pos-frontend-ton-gumbjqoyzq-as.a.run.app/"): Navigate to 'https://pos-frontend-ton-gumbjqoyzq-as.a.run.app/' successfully

2566-09-05 17:06:43 - [MESSAGE][PASSED] - Navigate to 'https://pos-frontend-ton-gumbjqoyzq-as.a.run.app/' successfully

2566-09-05 17:06:43 - [TEST_STEP][PASSED] - setText(findTestObject("Object Repository/Page_Sign In/input_Username_username"), "admin"): Text 'admin' is set on object 'Object Repository/Page_Sign In/input_Username_username'

2566-09-05 17:06:44 - [MESSAGE][PASSED] - Text 'admin' is set on object 'Object Repository/Page_Sign In/input_Username_username'

2566-09-05 17:06:44 - [TEST_STEP][PASSED] - setEncryptedText(findTestObject("Object Repository/Page_Sign In/input_Password_password"), "aeHFOx8jV/A="): Text ****** has been set on object 'Object Repository/Page_Sign In/input_Password_password'

2566-09-05 17:06:45 - [MESSAGE][PASSED] - Text ****** has been set on object 'Object Repository/Page_Sign In/input_Password_password'

2566-09-05 17:06:45 - [TEST_STEP][PASSED] - click(findTestObject("Object Repository/Page_Sign In/button_Sign in with Credentials")): Object: 'Object Repository/Page_Sign In/button_Sign in with Credentials' is clicked on

2566-09-05 17:06:46 - [MESSAGE][PASSED] - Object: 'Object Repository/Page_Sign In/button_Sign in with Credentials' is clicked on]]></system-out>
         <system-err><![CDATA[]]></system-err>
      </testcase>
      <testcase name="Test Cases/Supplier/search supplier/กดเปลี่ยนหน้าไปที่ supplier" time="32.867" classname="Test Cases/Supplier/search supplier/กดเปลี่ยนหน้าไปที่ supplier" status="PASSED">
         <system-out><![CDATA[2566-09-05 17:06:46 - [TEST_CASE][PASSED] - Test Cases/Supplier/search supplier/กดเปลี่ยนหน้าไปที่ supplier: Test Cases/Supplier/search supplier/กดเปลี่ยนหน้าไปที่ supplier

2566-09-05 17:06:46 - [TEST_STEP][PASSED] - navigateToUrl("https://pos-frontend-ton-gumbjqoyzq-as.a.run.app"): Navigate to 'https://pos-frontend-ton-gumbjqoyzq-as.a.run.app' successfully

2566-09-05 17:06:47 - [MESSAGE][PASSED] - Navigate to 'https://pos-frontend-ton-gumbjqoyzq-as.a.run.app' successfully

2566-09-05 17:06:47 - [TEST_STEP][PASSED] - click(findTestObject("Object Repository/Page_Sign In/button_Sign in with Credentials")): Object: 'Object Repository/Page_Sign In/button_Sign in with Credentials' is clicked on

2566-09-05 17:07:18 - [MESSAGE][INFO] - Unable to find the element located by 'By.xpath: //button[@type='submit']'. Please recheck the objects properties to make sure the desired element is located. 

2566-09-05 17:07:18 - [MESSAGE][WARNING] - [SELF-HEALING] Failed to find element with id 'Object Repository/Page_Sign In/button_Sign in with Credentials'. Try using Self-healing.

2566-09-05 17:07:18 - [MESSAGE][WARNING] - [SELF-HEALING] The current locator of test object 'Object Repository/Page_Sign In/button_Sign in with Credentials' was broken. Propose an alternative one: '//button'.

2566-09-05 17:07:18 - [MESSAGE][PASSED] - Object: 'Object Repository/Page_Sign In/button_Sign in with Credentials' is clicked on

2566-09-05 17:07:18 - [TEST_STEP][PASSED] - click(findTestObject("Object Repository/Page_Create Next App/span_Supplier")): Object: 'Object Repository/Page_Create Next App/span_Supplier' is clicked on

2566-09-05 17:07:19 - [MESSAGE][PASSED] - Object: 'Object Repository/Page_Create Next App/span_Supplier' is clicked on]]></system-out>
         <system-err><![CDATA[]]></system-err>
      </testcase>
      <testcase name="Test Cases/Supplier/search supplier/ตรวจสอบฟังก์ชันการค้นหาเมื่อมีการใช้อักขระพิเศษในการค้นหา" time="9.568" classname="Test Cases/Supplier/search supplier/ตรวจสอบฟังก์ชันการค้นหาเมื่อมีการใช้อักขระพิเศษในการค้นหา" status="PASSED">
         <system-out><![CDATA[2566-09-05 17:07:19 - [TEST_CASE][PASSED] - Test Cases/Supplier/search supplier/ตรวจสอบฟังก์ชันการค้นหาเมื่อมีการใช้อักขระพิเศษในการค้นหา: Test Cases/Supplier/search supplier/ตรวจสอบฟังก์ชันการค้นหาเมื่อมีการใช้อักขระพิเศษในการค้นหา

2566-09-05 17:07:19 - [TEST_STEP][PASSED] - navigateToUrl("https://pos-frontend-ton-gumbjqoyzq-as.a.run.app/supplier"): Navigate to 'https://pos-frontend-ton-gumbjqoyzq-as.a.run.app/supplier' successfully

2566-09-05 17:07:20 - [MESSAGE][PASSED] - Navigate to 'https://pos-frontend-ton-gumbjqoyzq-as.a.run.app/supplier' successfully

2566-09-05 17:07:20 - [TEST_STEP][PASSED] - setText(findTestObject("Object Repository/Page_Create Next App/input_Add Category_input-group-1"), "---"): Text '---' is set on object 'Object Repository/Page_Create Next App/input_Add Category_input-group-1'

2566-09-05 17:07:21 - [MESSAGE][PASSED] - Text '---' is set on object 'Object Repository/Page_Create Next App/input_Add Category_input-group-1'

2566-09-05 17:07:21 - [TEST_STEP][PASSED] - sendKeys(findTestObject("Object Repository/Page_Create Next App/input_Add Category_input-group-1"), Keys.chord(ENTER)): Keys 'ENTER + ' sent to object: 'Object Repository/Page_Create Next App/input_Add Category_input-group-1'

2566-09-05 17:07:22 - [MESSAGE][PASSED] - Keys 'ENTER + ' sent to object: 'Object Repository/Page_Create Next App/input_Add Category_input-group-1'

2566-09-05 17:07:22 - [TEST_STEP][PASSED] - setText(findTestObject("Object Repository/Page_Create Next App/input_Add Category_input-group-1"), "!!!"): Text '!!!' is set on object 'Object Repository/Page_Create Next App/input_Add Category_input-group-1'

2566-09-05 17:07:23 - [MESSAGE][PASSED] - Text '!!!' is set on object 'Object Repository/Page_Create Next App/input_Add Category_input-group-1'

2566-09-05 17:07:23 - [TEST_STEP][PASSED] - sendKeys(findTestObject("Object Repository/Page_Create Next App/input_Add Category_input-group-1"), Keys.chord(ENTER)): Keys 'ENTER + ' sent to object: 'Object Repository/Page_Create Next App/input_Add Category_input-group-1'

2566-09-05 17:07:23 - [MESSAGE][PASSED] - Keys 'ENTER + ' sent to object: 'Object Repository/Page_Create Next App/input_Add Category_input-group-1'

2566-09-05 17:07:23 - [TEST_STEP][PASSED] - setText(findTestObject("Object Repository/Page_Create Next App/input_Add Category_input-group-1"), "###"): Text '###' is set on object 'Object Repository/Page_Create Next App/input_Add Category_input-group-1'

2566-09-05 17:07:24 - [MESSAGE][PASSED] - Text '###' is set on object 'Object Repository/Page_Create Next App/input_Add Category_input-group-1'

2566-09-05 17:07:24 - [TEST_STEP][PASSED] - sendKeys(findTestObject("Object Repository/Page_Create Next App/input_Add Category_input-group-1"), Keys.chord(ENTER)): Keys 'ENTER + ' sent to object: 'Object Repository/Page_Create Next App/input_Add Category_input-group-1'

2566-09-05 17:07:24 - [MESSAGE][PASSED] - Keys 'ENTER + ' sent to object: 'Object Repository/Page_Create Next App/input_Add Category_input-group-1'

2566-09-05 17:07:24 - [TEST_STEP][PASSED] - setText(findTestObject("Object Repository/Page_Create Next App/input_Add Category_input-group-1"), "^^^"): Text '^^^' is set on object 'Object Repository/Page_Create Next App/input_Add Category_input-group-1'

2566-09-05 17:07:25 - [MESSAGE][PASSED] - Text '^^^' is set on object 'Object Repository/Page_Create Next App/input_Add Category_input-group-1'

2566-09-05 17:07:25 - [TEST_STEP][PASSED] - sendKeys(findTestObject("Object Repository/Page_Create Next App/input_Add Category_input-group-1"), Keys.chord(ENTER)): Keys 'ENTER + ' sent to object: 'Object Repository/Page_Create Next App/input_Add Category_input-group-1'

2566-09-05 17:07:26 - [MESSAGE][PASSED] - Keys 'ENTER + ' sent to object: 'Object Repository/Page_Create Next App/input_Add Category_input-group-1'

2566-09-05 17:07:26 - [TEST_STEP][PASSED] - setText(findTestObject("Object Repository/Page_Create Next App/input_Add Category_input-group-1"), "____"): Text '____' is set on object 'Object Repository/Page_Create Next App/input_Add Category_input-group-1'

2566-09-05 17:07:26 - [MESSAGE][PASSED] - Text '____' is set on object 'Object Repository/Page_Create Next App/input_Add Category_input-group-1'

2566-09-05 17:07:26 - [TEST_STEP][PASSED] - sendKeys(findTestObject("Object Repository/Page_Create Next App/input_Add Category_input-group-1"), Keys.chord(ENTER)): Keys 'ENTER + ' sent to object: 'Object Repository/Page_Create Next App/input_Add Category_input-group-1'

2566-09-05 17:07:27 - [MESSAGE][PASSED] - Keys 'ENTER + ' sent to object: 'Object Repository/Page_Create Next App/input_Add Category_input-group-1'

2566-09-05 17:07:27 - [TEST_STEP][PASSED] - setText(findTestObject("Object Repository/Page_Create Next App/input_Add Category_input-group-1"), "===="): Text '====' is set on object 'Object Repository/Page_Create Next App/input_Add Category_input-group-1'

2566-09-05 17:07:28 - [MESSAGE][PASSED] - Text '====' is set on object 'Object Repository/Page_Create Next App/input_Add Category_input-group-1'

2566-09-05 17:07:28 - [TEST_STEP][PASSED] - sendKeys(findTestObject("Object Repository/Page_Create Next App/input_Add Category_input-group-1"), Keys.chord(ENTER)): Keys 'ENTER + ' sent to object: 'Object Repository/Page_Create Next App/input_Add Category_input-group-1'

2566-09-05 17:07:28 - [MESSAGE][PASSED] - Keys 'ENTER + ' sent to object: 'Object Repository/Page_Create Next App/input_Add Category_input-group-1']]></system-out>
         <system-err><![CDATA[]]></system-err>
      </testcase>
      <system-out><![CDATA[2566-09-05 17:06:38 - [TEST_SUITE][PASSED] - test search supplier: Test Cases/Supplier/search supplier/ตรวจสอบฟังก์ชันการค้นหาเมื่อมีการใช้อักขระพิเศษในการค้นหา]]></system-out>
      <system-err><![CDATA[]]></system-err>
   </testsuite>
</testsuites>
