<?xml version="1.0" encoding="UTF-8"?>
<testsuites name="New Dynamic Test Suite" time="24.744" tests="1" failures="0" errors="0">
   <testsuite name="New Dynamic Test Suite" tests="1" failures="0" errors="0" time="24.744" skipped="0" timestamp="2023-08-30 09:17:02" hostname="NUC - NUC13Anhi7" id="Test Suites/New Dynamic Test Suite">
      <properties>
         <property name="deviceName" value=""/>
         <property name="devicePlatform" value=""/>
         <property name="logFolder" value="C:\\Users\\NUC\\git\\katalon\\Reports\\20230830_091649\\New Dynamic Test Suite\\20230830_091649"/>
         <property name="logFiles" value="C:\\Users\\NUC\\git\\katalon\\Reports\\20230830_091649\\New Dynamic Test Suite\\20230830_091649\\execution0.log"/>
         <property name="attachments" value=""/>
         <property name="hostName" value="NUC - NUC13Anhi7"/>
         <property name="os" value="Windows 11 64bit"/>
         <property name="katalonVersion" value="8.6.6.208"/>
         <property name="browser" value="Chrome 116.0.0.0"/>
         <property name="hostAddress" value="192.168.31.232"/>
         <property name="sessionId" value="8b05264d102789aecd09efc7cc790208"/>
         <property name="seleniumVersion" value="3.141.59"/>
         <property name="proxyInformation" value="ProxyInformation { proxyOption=NO_PROXY, proxyServerType=HTTP, username=, password=********, proxyServerAddress=, proxyServerPort=0, executionList=&quot;&quot;, isApplyToDesiredCapabilities=true }"/>
         <property name="platform" value="Windows 11"/>
      </properties>
      <testcase name="Test Cases/SPT-T120_test1" time="24.602" classname="Test Cases/SPT-T120_test1" status="PASSED">
         <system-out><![CDATA[2023-08-30 09:17:02 - [TEST_CASE][PASSED] - Test Cases/SPT-T120_test1: Test Cases/SPT-T120_test1

2023-08-30 09:17:02 - [TEST_STEP][PASSED] - openBrowser(""): Browser is opened with url: ''

2023-08-30 09:17:02 - [MESSAGE][INFO] - Starting 'Chrome' driver

2023-08-30 09:17:02 - [MESSAGE][INFO] - Action delay is set to 0 milliseconds

2023-08-30 09:17:04 - [MESSAGE][PASSED] - Browser is opened with url: ''

2023-08-30 09:17:04 - [TEST_STEP][PASSED] - navigateToUrl("https://katalon-demo-cura.herokuapp.com/"): Navigate to 'https://katalon-demo-cura.herokuapp.com/' successfully

2023-08-30 09:17:21 - [MESSAGE][PASSED] - Navigate to 'https://katalon-demo-cura.herokuapp.com/' successfully

2023-08-30 09:17:21 - [TEST_STEP][PASSED] - click(findTestObject("Object Repository/Page_CURA Healthcare Service/a_Make Appointment")): Object: 'Object Repository/Page_CURA Healthcare Service/a_Make Appointment' is clicked on

2023-08-30 09:17:23 - [MESSAGE][PASSED] - Object: 'Object Repository/Page_CURA Healthcare Service/a_Make Appointment' is clicked on

2023-08-30 09:17:23 - [TEST_STEP][PASSED] - setText(findTestObject("Object Repository/Page_CURA Healthcare Service/input_Username_username"), "111"): Text '111' is set on object 'Object Repository/Page_CURA Healthcare Service/input_Username_username'

2023-08-30 09:17:23 - [MESSAGE][PASSED] - Text '111' is set on object 'Object Repository/Page_CURA Healthcare Service/input_Username_username'

2023-08-30 09:17:23 - [TEST_STEP][PASSED] - click(findTestObject("Object Repository/Page_CURA Healthcare Service/button_Login")): Object: 'Object Repository/Page_CURA Healthcare Service/button_Login' is clicked on

2023-08-30 09:17:25 - [MESSAGE][PASSED] - Object: 'Object Repository/Page_CURA Healthcare Service/button_Login' is clicked on

2023-08-30 09:17:25 - [TEST_STEP][PASSED] - Start listener action : sampleAfterTestCase: Send request successfully

2023-08-30 09:17:25 - [TEST_STEP][PASSED] - testCase = findTestCase(testCaseContext.getTestCaseId()): null

2023-08-30 09:17:25 - [TEST_STEP][PASSED] - g_ZS_TestCaseKey = getName().split("_")[0]: null

2023-08-30 09:17:25 - [TEST_STEP][PASSED] - if (testCaseContext.getTestCaseStatus() == "PASSED"): null

2023-08-30 09:17:25 - [TEST_STEP][PASSED] - sendRequest(findTestObject("Create Execution")): Send request successfully

2023-08-30 09:17:27 - [MESSAGE][INFO] - HAR: C:\Users\NUC\git\katalon\Reports\20230830_091649\New Dynamic Test Suite\20230830_091649\requests\main\0.har

2023-08-30 09:17:27 - [MESSAGE][PASSED] - Send request successfully]]></system-out>
         <system-err><![CDATA[]]></system-err>
      </testcase>
      <system-out><![CDATA[2023-08-30 09:17:02 - [TEST_SUITE][PASSED] - New Dynamic Test Suite: Test Cases/SPT-T120_test1]]></system-out>
      <system-err><![CDATA[]]></system-err>
   </testsuite>
</testsuites>
