<?xml version="1.0" encoding="UTF-8"?>
<testsuites name="test search supplier" time="183.883" tests="8" failures="0" errors="0">
   <testsuite name="test search supplier" tests="8" failures="0" errors="0" time="183.883" skipped="0" timestamp="2566-09-08 10:06:24" hostname="USER - DESKTOP-67R9BDO" id="Test Suites/test search supplier">
      <properties>
         <property name="deviceName" value=""/>
         <property name="devicePlatform" value=""/>
         <property name="logFolder" value="C:\\Users\\USER\\git\\katalon\\Reports\\25660908_100615\\test search supplier\\25660908_100615"/>
         <property name="logFiles" value="C:\\Users\\USER\\git\\katalon\\Reports\\25660908_100615\\test search supplier\\25660908_100615\\execution0.log"/>
         <property name="attachments" value=""/>
         <property name="hostName" value="USER - DESKTOP-67R9BDO"/>
         <property name="os" value="Windows 11 64bit"/>
         <property name="katalonVersion" value="8.6.6.208"/>
         <property name="browser" value="Chrome 116.0.0.0"/>
         <property name="hostAddress" value="192.168.31.5"/>
         <property name="sessionId" value="32feb4f967ae9b7efbf627c8f2c2bb0c"/>
         <property name="seleniumVersion" value="3.141.59"/>
         <property name="proxyInformation" value="ProxyInformation { proxyOption=NO_PROXY, proxyServerType=HTTP, username=, password=********, proxyServerAddress=, proxyServerPort=0, executionList=&quot;&quot;, isApplyToDesiredCapabilities=true }"/>
         <property name="platform" value="Windows 11"/>
      </properties>
      <testcase name="Test Cases/TEST LOGIN toey" time="5.437" classname="Test Cases/TEST LOGIN toey" status="PASSED">
         <system-out><![CDATA[2566-09-08 10:06:24 - [TEST_CASE][PASSED] - Test Cases/TEST LOGIN toey: Test Cases/TEST LOGIN toey

2566-09-08 10:06:24 - [TEST_STEP][PASSED] - openBrowser(""): Browser is opened with url: ''

2566-09-08 10:06:25 - [MESSAGE][INFO] - Starting 'Chrome' driver

2566-09-08 10:06:25 - [MESSAGE][INFO] - Action delay is set to 0 milliseconds

2566-09-08 10:06:27 - [MESSAGE][PASSED] - Browser is opened with url: ''

2566-09-08 10:06:27 - [TEST_STEP][PASSED] - navigateToUrl("https://pos-frontend-toey-gumbjqoyzq-as.a.run.app"): Navigate to 'https://pos-frontend-toey-gumbjqoyzq-as.a.run.app' successfully

2566-09-08 10:06:27 - [MESSAGE][PASSED] - Navigate to 'https://pos-frontend-toey-gumbjqoyzq-as.a.run.app' successfully

2566-09-08 10:06:27 - [TEST_STEP][PASSED] - setText(findTestObject("Object Repository/Page_Sign In/input_Username_username"), "admin"): Text 'admin' is set on object 'Object Repository/Page_Sign In/input_Username_username'

2566-09-08 10:06:28 - [MESSAGE][PASSED] - Text 'admin' is set on object 'Object Repository/Page_Sign In/input_Username_username'

2566-09-08 10:06:28 - [TEST_STEP][PASSED] - setEncryptedText(findTestObject("Object Repository/Page_Sign In/input_Password_password"), "aeHFOx8jV/A="): Text ****** has been set on object 'Object Repository/Page_Sign In/input_Password_password'

2566-09-08 10:06:29 - [MESSAGE][PASSED] - Text ****** has been set on object 'Object Repository/Page_Sign In/input_Password_password'

2566-09-08 10:06:29 - [TEST_STEP][PASSED] - click(findTestObject("Object Repository/Page_Sign In/button_Sign in with Credentials")): Object: 'Object Repository/Page_Sign In/button_Sign in with Credentials' is clicked on

2566-09-08 10:06:30 - [MESSAGE][PASSED] - Object: 'Object Repository/Page_Sign In/button_Sign in with Credentials' is clicked on]]></system-out>
         <system-err><![CDATA[]]></system-err>
      </testcase>
      <testcase name="Test Cases/Supplier/search supplier/กดเปลี่ยนหน้าไปที่ supplier" time="32.701" classname="Test Cases/Supplier/search supplier/กดเปลี่ยนหน้าไปที่ supplier" status="PASSED">
         <system-out><![CDATA[2566-09-08 10:06:30 - [TEST_CASE][PASSED] - Test Cases/Supplier/search supplier/กดเปลี่ยนหน้าไปที่ supplier: Test Cases/Supplier/search supplier/กดเปลี่ยนหน้าไปที่ supplier

2566-09-08 10:06:30 - [TEST_STEP][PASSED] - navigateToUrl("https://pos-frontend-toey-gumbjqoyzq-as.a.run.app/supplier"): Navigate to 'https://pos-frontend-toey-gumbjqoyzq-as.a.run.app/supplier' successfully

2566-09-08 10:06:30 - [MESSAGE][PASSED] - Navigate to 'https://pos-frontend-toey-gumbjqoyzq-as.a.run.app/supplier' successfully

2566-09-08 10:06:30 - [TEST_STEP][PASSED] - click(findTestObject("Object Repository/Page_Sign In/button_Sign in with Credentials")): Object: 'Object Repository/Page_Sign In/button_Sign in with Credentials' is clicked on

2566-09-08 10:07:01 - [MESSAGE][INFO] - Unable to find the element located by 'By.xpath: //button[@type='submit']'. Please recheck the objects properties to make sure the desired element is located. 

2566-09-08 10:07:01 - [MESSAGE][WARNING] - [SELF-HEALING] Failed to find element with id 'Object Repository/Page_Sign In/button_Sign in with Credentials'. Try using Self-healing.

2566-09-08 10:07:02 - [MESSAGE][WARNING] - [SELF-HEALING] The current locator of test object 'Object Repository/Page_Sign In/button_Sign in with Credentials' was broken. Propose an alternative one: '//button'.

2566-09-08 10:07:02 - [MESSAGE][PASSED] - Object: 'Object Repository/Page_Sign In/button_Sign in with Credentials' is clicked on

2566-09-08 10:07:02 - [TEST_STEP][PASSED] - click(findTestObject("Object Repository/Page_Create Next App/span_Supplier")): Object: 'Object Repository/Page_Create Next App/span_Supplier' is clicked on

2566-09-08 10:07:02 - [MESSAGE][PASSED] - Object: 'Object Repository/Page_Create Next App/span_Supplier' is clicked on]]></system-out>
         <system-err><![CDATA[]]></system-err>
      </testcase>
      <testcase name="Test Cases/Supplier/search supplier/ตรวจสอบฟังก์ชันการค้นหาเมื่อมีการค้นหาค่าว่าง" time="65.694" classname="Test Cases/Supplier/search supplier/ตรวจสอบฟังก์ชันการค้นหาเมื่อมีการค้นหาค่าว่าง" status="PASSED">
         <system-out><![CDATA[2566-09-08 10:07:02 - [TEST_CASE][PASSED] - Test Cases/Supplier/search supplier/ตรวจสอบฟังก์ชันการค้นหาเมื่อมีการค้นหาค่าว่าง: Test Cases/Supplier/search supplier/ตรวจสอบฟังก์ชันการค้นหาเมื่อมีการค้นหาค่าว่าง

2566-09-08 10:07:03 - [TEST_STEP][PASSED] - navigateToUrl("https://pos-frontend-toey-gumbjqoyzq-as.a.run.app/supplier"): Navigate to 'https://pos-frontend-toey-gumbjqoyzq-as.a.run.app/supplier' successfully

2566-09-08 10:07:03 - [MESSAGE][PASSED] - Navigate to 'https://pos-frontend-toey-gumbjqoyzq-as.a.run.app/supplier' successfully

2566-09-08 10:07:03 - [TEST_STEP][PASSED] - click(findTestObject("Object Repository/Page_Create Next App/input_Add Category_input-group-1")): Object: 'Object Repository/Page_Create Next App/input_Add Category_input-group-1' is clicked on

2566-09-08 10:07:03 - [MESSAGE][PASSED] - Object: 'Object Repository/Page_Create Next App/input_Add Category_input-group-1' is clicked on

2566-09-08 10:07:03 - [TEST_STEP][PASSED] - click(findTestObject("Object Repository/Page_Create Next App/div_Add Category_flex flex-initial justify-_a9ff94")): Object: 'Object Repository/Page_Create Next App/div_Add Category_flex flex-initial justify-_a9ff94' is clicked on

2566-09-08 10:07:35 - [MESSAGE][INFO] - Unable to find the element located by 'By.xpath: //div[@id='headlessui-tabs-panel-:r3:']/div/div'. Please recheck the objects properties to make sure the desired element is located. 

2566-09-08 10:07:35 - [MESSAGE][WARNING] - [SELF-HEALING] Failed to find element with id 'Object Repository/Page_Create Next App/div_Add Category_flex flex-initial justify-_a9ff94'. Try using Self-healing.

2566-09-08 10:07:35 - [MESSAGE][INFO] - [SELF-HEALING] Failed Locator: '//div[@id='headlessui-tabs-panel-:r3:']/div/div'.

2566-09-08 10:07:35 - [MESSAGE][INFO] - [SELF-HEALING] Working Locator: '(.//*[normalize-space(text()) and normalize-space(.)='Add Supplier'])[1]/following::div[5]'.

2566-09-08 10:07:36 - [MESSAGE][INFO] - [SELF-HEALING] Screenshot: C:/Users/USER/git/katalon/Reports/Self-healing/Object Repository/Page_Create Next App/div_Add Category_flex flex-initial justify-_a9ff94_neighbor.png

2566-09-08 10:07:36 - [MESSAGE][WARNING] - [SELF-HEALING] The current locator of test object 'Object Repository/Page_Create Next App/div_Add Category_flex flex-initial justify-_a9ff94' was broken. Propose an alternative one: '(.//*[normalize-space(text()) and normalize-space(.)='Add Supplier'])[1]/following::div[5]'.

2566-09-08 10:07:36 - [MESSAGE][PASSED] - Object: 'Object Repository/Page_Create Next App/div_Add Category_flex flex-initial justify-_a9ff94' is clicked on

2566-09-08 10:07:36 - [TEST_STEP][PASSED] - click(findTestObject("Object Repository/Page_Create Next App/div_Add Category_flex flex-initial justify-_a9ff94")): Object: 'Object Repository/Page_Create Next App/div_Add Category_flex flex-initial justify-_a9ff94' is clicked on

2566-09-08 10:08:07 - [MESSAGE][INFO] - Unable to find the element located by 'By.xpath: //div[@id='headlessui-tabs-panel-:r3:']/div/div'. Please recheck the objects properties to make sure the desired element is located. 

2566-09-08 10:08:07 - [MESSAGE][WARNING] - [SELF-HEALING] Failed to find element with id 'Object Repository/Page_Create Next App/div_Add Category_flex flex-initial justify-_a9ff94'. Try using Self-healing.

2566-09-08 10:08:07 - [MESSAGE][WARNING] - [SELF-HEALING] The current locator of test object 'Object Repository/Page_Create Next App/div_Add Category_flex flex-initial justify-_a9ff94' was broken. Propose an alternative one: '(.//*[normalize-space(text()) and normalize-space(.)='Add Supplier'])[1]/following::div[5]'.

2566-09-08 10:08:07 - [MESSAGE][PASSED] - Object: 'Object Repository/Page_Create Next App/div_Add Category_flex flex-initial justify-_a9ff94' is clicked on

2566-09-08 10:08:07 - [TEST_STEP][PASSED] - click(findTestObject("Object Repository/Page_Create Next App/input_Add Category_input-group-1")): Object: 'Object Repository/Page_Create Next App/input_Add Category_input-group-1' is clicked on

2566-09-08 10:08:08 - [MESSAGE][PASSED] - Object: 'Object Repository/Page_Create Next App/input_Add Category_input-group-1' is clicked on

2566-09-08 10:08:08 - [TEST_STEP][PASSED] - click(findTestObject("Object Repository/Page_Create Next App/input_Add Category_input-group-1")): Object: 'Object Repository/Page_Create Next App/input_Add Category_input-group-1' is clicked on

2566-09-08 10:08:08 - [MESSAGE][PASSED] - Object: 'Object Repository/Page_Create Next App/input_Add Category_input-group-1' is clicked on]]></system-out>
         <system-err><![CDATA[]]></system-err>
      </testcase>
      <testcase name="Test Cases/Supplier/search supplier/ตรวจสอบการค้นหาโดยมีการป้อนข้อมูลที่ถูกต้อง" time="10.626" classname="Test Cases/Supplier/search supplier/ตรวจสอบการค้นหาโดยมีการป้อนข้อมูลที่ถูกต้อง" status="PASSED">
         <system-out><![CDATA[2566-09-08 10:08:08 - [TEST_CASE][PASSED] - Test Cases/Supplier/search supplier/ตรวจสอบการค้นหาโดยมีการป้อนข้อมูลที่ถูกต้อง: Test Cases/Supplier/search supplier/ตรวจสอบการค้นหาโดยมีการป้อนข้อมูลที่ถูกต้อง

2566-09-08 10:08:08 - [TEST_STEP][PASSED] - navigateToUrl("https://pos-frontend-toey-gumbjqoyzq-as.a.run.app/supplier"): Navigate to 'https://pos-frontend-toey-gumbjqoyzq-as.a.run.app/supplier' successfully

2566-09-08 10:08:08 - [MESSAGE][PASSED] - Navigate to 'https://pos-frontend-toey-gumbjqoyzq-as.a.run.app/supplier' successfully

2566-09-08 10:08:08 - [TEST_STEP][PASSED] - setText(findTestObject("Object Repository/Page_Create Next App/input_Add Category_input-group-1"), "a1"): Text 'a1' is set on object 'Object Repository/Page_Create Next App/input_Add Category_input-group-1'

2566-09-08 10:08:10 - [MESSAGE][PASSED] - Text 'a1' is set on object 'Object Repository/Page_Create Next App/input_Add Category_input-group-1'

2566-09-08 10:08:10 - [TEST_STEP][PASSED] - sendKeys(findTestObject("Object Repository/Page_Create Next App/input_Add Category_input-group-1"), Keys.chord(ENTER)): Keys 'ENTER + ' sent to object: 'Object Repository/Page_Create Next App/input_Add Category_input-group-1'

2566-09-08 10:08:11 - [MESSAGE][PASSED] - Keys 'ENTER + ' sent to object: 'Object Repository/Page_Create Next App/input_Add Category_input-group-1'

2566-09-08 10:08:11 - [TEST_STEP][PASSED] - setText(findTestObject("Object Repository/Page_Create Next App/input_Add Category_input-group-1"), "a2"): Text 'a2' is set on object 'Object Repository/Page_Create Next App/input_Add Category_input-group-1'

2566-09-08 10:08:11 - [MESSAGE][PASSED] - Text 'a2' is set on object 'Object Repository/Page_Create Next App/input_Add Category_input-group-1'

2566-09-08 10:08:11 - [TEST_STEP][PASSED] - sendKeys(findTestObject("Object Repository/Page_Create Next App/input_Add Category_input-group-1"), Keys.chord(ENTER)): Keys 'ENTER + ' sent to object: 'Object Repository/Page_Create Next App/input_Add Category_input-group-1'

2566-09-08 10:08:12 - [MESSAGE][PASSED] - Keys 'ENTER + ' sent to object: 'Object Repository/Page_Create Next App/input_Add Category_input-group-1'

2566-09-08 10:08:12 - [TEST_STEP][PASSED] - setText(findTestObject("Object Repository/Page_Create Next App/input_Add Category_input-group-1"), "scg"): Text 'scg' is set on object 'Object Repository/Page_Create Next App/input_Add Category_input-group-1'

2566-09-08 10:08:13 - [MESSAGE][PASSED] - Text 'scg' is set on object 'Object Repository/Page_Create Next App/input_Add Category_input-group-1'

2566-09-08 10:08:13 - [TEST_STEP][PASSED] - sendKeys(findTestObject("Object Repository/Page_Create Next App/input_Add Category_input-group-1"), Keys.chord(ENTER)): Keys 'ENTER + ' sent to object: 'Object Repository/Page_Create Next App/input_Add Category_input-group-1'

2566-09-08 10:08:13 - [MESSAGE][PASSED] - Keys 'ENTER + ' sent to object: 'Object Repository/Page_Create Next App/input_Add Category_input-group-1'

2566-09-08 10:08:13 - [TEST_STEP][PASSED] - setText(findTestObject("Object Repository/Page_Create Next App/input_Add Category_input-group-1"), "scb"): Text 'scb' is set on object 'Object Repository/Page_Create Next App/input_Add Category_input-group-1'

2566-09-08 10:08:14 - [MESSAGE][PASSED] - Text 'scb' is set on object 'Object Repository/Page_Create Next App/input_Add Category_input-group-1'

2566-09-08 10:08:14 - [TEST_STEP][PASSED] - sendKeys(findTestObject("Object Repository/Page_Create Next App/input_Add Category_input-group-1"), Keys.chord(ENTER)): Keys 'ENTER + ' sent to object: 'Object Repository/Page_Create Next App/input_Add Category_input-group-1'

2566-09-08 10:08:14 - [MESSAGE][PASSED] - Keys 'ENTER + ' sent to object: 'Object Repository/Page_Create Next App/input_Add Category_input-group-1'

2566-09-08 10:08:14 - [TEST_STEP][PASSED] - setText(findTestObject("Object Repository/Page_Create Next App/input_Add Category_input-group-1"), "toey"): Text 'toey' is set on object 'Object Repository/Page_Create Next App/input_Add Category_input-group-1'

2566-09-08 10:08:15 - [MESSAGE][PASSED] - Text 'toey' is set on object 'Object Repository/Page_Create Next App/input_Add Category_input-group-1'

2566-09-08 10:08:15 - [TEST_STEP][PASSED] - sendKeys(findTestObject("Object Repository/Page_Create Next App/input_Add Category_input-group-1"), Keys.chord(ENTER)): Keys 'ENTER + ' sent to object: 'Object Repository/Page_Create Next App/input_Add Category_input-group-1'

2566-09-08 10:08:15 - [MESSAGE][PASSED] - Keys 'ENTER + ' sent to object: 'Object Repository/Page_Create Next App/input_Add Category_input-group-1'

2566-09-08 10:08:15 - [TEST_STEP][PASSED] - setText(findTestObject("Object Repository/Page_Create Next App/input_Add Category_input-group-1"), "chathai"): Text 'chathai' is set on object 'Object Repository/Page_Create Next App/input_Add Category_input-group-1'

2566-09-08 10:08:16 - [MESSAGE][PASSED] - Text 'chathai' is set on object 'Object Repository/Page_Create Next App/input_Add Category_input-group-1'

2566-09-08 10:08:16 - [TEST_STEP][PASSED] - sendKeys(findTestObject("Object Repository/Page_Create Next App/input_Add Category_input-group-1"), Keys.chord(ENTER)): Keys 'ENTER + ' sent to object: 'Object Repository/Page_Create Next App/input_Add Category_input-group-1'

2566-09-08 10:08:17 - [MESSAGE][PASSED] - Keys 'ENTER + ' sent to object: 'Object Repository/Page_Create Next App/input_Add Category_input-group-1'

2566-09-08 10:08:17 - [TEST_STEP][PASSED] - setText(findTestObject("Object Repository/Page_Create Next App/input_Add Category_input-group-1"), "KFC01"): Text 'KFC01' is set on object 'Object Repository/Page_Create Next App/input_Add Category_input-group-1'

2566-09-08 10:08:17 - [MESSAGE][PASSED] - Text 'KFC01' is set on object 'Object Repository/Page_Create Next App/input_Add Category_input-group-1'

2566-09-08 10:08:17 - [TEST_STEP][PASSED] - sendKeys(findTestObject("Object Repository/Page_Create Next App/input_Add Category_input-group-1"), Keys.chord(ENTER)): Keys 'ENTER + ' sent to object: 'Object Repository/Page_Create Next App/input_Add Category_input-group-1'

2566-09-08 10:08:18 - [MESSAGE][PASSED] - Keys 'ENTER + ' sent to object: 'Object Repository/Page_Create Next App/input_Add Category_input-group-1'

2566-09-08 10:08:18 - [TEST_STEP][PASSED] - setText(findTestObject("Object Repository/Page_Create Next App/input_Add Category_input-group-1"), ""): Text '' is set on object 'Object Repository/Page_Create Next App/input_Add Category_input-group-1'

2566-09-08 10:08:19 - [MESSAGE][PASSED] - Text '' is set on object 'Object Repository/Page_Create Next App/input_Add Category_input-group-1']]></system-out>
         <system-err><![CDATA[]]></system-err>
      </testcase>
      <testcase name="Test Cases/Supplier/search supplier/ตรวจสอบการค้นหาโดยการใช้ keyword ในการค้นหาและกด enter" time="9.413" classname="Test Cases/Supplier/search supplier/ตรวจสอบการค้นหาโดยการใช้ keyword ในการค้นหาและกด enter" status="PASSED">
         <system-out><![CDATA[2566-09-08 10:08:19 - [TEST_CASE][PASSED] - Test Cases/Supplier/search supplier/ตรวจสอบการค้นหาโดยการใช้ keyword ในการค้นหาและกด enter: Test Cases/Supplier/search supplier/ตรวจสอบการค้นหาโดยการใช้ keyword ในการค้นหาและกด enter

2566-09-08 10:08:19 - [TEST_STEP][PASSED] - navigateToUrl("https://pos-frontend-toey-gumbjqoyzq-as.a.run.app/supplier"): Navigate to 'https://pos-frontend-toey-gumbjqoyzq-as.a.run.app/supplier' successfully

2566-09-08 10:08:19 - [MESSAGE][PASSED] - Navigate to 'https://pos-frontend-toey-gumbjqoyzq-as.a.run.app/supplier' successfully

2566-09-08 10:08:19 - [TEST_STEP][PASSED] - setText(findTestObject("Object Repository/Page_Create Next App/input_Add Category_input-group-1"), "c"): Text 'c' is set on object 'Object Repository/Page_Create Next App/input_Add Category_input-group-1'

2566-09-08 10:08:20 - [MESSAGE][PASSED] - Text 'c' is set on object 'Object Repository/Page_Create Next App/input_Add Category_input-group-1'

2566-09-08 10:08:20 - [TEST_STEP][PASSED] - sendKeys(findTestObject("Object Repository/Page_Create Next App/input_Add Category_input-group-1"), Keys.chord(ENTER)): Keys 'ENTER + ' sent to object: 'Object Repository/Page_Create Next App/input_Add Category_input-group-1'

2566-09-08 10:08:21 - [MESSAGE][PASSED] - Keys 'ENTER + ' sent to object: 'Object Repository/Page_Create Next App/input_Add Category_input-group-1'

2566-09-08 10:08:21 - [TEST_STEP][PASSED] - setText(findTestObject("Object Repository/Page_Create Next App/input_Add Category_input-group-1"), "oe"): Text 'oe' is set on object 'Object Repository/Page_Create Next App/input_Add Category_input-group-1'

2566-09-08 10:08:21 - [MESSAGE][PASSED] - Text 'oe' is set on object 'Object Repository/Page_Create Next App/input_Add Category_input-group-1'

2566-09-08 10:08:21 - [TEST_STEP][PASSED] - sendKeys(findTestObject("Object Repository/Page_Create Next App/input_Add Category_input-group-1"), Keys.chord(ENTER)): Keys 'ENTER + ' sent to object: 'Object Repository/Page_Create Next App/input_Add Category_input-group-1'

2566-09-08 10:08:22 - [MESSAGE][PASSED] - Keys 'ENTER + ' sent to object: 'Object Repository/Page_Create Next App/input_Add Category_input-group-1'

2566-09-08 10:08:22 - [TEST_STEP][PASSED] - setText(findTestObject("Object Repository/Page_Create Next App/input_Add Category_input-group-1"), "cb"): Text 'cb' is set on object 'Object Repository/Page_Create Next App/input_Add Category_input-group-1'

2566-09-08 10:08:22 - [MESSAGE][PASSED] - Text 'cb' is set on object 'Object Repository/Page_Create Next App/input_Add Category_input-group-1'

2566-09-08 10:08:22 - [TEST_STEP][PASSED] - sendKeys(findTestObject("Object Repository/Page_Create Next App/input_Add Category_input-group-1"), Keys.chord(ENTER)): Keys 'ENTER + ' sent to object: 'Object Repository/Page_Create Next App/input_Add Category_input-group-1'

2566-09-08 10:08:23 - [MESSAGE][PASSED] - Keys 'ENTER + ' sent to object: 'Object Repository/Page_Create Next App/input_Add Category_input-group-1'

2566-09-08 10:08:23 - [TEST_STEP][PASSED] - setText(findTestObject("Object Repository/Page_Create Next App/input_Add Category_input-group-1"), "cb"): Text 'cb' is set on object 'Object Repository/Page_Create Next App/input_Add Category_input-group-1'

2566-09-08 10:08:24 - [MESSAGE][PASSED] - Text 'cb' is set on object 'Object Repository/Page_Create Next App/input_Add Category_input-group-1'

2566-09-08 10:08:24 - [TEST_STEP][PASSED] - sendKeys(findTestObject("Object Repository/Page_Create Next App/input_Add Category_input-group-1"), Keys.chord(ENTER)): Keys 'ENTER + ' sent to object: 'Object Repository/Page_Create Next App/input_Add Category_input-group-1'

2566-09-08 10:08:24 - [MESSAGE][PASSED] - Keys 'ENTER + ' sent to object: 'Object Repository/Page_Create Next App/input_Add Category_input-group-1'

2566-09-08 10:08:24 - [TEST_STEP][PASSED] - setText(findTestObject("Object Repository/Page_Create Next App/input_Add Category_input-group-1"), "b"): Text 'b' is set on object 'Object Repository/Page_Create Next App/input_Add Category_input-group-1'

2566-09-08 10:08:25 - [MESSAGE][PASSED] - Text 'b' is set on object 'Object Repository/Page_Create Next App/input_Add Category_input-group-1'

2566-09-08 10:08:25 - [TEST_STEP][PASSED] - sendKeys(findTestObject("Object Repository/Page_Create Next App/input_Add Category_input-group-1"), Keys.chord(ENTER)): Keys 'ENTER + ' sent to object: 'Object Repository/Page_Create Next App/input_Add Category_input-group-1'

2566-09-08 10:08:26 - [MESSAGE][PASSED] - Keys 'ENTER + ' sent to object: 'Object Repository/Page_Create Next App/input_Add Category_input-group-1'

2566-09-08 10:08:26 - [TEST_STEP][PASSED] - setText(findTestObject("Object Repository/Page_Create Next App/input_Add Category_input-group-1"), "3"): Text '3' is set on object 'Object Repository/Page_Create Next App/input_Add Category_input-group-1'

2566-09-08 10:08:26 - [MESSAGE][PASSED] - Text '3' is set on object 'Object Repository/Page_Create Next App/input_Add Category_input-group-1'

2566-09-08 10:08:26 - [TEST_STEP][PASSED] - sendKeys(findTestObject("Object Repository/Page_Create Next App/input_Add Category_input-group-1"), Keys.chord(ENTER)): Keys 'ENTER + ' sent to object: 'Object Repository/Page_Create Next App/input_Add Category_input-group-1'

2566-09-08 10:08:27 - [MESSAGE][PASSED] - Keys 'ENTER + ' sent to object: 'Object Repository/Page_Create Next App/input_Add Category_input-group-1'

2566-09-08 10:08:27 - [TEST_STEP][PASSED] - setText(findTestObject("Object Repository/Page_Create Next App/input_Add Category_input-group-1"), "01"): Text '01' is set on object 'Object Repository/Page_Create Next App/input_Add Category_input-group-1'

2566-09-08 10:08:27 - [MESSAGE][PASSED] - Text '01' is set on object 'Object Repository/Page_Create Next App/input_Add Category_input-group-1'

2566-09-08 10:08:27 - [TEST_STEP][PASSED] - sendKeys(findTestObject("Object Repository/Page_Create Next App/input_Add Category_input-group-1"), Keys.chord(ENTER)): Keys 'ENTER + ' sent to object: 'Object Repository/Page_Create Next App/input_Add Category_input-group-1'

2566-09-08 10:08:28 - [MESSAGE][PASSED] - Keys 'ENTER + ' sent to object: 'Object Repository/Page_Create Next App/input_Add Category_input-group-1']]></system-out>
         <system-err><![CDATA[]]></system-err>
      </testcase>
      <testcase name="Test Cases/Supplier/search supplier/ตรวจสอบว่าสามารถ copy ข้อมูลมาวางได้หรือไม่" time="43.196" classname="Test Cases/Supplier/search supplier/ตรวจสอบว่าสามารถ copy ข้อมูลมาวางได้หรือไม่" status="PASSED">
         <system-out><![CDATA[2566-09-08 10:08:28 - [TEST_CASE][PASSED] - Test Cases/Supplier/search supplier/ตรวจสอบว่าสามารถ copy ข้อมูลมาวางได้หรือไม่: Test Cases/Supplier/search supplier/ตรวจสอบว่าสามารถ copy ข้อมูลมาวางได้หรือไม่

2566-09-08 10:08:28 - [TEST_STEP][PASSED] - navigateToUrl("https://pos-frontend-toey-gumbjqoyzq-as.a.run.app/supplier"): Navigate to 'https://pos-frontend-toey-gumbjqoyzq-as.a.run.app/supplier' successfully

2566-09-08 10:08:28 - [MESSAGE][PASSED] - Navigate to 'https://pos-frontend-toey-gumbjqoyzq-as.a.run.app/supplier' successfully

2566-09-08 10:08:28 - [TEST_STEP][PASSED] - setText(findTestObject("Object Repository/Page_Create Next App/input_Add Category_input-group-1"), "toey"): Text 'toey' is set on object 'Object Repository/Page_Create Next App/input_Add Category_input-group-1'

2566-09-08 10:08:30 - [MESSAGE][PASSED] - Text 'toey' is set on object 'Object Repository/Page_Create Next App/input_Add Category_input-group-1'

2566-09-08 10:08:30 - [TEST_STEP][PASSED] - click(findTestObject("Object Repository/Page_Create Next App/input_Add Category_input-group-1")): Object: 'Object Repository/Page_Create Next App/input_Add Category_input-group-1' is clicked on

2566-09-08 10:08:30 - [MESSAGE][PASSED] - Object: 'Object Repository/Page_Create Next App/input_Add Category_input-group-1' is clicked on

2566-09-08 10:08:30 - [TEST_STEP][PASSED] - click(findTestObject("Object Repository/Page_Create Next App/div_Supplier CodeSupplier NameGroup Supplie_2214d4")): Object: 'Object Repository/Page_Create Next App/div_Supplier CodeSupplier NameGroup Supplie_2214d4' is clicked on

2566-09-08 10:09:01 - [MESSAGE][INFO] - Unable to find the element located by 'By.xpath: //div[@id='headlessui-tabs-panel-:r3:']'. Please recheck the objects properties to make sure the desired element is located. 

2566-09-08 10:09:01 - [MESSAGE][WARNING] - [SELF-HEALING] Failed to find element with id 'Object Repository/Page_Create Next App/div_Supplier CodeSupplier NameGroup Supplie_2214d4'. Try using Self-healing.

2566-09-08 10:09:02 - [MESSAGE][INFO] - [SELF-HEALING] Failed Locator: '//div[@id='headlessui-tabs-panel-:r3:']'.

2566-09-08 10:09:02 - [MESSAGE][INFO] - [SELF-HEALING] Working Locator: '(.//*[normalize-space(text()) and normalize-space(.)='Add Supplier'])[1]/following::div[3]'.

2566-09-08 10:09:02 - [MESSAGE][INFO] - [SELF-HEALING] Screenshot: C:/Users/USER/git/katalon/Reports/Self-healing/Object Repository/Page_Create Next App/div_Supplier CodeSupplier NameGroup Supplie_2214d4_neighbor.png

2566-09-08 10:09:02 - [MESSAGE][WARNING] - [SELF-HEALING] The current locator of test object 'Object Repository/Page_Create Next App/div_Supplier CodeSupplier NameGroup Supplie_2214d4' was broken. Propose an alternative one: '(.//*[normalize-space(text()) and normalize-space(.)='Add Supplier'])[1]/following::div[3]'.

2566-09-08 10:09:02 - [MESSAGE][PASSED] - Object: 'Object Repository/Page_Create Next App/div_Supplier CodeSupplier NameGroup Supplie_2214d4' is clicked on

2566-09-08 10:09:02 - [TEST_STEP][PASSED] - setText(findTestObject("Object Repository/Page_Create Next App/input_Add Category_input-group-1"), "a3"): Text 'a3' is set on object 'Object Repository/Page_Create Next App/input_Add Category_input-group-1'

2566-09-08 10:09:03 - [MESSAGE][PASSED] - Text 'a3' is set on object 'Object Repository/Page_Create Next App/input_Add Category_input-group-1'

2566-09-08 10:09:03 - [TEST_STEP][PASSED] - sendKeys(findTestObject("Object Repository/Page_Create Next App/input_Add Category_input-group-1"), Keys.chord(ENTER)): Keys 'ENTER + ' sent to object: 'Object Repository/Page_Create Next App/input_Add Category_input-group-1'

2566-09-08 10:09:03 - [MESSAGE][PASSED] - Keys 'ENTER + ' sent to object: 'Object Repository/Page_Create Next App/input_Add Category_input-group-1'

2566-09-08 10:09:03 - [TEST_STEP][PASSED] - doubleClick(findTestObject("Object Repository/Page_Create Next App/input_Add Category_input-group-1")): Object: 'Object Repository/Page_Create Next App/input_Add Category_input-group-1' is double clicked on

2566-09-08 10:09:04 - [MESSAGE][PASSED] - Object: 'Object Repository/Page_Create Next App/input_Add Category_input-group-1' is double clicked on

2566-09-08 10:09:04 - [TEST_STEP][PASSED] - setText(findTestObject("Object Repository/Page_Create Next App/input_Add Category_input-group-1"), "a1"): Text 'a1' is set on object 'Object Repository/Page_Create Next App/input_Add Category_input-group-1'

2566-09-08 10:09:05 - [MESSAGE][PASSED] - Text 'a1' is set on object 'Object Repository/Page_Create Next App/input_Add Category_input-group-1'

2566-09-08 10:09:05 - [TEST_STEP][PASSED] - sendKeys(findTestObject("Object Repository/Page_Create Next App/input_Add Category_input-group-1"), Keys.chord(ENTER)): Keys 'ENTER + ' sent to object: 'Object Repository/Page_Create Next App/input_Add Category_input-group-1'

2566-09-08 10:09:05 - [MESSAGE][PASSED] - Keys 'ENTER + ' sent to object: 'Object Repository/Page_Create Next App/input_Add Category_input-group-1'

2566-09-08 10:09:05 - [TEST_STEP][PASSED] - doubleClick(findTestObject("Object Repository/Page_Create Next App/input_Add Category_input-group-1")): Object: 'Object Repository/Page_Create Next App/input_Add Category_input-group-1' is double clicked on

2566-09-08 10:09:06 - [MESSAGE][PASSED] - Object: 'Object Repository/Page_Create Next App/input_Add Category_input-group-1' is double clicked on

2566-09-08 10:09:06 - [TEST_STEP][PASSED] - setText(findTestObject("Object Repository/Page_Create Next App/input_Add Category_input-group-1"), "3214567898798789789"): Text '3214567898798789789' is set on object 'Object Repository/Page_Create Next App/input_Add Category_input-group-1'

2566-09-08 10:09:07 - [MESSAGE][PASSED] - Text '3214567898798789789' is set on object 'Object Repository/Page_Create Next App/input_Add Category_input-group-1'

2566-09-08 10:09:07 - [TEST_STEP][PASSED] - sendKeys(findTestObject("Object Repository/Page_Create Next App/input_Add Category_input-group-1"), Keys.chord(ENTER)): Keys 'ENTER + ' sent to object: 'Object Repository/Page_Create Next App/input_Add Category_input-group-1'

2566-09-08 10:09:07 - [MESSAGE][PASSED] - Keys 'ENTER + ' sent to object: 'Object Repository/Page_Create Next App/input_Add Category_input-group-1'

2566-09-08 10:09:07 - [TEST_STEP][PASSED] - doubleClick(findTestObject("Object Repository/Page_Create Next App/input_Add Category_input-group-1")): Object: 'Object Repository/Page_Create Next App/input_Add Category_input-group-1' is double clicked on

2566-09-08 10:09:08 - [MESSAGE][PASSED] - Object: 'Object Repository/Page_Create Next App/input_Add Category_input-group-1' is double clicked on

2566-09-08 10:09:08 - [TEST_STEP][PASSED] - setText(findTestObject("Object Repository/Page_Create Next App/input_Add Category_input-group-1"), "SCB"): Text 'SCB' is set on object 'Object Repository/Page_Create Next App/input_Add Category_input-group-1'

2566-09-08 10:09:09 - [MESSAGE][PASSED] - Text 'SCB' is set on object 'Object Repository/Page_Create Next App/input_Add Category_input-group-1'

2566-09-08 10:09:09 - [TEST_STEP][PASSED] - sendKeys(findTestObject("Object Repository/Page_Create Next App/input_Add Category_input-group-1"), Keys.chord(ENTER)): Keys 'ENTER + ' sent to object: 'Object Repository/Page_Create Next App/input_Add Category_input-group-1'

2566-09-08 10:09:09 - [MESSAGE][PASSED] - Keys 'ENTER + ' sent to object: 'Object Repository/Page_Create Next App/input_Add Category_input-group-1'

2566-09-08 10:09:09 - [TEST_STEP][PASSED] - doubleClick(findTestObject("Object Repository/Page_Create Next App/input_Add Category_input-group-1")): Object: 'Object Repository/Page_Create Next App/input_Add Category_input-group-1' is double clicked on

2566-09-08 10:09:10 - [MESSAGE][PASSED] - Object: 'Object Repository/Page_Create Next App/input_Add Category_input-group-1' is double clicked on

2566-09-08 10:09:10 - [TEST_STEP][PASSED] - setText(findTestObject("Object Repository/Page_Create Next App/input_Add Category_input-group-1"), "Tect Merch"): Text 'Tect Merch' is set on object 'Object Repository/Page_Create Next App/input_Add Category_input-group-1'

2566-09-08 10:09:11 - [MESSAGE][PASSED] - Text 'Tect Merch' is set on object 'Object Repository/Page_Create Next App/input_Add Category_input-group-1'

2566-09-08 10:09:11 - [TEST_STEP][PASSED] - sendKeys(findTestObject("Object Repository/Page_Create Next App/input_Add Category_input-group-1"), Keys.chord(ENTER)): Keys 'ENTER + ' sent to object: 'Object Repository/Page_Create Next App/input_Add Category_input-group-1'

2566-09-08 10:09:11 - [MESSAGE][PASSED] - Keys 'ENTER + ' sent to object: 'Object Repository/Page_Create Next App/input_Add Category_input-group-1']]></system-out>
         <system-err><![CDATA[]]></system-err>
      </testcase>
      <testcase name="Test Cases/Supplier/search supplier/ตรวจสอบการค้นหาเมื่อมีการค้นหาข้อมูลที่ไม่ตรงกับข้อมูลที่มี" time="7.748" classname="Test Cases/Supplier/search supplier/ตรวจสอบการค้นหาเมื่อมีการค้นหาข้อมูลที่ไม่ตรงกับข้อมูลที่มี" status="PASSED">
         <system-out><![CDATA[2566-09-08 10:09:11 - [TEST_CASE][PASSED] - Test Cases/Supplier/search supplier/ตรวจสอบการค้นหาเมื่อมีการค้นหาข้อมูลที่ไม่ตรงกับข้อมูลที่มี: Test Cases/Supplier/search supplier/ตรวจสอบการค้นหาเมื่อมีการค้นหาข้อมูลที่ไม่ตรงกับข้อมูลที่มี

2566-09-08 10:09:11 - [TEST_STEP][PASSED] - navigateToUrl("https://pos-frontend-toey-gumbjqoyzq-as.a.run.app/supplier"): Navigate to 'https://pos-frontend-toey-gumbjqoyzq-as.a.run.app/supplier' successfully

2566-09-08 10:09:12 - [MESSAGE][PASSED] - Navigate to 'https://pos-frontend-toey-gumbjqoyzq-as.a.run.app/supplier' successfully

2566-09-08 10:09:12 - [TEST_STEP][PASSED] - setText(findTestObject("Object Repository/Page_Create Next App/input_Add Category_input-group-1"), "bm"): Text 'bm' is set on object 'Object Repository/Page_Create Next App/input_Add Category_input-group-1'

2566-09-08 10:09:13 - [MESSAGE][PASSED] - Text 'bm' is set on object 'Object Repository/Page_Create Next App/input_Add Category_input-group-1'

2566-09-08 10:09:13 - [TEST_STEP][PASSED] - sendKeys(findTestObject("Object Repository/Page_Create Next App/input_Add Category_input-group-1"), Keys.chord(ENTER)): Keys 'ENTER + ' sent to object: 'Object Repository/Page_Create Next App/input_Add Category_input-group-1'

2566-09-08 10:09:13 - [MESSAGE][PASSED] - Keys 'ENTER + ' sent to object: 'Object Repository/Page_Create Next App/input_Add Category_input-group-1'

2566-09-08 10:09:13 - [TEST_STEP][PASSED] - setText(findTestObject("Object Repository/Page_Create Next App/input_Add Category_input-group-1"), "999999"): Text '999999' is set on object 'Object Repository/Page_Create Next App/input_Add Category_input-group-1'

2566-09-08 10:09:14 - [MESSAGE][PASSED] - Text '999999' is set on object 'Object Repository/Page_Create Next App/input_Add Category_input-group-1'

2566-09-08 10:09:14 - [TEST_STEP][PASSED] - sendKeys(findTestObject("Object Repository/Page_Create Next App/input_Add Category_input-group-1"), Keys.chord(ENTER)): Keys 'ENTER + ' sent to object: 'Object Repository/Page_Create Next App/input_Add Category_input-group-1'

2566-09-08 10:09:15 - [MESSAGE][PASSED] - Keys 'ENTER + ' sent to object: 'Object Repository/Page_Create Next App/input_Add Category_input-group-1'

2566-09-08 10:09:15 - [TEST_STEP][PASSED] - setText(findTestObject("Object Repository/Page_Create Next App/input_Add Category_input-group-1"), "55555"): Text '55555' is set on object 'Object Repository/Page_Create Next App/input_Add Category_input-group-1'

2566-09-08 10:09:15 - [MESSAGE][PASSED] - Text '55555' is set on object 'Object Repository/Page_Create Next App/input_Add Category_input-group-1'

2566-09-08 10:09:15 - [TEST_STEP][PASSED] - sendKeys(findTestObject("Object Repository/Page_Create Next App/input_Add Category_input-group-1"), Keys.chord(ENTER)): Keys 'ENTER + ' sent to object: 'Object Repository/Page_Create Next App/input_Add Category_input-group-1'

2566-09-08 10:09:16 - [MESSAGE][PASSED] - Keys 'ENTER + ' sent to object: 'Object Repository/Page_Create Next App/input_Add Category_input-group-1'

2566-09-08 10:09:16 - [TEST_STEP][PASSED] - setText(findTestObject("Object Repository/Page_Create Next App/input_Add Category_input-group-1"), "K"): Text 'K' is set on object 'Object Repository/Page_Create Next App/input_Add Category_input-group-1'

2566-09-08 10:09:17 - [MESSAGE][PASSED] - Text 'K' is set on object 'Object Repository/Page_Create Next App/input_Add Category_input-group-1'

2566-09-08 10:09:17 - [TEST_STEP][PASSED] - sendKeys(findTestObject("Object Repository/Page_Create Next App/input_Add Category_input-group-1"), Keys.chord(ENTER)): Keys 'ENTER + ' sent to object: 'Object Repository/Page_Create Next App/input_Add Category_input-group-1'

2566-09-08 10:09:17 - [MESSAGE][PASSED] - Keys 'ENTER + ' sent to object: 'Object Repository/Page_Create Next App/input_Add Category_input-group-1'

2566-09-08 10:09:17 - [TEST_STEP][PASSED] - setText(findTestObject("Object Repository/Page_Create Next App/input_Add Category_input-group-1"), "POS"): Text 'POS' is set on object 'Object Repository/Page_Create Next App/input_Add Category_input-group-1'

2566-09-08 10:09:18 - [MESSAGE][PASSED] - Text 'POS' is set on object 'Object Repository/Page_Create Next App/input_Add Category_input-group-1'

2566-09-08 10:09:18 - [TEST_STEP][PASSED] - sendKeys(findTestObject("Object Repository/Page_Create Next App/input_Add Category_input-group-1"), Keys.chord(ENTER)): Keys 'ENTER + ' sent to object: 'Object Repository/Page_Create Next App/input_Add Category_input-group-1'

2566-09-08 10:09:18 - [MESSAGE][PASSED] - Keys 'ENTER + ' sent to object: 'Object Repository/Page_Create Next App/input_Add Category_input-group-1'

2566-09-08 10:09:18 - [TEST_STEP][PASSED] - setText(findTestObject("Object Repository/Page_Create Next App/input_Add Category_input-group-1"), ""): Text '' is set on object 'Object Repository/Page_Create Next App/input_Add Category_input-group-1'

2566-09-08 10:09:19 - [MESSAGE][PASSED] - Text '' is set on object 'Object Repository/Page_Create Next App/input_Add Category_input-group-1']]></system-out>
         <system-err><![CDATA[]]></system-err>
      </testcase>
      <testcase name="Test Cases/Supplier/search supplier/ตรวจสอบฟังก์ชันการค้นหาเมื่อมีการใช้อักขระพิเศษในการค้นหา" time="8.732" classname="Test Cases/Supplier/search supplier/ตรวจสอบฟังก์ชันการค้นหาเมื่อมีการใช้อักขระพิเศษในการค้นหา" status="PASSED">
         <system-out><![CDATA[2566-09-08 10:09:19 - [TEST_CASE][PASSED] - Test Cases/Supplier/search supplier/ตรวจสอบฟังก์ชันการค้นหาเมื่อมีการใช้อักขระพิเศษในการค้นหา: Test Cases/Supplier/search supplier/ตรวจสอบฟังก์ชันการค้นหาเมื่อมีการใช้อักขระพิเศษในการค้นหา

2566-09-08 10:09:19 - [TEST_STEP][PASSED] - navigateToUrl("https://pos-frontend-toey-gumbjqoyzq-as.a.run.app/supplier"): Navigate to 'https://pos-frontend-toey-gumbjqoyzq-as.a.run.app/supplier' successfully

2566-09-08 10:09:19 - [MESSAGE][PASSED] - Navigate to 'https://pos-frontend-toey-gumbjqoyzq-as.a.run.app/supplier' successfully

2566-09-08 10:09:19 - [TEST_STEP][PASSED] - setText(findTestObject("Object Repository/Page_Create Next App/input_Add Category_input-group-1"), "---"): Text '---' is set on object 'Object Repository/Page_Create Next App/input_Add Category_input-group-1'

2566-09-08 10:09:21 - [MESSAGE][PASSED] - Text '---' is set on object 'Object Repository/Page_Create Next App/input_Add Category_input-group-1'

2566-09-08 10:09:21 - [TEST_STEP][PASSED] - sendKeys(findTestObject("Object Repository/Page_Create Next App/input_Add Category_input-group-1"), Keys.chord(ENTER)): Keys 'ENTER + ' sent to object: 'Object Repository/Page_Create Next App/input_Add Category_input-group-1'

2566-09-08 10:09:21 - [MESSAGE][PASSED] - Keys 'ENTER + ' sent to object: 'Object Repository/Page_Create Next App/input_Add Category_input-group-1'

2566-09-08 10:09:21 - [TEST_STEP][PASSED] - setText(findTestObject("Object Repository/Page_Create Next App/input_Add Category_input-group-1"), "!!!"): Text '!!!' is set on object 'Object Repository/Page_Create Next App/input_Add Category_input-group-1'

2566-09-08 10:09:22 - [MESSAGE][PASSED] - Text '!!!' is set on object 'Object Repository/Page_Create Next App/input_Add Category_input-group-1'

2566-09-08 10:09:22 - [TEST_STEP][PASSED] - sendKeys(findTestObject("Object Repository/Page_Create Next App/input_Add Category_input-group-1"), Keys.chord(ENTER)): Keys 'ENTER + ' sent to object: 'Object Repository/Page_Create Next App/input_Add Category_input-group-1'

2566-09-08 10:09:22 - [MESSAGE][PASSED] - Keys 'ENTER + ' sent to object: 'Object Repository/Page_Create Next App/input_Add Category_input-group-1'

2566-09-08 10:09:22 - [TEST_STEP][PASSED] - setText(findTestObject("Object Repository/Page_Create Next App/input_Add Category_input-group-1"), "###"): Text '###' is set on object 'Object Repository/Page_Create Next App/input_Add Category_input-group-1'

2566-09-08 10:09:23 - [MESSAGE][PASSED] - Text '###' is set on object 'Object Repository/Page_Create Next App/input_Add Category_input-group-1'

2566-09-08 10:09:23 - [TEST_STEP][PASSED] - sendKeys(findTestObject("Object Repository/Page_Create Next App/input_Add Category_input-group-1"), Keys.chord(ENTER)): Keys 'ENTER + ' sent to object: 'Object Repository/Page_Create Next App/input_Add Category_input-group-1'

2566-09-08 10:09:24 - [MESSAGE][PASSED] - Keys 'ENTER + ' sent to object: 'Object Repository/Page_Create Next App/input_Add Category_input-group-1'

2566-09-08 10:09:24 - [TEST_STEP][PASSED] - setText(findTestObject("Object Repository/Page_Create Next App/input_Add Category_input-group-1"), "^^^"): Text '^^^' is set on object 'Object Repository/Page_Create Next App/input_Add Category_input-group-1'

2566-09-08 10:09:25 - [MESSAGE][PASSED] - Text '^^^' is set on object 'Object Repository/Page_Create Next App/input_Add Category_input-group-1'

2566-09-08 10:09:25 - [TEST_STEP][PASSED] - sendKeys(findTestObject("Object Repository/Page_Create Next App/input_Add Category_input-group-1"), Keys.chord(ENTER)): Keys 'ENTER + ' sent to object: 'Object Repository/Page_Create Next App/input_Add Category_input-group-1'

2566-09-08 10:09:25 - [MESSAGE][PASSED] - Keys 'ENTER + ' sent to object: 'Object Repository/Page_Create Next App/input_Add Category_input-group-1'

2566-09-08 10:09:25 - [TEST_STEP][PASSED] - setText(findTestObject("Object Repository/Page_Create Next App/input_Add Category_input-group-1"), "____"): Text '____' is set on object 'Object Repository/Page_Create Next App/input_Add Category_input-group-1'

2566-09-08 10:09:26 - [MESSAGE][PASSED] - Text '____' is set on object 'Object Repository/Page_Create Next App/input_Add Category_input-group-1'

2566-09-08 10:09:26 - [TEST_STEP][PASSED] - sendKeys(findTestObject("Object Repository/Page_Create Next App/input_Add Category_input-group-1"), Keys.chord(ENTER)): Keys 'ENTER + ' sent to object: 'Object Repository/Page_Create Next App/input_Add Category_input-group-1'

2566-09-08 10:09:26 - [MESSAGE][PASSED] - Keys 'ENTER + ' sent to object: 'Object Repository/Page_Create Next App/input_Add Category_input-group-1'

2566-09-08 10:09:26 - [TEST_STEP][PASSED] - setText(findTestObject("Object Repository/Page_Create Next App/input_Add Category_input-group-1"), "===="): Text '====' is set on object 'Object Repository/Page_Create Next App/input_Add Category_input-group-1'

2566-09-08 10:09:27 - [MESSAGE][PASSED] - Text '====' is set on object 'Object Repository/Page_Create Next App/input_Add Category_input-group-1'

2566-09-08 10:09:27 - [TEST_STEP][PASSED] - sendKeys(findTestObject("Object Repository/Page_Create Next App/input_Add Category_input-group-1"), Keys.chord(ENTER)): Keys 'ENTER + ' sent to object: 'Object Repository/Page_Create Next App/input_Add Category_input-group-1'

2566-09-08 10:09:28 - [MESSAGE][PASSED] - Keys 'ENTER + ' sent to object: 'Object Repository/Page_Create Next App/input_Add Category_input-group-1']]></system-out>
         <system-err><![CDATA[]]></system-err>
      </testcase>
      <system-out><![CDATA[2566-09-08 10:06:24 - [TEST_SUITE][PASSED] - test search supplier: Test Cases/Supplier/search supplier/ตรวจสอบฟังก์ชันการค้นหาเมื่อมีการใช้อักขระพิเศษในการค้นหา]]></system-out>
      <system-err><![CDATA[]]></system-err>
   </testsuite>
</testsuites>
