<?xml version="1.0" encoding="UTF-8"?>
<testsuites name="Testsearch sub category" time="98.081" tests="6" failures="0" errors="0">
   <testsuite name="Testsearch sub category" tests="6" failures="0" errors="0" time="98.081" skipped="0" timestamp="2566-08-31 15:21:13" hostname="USER - DESKTOP-67R9BDO" id="Test Suites/Testsearch sub category">
      <properties>
         <property name="deviceName" value=""/>
         <property name="devicePlatform" value=""/>
         <property name="logFolder" value="C:\\Users\\USER\\git\\katalon\\Reports\\25660831_152104\\Testsearch sub category\\25660831_152104"/>
         <property name="logFiles" value="C:\\Users\\USER\\git\\katalon\\Reports\\25660831_152104\\Testsearch sub category\\25660831_152104\\execution0.log"/>
         <property name="attachments" value=""/>
         <property name="hostName" value="USER - DESKTOP-67R9BDO"/>
         <property name="os" value="Windows 11 64bit"/>
         <property name="katalonVersion" value="8.6.6.208"/>
         <property name="browser" value="Chrome 116.0.0.0"/>
         <property name="hostAddress" value="172.20.10.12"/>
         <property name="sessionId" value="afd2d037e58aba79e1276c02254be5f0"/>
         <property name="seleniumVersion" value="3.141.59"/>
         <property name="proxyInformation" value="ProxyInformation { proxyOption=NO_PROXY, proxyServerType=HTTP, username=, password=********, proxyServerAddress=, proxyServerPort=0, executionList=&quot;&quot;, isApplyToDesiredCapabilities=true }"/>
         <property name="platform" value="Windows 11"/>
      </properties>
      <testcase name="Test Cases/Category LIST/Search sub category/ตรวจสอบการค้นหาเมื่อมีการค้นหาข้อมูลที่ไม่ตรงกับข้อมูลที่มี" time="18.031" classname="Test Cases/Category LIST/Search sub category/ตรวจสอบการค้นหาเมื่อมีการค้นหาข้อมูลที่ไม่ตรงกับข้อมูลที่มี" status="PASSED">
         <system-out><![CDATA[2566-08-31 15:21:14 - [TEST_CASE][PASSED] - Test Cases/Category LIST/Search sub category/ตรวจสอบการค้นหาเมื่อมีการค้นหาข้อมูลที่ไม่ตรงกับข้อมูลที่มี: Test Cases/Category LIST/Search sub category/ตรวจสอบการค้นหาเมื่อมีการค้นหาข้อมูลที่ไม่ตรงกับข้อมูลที่มี

2566-08-31 15:21:14 - [TEST_STEP][PASSED] - openBrowser(""): Browser is opened with url: ''

2566-08-31 15:21:14 - [MESSAGE][INFO] - Starting 'Chrome' driver

2566-08-31 15:21:14 - [MESSAGE][INFO] - Action delay is set to 0 milliseconds

2566-08-31 15:21:17 - [MESSAGE][PASSED] - Browser is opened with url: ''

2566-08-31 15:21:17 - [TEST_STEP][PASSED] - navigateToUrl("https://pos-frontend-ton-gumbjqoyzq-as.a.run.app/"): Navigate to 'https://pos-frontend-ton-gumbjqoyzq-as.a.run.app/' successfully

2566-08-31 15:21:18 - [MESSAGE][PASSED] - Navigate to 'https://pos-frontend-ton-gumbjqoyzq-as.a.run.app/' successfully

2566-08-31 15:21:18 - [TEST_STEP][PASSED] - setText(findTestObject("Object Repository/Page_Sign In/input_Username_username"), "admin"): Text 'admin' is set on object 'Object Repository/Page_Sign In/input_Username_username'

2566-08-31 15:21:19 - [MESSAGE][PASSED] - Text 'admin' is set on object 'Object Repository/Page_Sign In/input_Username_username'

2566-08-31 15:21:19 - [TEST_STEP][PASSED] - setEncryptedText(findTestObject("Object Repository/Page_Sign In/input_Password_password"), "aeHFOx8jV/A="): Text ****** has been set on object 'Object Repository/Page_Sign In/input_Password_password'

2566-08-31 15:21:19 - [MESSAGE][PASSED] - Text ****** has been set on object 'Object Repository/Page_Sign In/input_Password_password'

2566-08-31 15:21:19 - [TEST_STEP][PASSED] - click(findTestObject("Object Repository/Page_Sign In/button_Sign in with Credentials")): Object: 'Object Repository/Page_Sign In/button_Sign in with Credentials' is clicked on

2566-08-31 15:21:20 - [MESSAGE][PASSED] - Object: 'Object Repository/Page_Sign In/button_Sign in with Credentials' is clicked on

2566-08-31 15:21:20 - [TEST_STEP][PASSED] - click(findTestObject("Object Repository/Page_Create Next App/span_Item")): Object: 'Object Repository/Page_Create Next App/span_Item' is clicked on

2566-08-31 15:21:21 - [MESSAGE][PASSED] - Object: 'Object Repository/Page_Create Next App/span_Item' is clicked on

2566-08-31 15:21:21 - [TEST_STEP][PASSED] - click(findTestObject("Object Repository/Page_Create Next App/span_Category")): Object: 'Object Repository/Page_Create Next App/span_Category' is clicked on

2566-08-31 15:21:21 - [MESSAGE][PASSED] - Object: 'Object Repository/Page_Create Next App/span_Category' is clicked on

2566-08-31 15:21:21 - [TEST_STEP][PASSED] - click(findTestObject("Object Repository/Page_Create Next App/button_Sub Category")): Object: 'Object Repository/Page_Create Next App/button_Sub Category' is clicked on

2566-08-31 15:21:22 - [MESSAGE][PASSED] - Object: 'Object Repository/Page_Create Next App/button_Sub Category' is clicked on

2566-08-31 15:21:22 - [TEST_STEP][PASSED] - setText(findTestObject("Object Repository/Page_Create Next App/input_Add Category_input-group-1"), "0003333"): Text '0003333' is set on object 'Object Repository/Page_Create Next App/input_Add Category_input-group-1'

2566-08-31 15:21:23 - [MESSAGE][PASSED] - Text '0003333' is set on object 'Object Repository/Page_Create Next App/input_Add Category_input-group-1'

2566-08-31 15:21:23 - [TEST_STEP][PASSED] - sendKeys(findTestObject("Object Repository/Page_Create Next App/input_Add Category_input-group-1"), Keys.chord(ENTER)): Keys 'ENTER + ' sent to object: 'Object Repository/Page_Create Next App/input_Add Category_input-group-1'

2566-08-31 15:21:24 - [MESSAGE][PASSED] - Keys 'ENTER + ' sent to object: 'Object Repository/Page_Create Next App/input_Add Category_input-group-1'

2566-08-31 15:21:24 - [TEST_STEP][PASSED] - click(findTestObject("Object Repository/Page_Create Next App/svg_Add SubCategory_absolute top-12 transfo_2e79f2")): Object: 'Object Repository/Page_Create Next App/svg_Add SubCategory_absolute top-12 transfo_2e79f2' is clicked on

2566-08-31 15:21:24 - [MESSAGE][PASSED] - Object: 'Object Repository/Page_Create Next App/svg_Add SubCategory_absolute top-12 transfo_2e79f2' is clicked on

2566-08-31 15:21:24 - [TEST_STEP][PASSED] - setText(findTestObject("Object Repository/Page_Create Next App/input_Add Category_input-group-1"), "subnnnn"): Text 'subnnnn' is set on object 'Object Repository/Page_Create Next App/input_Add Category_input-group-1'

2566-08-31 15:21:25 - [MESSAGE][PASSED] - Text 'subnnnn' is set on object 'Object Repository/Page_Create Next App/input_Add Category_input-group-1'

2566-08-31 15:21:25 - [TEST_STEP][PASSED] - sendKeys(findTestObject("Object Repository/Page_Create Next App/input_Add Category_input-group-1"), Keys.chord(ENTER)): Keys 'ENTER + ' sent to object: 'Object Repository/Page_Create Next App/input_Add Category_input-group-1'

2566-08-31 15:21:26 - [MESSAGE][PASSED] - Keys 'ENTER + ' sent to object: 'Object Repository/Page_Create Next App/input_Add Category_input-group-1'

2566-08-31 15:21:26 - [TEST_STEP][PASSED] - setText(findTestObject("Object Repository/Page_Create Next App/input_Add Category_input-group-1"), "subnnnn"): Text 'subnnnn' is set on object 'Object Repository/Page_Create Next App/input_Add Category_input-group-1'

2566-08-31 15:21:26 - [MESSAGE][PASSED] - Text 'subnnnn' is set on object 'Object Repository/Page_Create Next App/input_Add Category_input-group-1'

2566-08-31 15:21:26 - [TEST_STEP][PASSED] - sendKeys(findTestObject("Object Repository/Page_Create Next App/input_Add Category_input-group-1"), Keys.chord(ENTER)): Keys 'ENTER + ' sent to object: 'Object Repository/Page_Create Next App/input_Add Category_input-group-1'

2566-08-31 15:21:27 - [MESSAGE][PASSED] - Keys 'ENTER + ' sent to object: 'Object Repository/Page_Create Next App/input_Add Category_input-group-1'

2566-08-31 15:21:27 - [TEST_STEP][PASSED] - setText(findTestObject("Object Repository/Page_Create Next App/input_Add Category_input-group-1"), "PUY"): Text 'PUY' is set on object 'Object Repository/Page_Create Next App/input_Add Category_input-group-1'

2566-08-31 15:21:27 - [MESSAGE][PASSED] - Text 'PUY' is set on object 'Object Repository/Page_Create Next App/input_Add Category_input-group-1'

2566-08-31 15:21:27 - [TEST_STEP][PASSED] - sendKeys(findTestObject("Object Repository/Page_Create Next App/input_Add Category_input-group-1"), Keys.chord(ENTER)): Keys 'ENTER + ' sent to object: 'Object Repository/Page_Create Next App/input_Add Category_input-group-1'

2566-08-31 15:21:28 - [MESSAGE][PASSED] - Keys 'ENTER + ' sent to object: 'Object Repository/Page_Create Next App/input_Add Category_input-group-1'

2566-08-31 15:21:28 - [TEST_STEP][PASSED] - setText(findTestObject("Object Repository/Page_Create Next App/input_Add Category_input-group-1"), "PUY"): Text 'PUY' is set on object 'Object Repository/Page_Create Next App/input_Add Category_input-group-1'

2566-08-31 15:21:29 - [MESSAGE][PASSED] - Text 'PUY' is set on object 'Object Repository/Page_Create Next App/input_Add Category_input-group-1'

2566-08-31 15:21:29 - [TEST_STEP][PASSED] - sendKeys(findTestObject("Object Repository/Page_Create Next App/input_Add Category_input-group-1"), Keys.chord(ENTER)): Keys 'ENTER + ' sent to object: 'Object Repository/Page_Create Next App/input_Add Category_input-group-1'

2566-08-31 15:21:29 - [MESSAGE][PASSED] - Keys 'ENTER + ' sent to object: 'Object Repository/Page_Create Next App/input_Add Category_input-group-1'

2566-08-31 15:21:29 - [TEST_STEP][PASSED] - setText(findTestObject("Object Repository/Page_Create Next App/input_Add Category_input-group-1"), "PUY"): Text 'PUY' is set on object 'Object Repository/Page_Create Next App/input_Add Category_input-group-1'

2566-08-31 15:21:30 - [MESSAGE][PASSED] - Text 'PUY' is set on object 'Object Repository/Page_Create Next App/input_Add Category_input-group-1'

2566-08-31 15:21:30 - [TEST_STEP][PASSED] - sendKeys(findTestObject("Object Repository/Page_Create Next App/input_Add Category_input-group-1"), Keys.chord(ENTER)): Keys 'ENTER + ' sent to object: 'Object Repository/Page_Create Next App/input_Add Category_input-group-1'

2566-08-31 15:21:30 - [MESSAGE][PASSED] - Keys 'ENTER + ' sent to object: 'Object Repository/Page_Create Next App/input_Add Category_input-group-1'

2566-08-31 15:21:30 - [TEST_STEP][PASSED] - setText(findTestObject("Object Repository/Page_Create Next App/input_Add Category_input-group-1"), ""): Text '' is set on object 'Object Repository/Page_Create Next App/input_Add Category_input-group-1'

2566-08-31 15:21:31 - [MESSAGE][PASSED] - Text '' is set on object 'Object Repository/Page_Create Next App/input_Add Category_input-group-1'

2566-08-31 15:21:31 - [TEST_STEP][PASSED] - closeBrowser(): Browser is closed

2566-08-31 15:21:32 - [MESSAGE][PASSED] - Browser is closed]]></system-out>
         <system-err><![CDATA[]]></system-err>
      </testcase>
      <testcase name="Test Cases/Category LIST/Search sub category/ตรวจสอบการค้นหาโดยการใช้ keyword ในการค้นหาและกด enter" time="15.259" classname="Test Cases/Category LIST/Search sub category/ตรวจสอบการค้นหาโดยการใช้ keyword ในการค้นหาและกด enter" status="PASSED">
         <system-out><![CDATA[2566-08-31 15:21:32 - [TEST_CASE][PASSED] - Test Cases/Category LIST/Search sub category/ตรวจสอบการค้นหาโดยการใช้ keyword ในการค้นหาและกด enter: Test Cases/Category LIST/Search sub category/ตรวจสอบการค้นหาโดยการใช้ keyword ในการค้นหาและกด enter

2566-08-31 15:21:32 - [TEST_STEP][PASSED] - openBrowser(""): Browser is opened with url: ''

2566-08-31 15:21:32 - [MESSAGE][INFO] - Starting 'Chrome' driver

2566-08-31 15:21:32 - [MESSAGE][INFO] - Action delay is set to 0 milliseconds

2566-08-31 15:21:33 - [MESSAGE][PASSED] - Browser is opened with url: ''

2566-08-31 15:21:33 - [TEST_STEP][PASSED] - navigateToUrl("https://pos-frontend-ton-gumbjqoyzq-as.a.run.app/"): Navigate to 'https://pos-frontend-ton-gumbjqoyzq-as.a.run.app/' successfully

2566-08-31 15:21:34 - [MESSAGE][PASSED] - Navigate to 'https://pos-frontend-ton-gumbjqoyzq-as.a.run.app/' successfully

2566-08-31 15:21:34 - [TEST_STEP][PASSED] - setText(findTestObject("Object Repository/Page_Sign In/input_Username_username"), "admin"): Text 'admin' is set on object 'Object Repository/Page_Sign In/input_Username_username'

2566-08-31 15:21:35 - [MESSAGE][PASSED] - Text 'admin' is set on object 'Object Repository/Page_Sign In/input_Username_username'

2566-08-31 15:21:35 - [TEST_STEP][PASSED] - setEncryptedText(findTestObject("Object Repository/Page_Sign In/input_Password_password"), "aeHFOx8jV/A="): Text ****** has been set on object 'Object Repository/Page_Sign In/input_Password_password'

2566-08-31 15:21:35 - [MESSAGE][PASSED] - Text ****** has been set on object 'Object Repository/Page_Sign In/input_Password_password'

2566-08-31 15:21:35 - [TEST_STEP][PASSED] - click(findTestObject("Object Repository/Page_Sign In/button_Sign in with Credentials")): Object: 'Object Repository/Page_Sign In/button_Sign in with Credentials' is clicked on

2566-08-31 15:21:36 - [MESSAGE][PASSED] - Object: 'Object Repository/Page_Sign In/button_Sign in with Credentials' is clicked on

2566-08-31 15:21:36 - [TEST_STEP][PASSED] - click(findTestObject("Object Repository/Page_Create Next App/div_Item")): Object: 'Object Repository/Page_Create Next App/div_Item' is clicked on

2566-08-31 15:21:37 - [MESSAGE][PASSED] - Object: 'Object Repository/Page_Create Next App/div_Item' is clicked on

2566-08-31 15:21:37 - [TEST_STEP][PASSED] - click(findTestObject("Object Repository/Page_Create Next App/span_Item")): Object: 'Object Repository/Page_Create Next App/span_Item' is clicked on

2566-08-31 15:21:37 - [MESSAGE][PASSED] - Object: 'Object Repository/Page_Create Next App/span_Item' is clicked on

2566-08-31 15:21:37 - [TEST_STEP][PASSED] - click(findTestObject("Object Repository/Page_Create Next App/span_Category")): Object: 'Object Repository/Page_Create Next App/span_Category' is clicked on

2566-08-31 15:21:38 - [MESSAGE][PASSED] - Object: 'Object Repository/Page_Create Next App/span_Category' is clicked on

2566-08-31 15:21:38 - [TEST_STEP][PASSED] - click(findTestObject("Object Repository/Page_Create Next App/button_Sub Category")): Object: 'Object Repository/Page_Create Next App/button_Sub Category' is clicked on

2566-08-31 15:21:39 - [MESSAGE][PASSED] - Object: 'Object Repository/Page_Create Next App/button_Sub Category' is clicked on

2566-08-31 15:21:39 - [TEST_STEP][PASSED] - setText(findTestObject("Object Repository/Page_Create Next App/input_Add Category_input-group-1"), "ubrice"): Text 'ubrice' is set on object 'Object Repository/Page_Create Next App/input_Add Category_input-group-1'

2566-08-31 15:21:40 - [MESSAGE][PASSED] - Text 'ubrice' is set on object 'Object Repository/Page_Create Next App/input_Add Category_input-group-1'

2566-08-31 15:21:40 - [TEST_STEP][PASSED] - sendKeys(findTestObject("Object Repository/Page_Create Next App/input_Add Category_input-group-1"), Keys.chord(ENTER)): Keys 'ENTER + ' sent to object: 'Object Repository/Page_Create Next App/input_Add Category_input-group-1'

2566-08-31 15:21:41 - [MESSAGE][PASSED] - Keys 'ENTER + ' sent to object: 'Object Repository/Page_Create Next App/input_Add Category_input-group-1'

2566-08-31 15:21:41 - [TEST_STEP][PASSED] - setText(findTestObject("Object Repository/Page_Create Next App/input_Add Category_input-group-1"), "001"): Text '001' is set on object 'Object Repository/Page_Create Next App/input_Add Category_input-group-1'

2566-08-31 15:21:41 - [MESSAGE][PASSED] - Text '001' is set on object 'Object Repository/Page_Create Next App/input_Add Category_input-group-1'

2566-08-31 15:21:41 - [TEST_STEP][PASSED] - sendKeys(findTestObject("Object Repository/Page_Create Next App/input_Add Category_input-group-1"), Keys.chord(ENTER)): Keys 'ENTER + ' sent to object: 'Object Repository/Page_Create Next App/input_Add Category_input-group-1'

2566-08-31 15:21:42 - [MESSAGE][PASSED] - Keys 'ENTER + ' sent to object: 'Object Repository/Page_Create Next App/input_Add Category_input-group-1'

2566-08-31 15:21:42 - [TEST_STEP][PASSED] - setText(findTestObject("Object Repository/Page_Create Next App/input_Add Category_input-group-1"), "Ben"): Text 'Ben' is set on object 'Object Repository/Page_Create Next App/input_Add Category_input-group-1'

2566-08-31 15:21:42 - [MESSAGE][PASSED] - Text 'Ben' is set on object 'Object Repository/Page_Create Next App/input_Add Category_input-group-1'

2566-08-31 15:21:42 - [TEST_STEP][PASSED] - sendKeys(findTestObject("Object Repository/Page_Create Next App/input_Add Category_input-group-1"), Keys.chord(ENTER)): Keys 'ENTER + ' sent to object: 'Object Repository/Page_Create Next App/input_Add Category_input-group-1'

2566-08-31 15:21:43 - [MESSAGE][PASSED] - Keys 'ENTER + ' sent to object: 'Object Repository/Page_Create Next App/input_Add Category_input-group-1'

2566-08-31 15:21:43 - [TEST_STEP][PASSED] - setText(findTestObject("Object Repository/Page_Create Next App/input_Add Category_input-group-1"), "Ben"): Text 'Ben' is set on object 'Object Repository/Page_Create Next App/input_Add Category_input-group-1'

2566-08-31 15:21:44 - [MESSAGE][PASSED] - Text 'Ben' is set on object 'Object Repository/Page_Create Next App/input_Add Category_input-group-1'

2566-08-31 15:21:44 - [TEST_STEP][PASSED] - sendKeys(findTestObject("Object Repository/Page_Create Next App/input_Add Category_input-group-1"), Keys.chord(ENTER)): Keys 'ENTER + ' sent to object: 'Object Repository/Page_Create Next App/input_Add Category_input-group-1'

2566-08-31 15:21:44 - [MESSAGE][PASSED] - Keys 'ENTER + ' sent to object: 'Object Repository/Page_Create Next App/input_Add Category_input-group-1'

2566-08-31 15:21:44 - [TEST_STEP][PASSED] - setText(findTestObject("Object Repository/Page_Create Next App/input_Add Category_input-group-1"), "HUT"): Text 'HUT' is set on object 'Object Repository/Page_Create Next App/input_Add Category_input-group-1'

2566-08-31 15:21:45 - [MESSAGE][PASSED] - Text 'HUT' is set on object 'Object Repository/Page_Create Next App/input_Add Category_input-group-1'

2566-08-31 15:21:45 - [TEST_STEP][PASSED] - sendKeys(findTestObject("Object Repository/Page_Create Next App/input_Add Category_input-group-1"), Keys.chord(ENTER)): Keys 'ENTER + ' sent to object: 'Object Repository/Page_Create Next App/input_Add Category_input-group-1'

2566-08-31 15:21:45 - [MESSAGE][PASSED] - Keys 'ENTER + ' sent to object: 'Object Repository/Page_Create Next App/input_Add Category_input-group-1'

2566-08-31 15:21:45 - [TEST_STEP][PASSED] - setText(findTestObject("Object Repository/Page_Create Next App/input_Add Category_input-group-1"), "1150"): Text '1150' is set on object 'Object Repository/Page_Create Next App/input_Add Category_input-group-1'

2566-08-31 15:21:46 - [MESSAGE][PASSED] - Text '1150' is set on object 'Object Repository/Page_Create Next App/input_Add Category_input-group-1'

2566-08-31 15:21:46 - [TEST_STEP][PASSED] - sendKeys(findTestObject("Object Repository/Page_Create Next App/input_Add Category_input-group-1"), Keys.chord(ENTER)): Keys 'ENTER + ' sent to object: 'Object Repository/Page_Create Next App/input_Add Category_input-group-1'

2566-08-31 15:21:46 - [MESSAGE][PASSED] - Keys 'ENTER + ' sent to object: 'Object Repository/Page_Create Next App/input_Add Category_input-group-1'

2566-08-31 15:21:46 - [TEST_STEP][PASSED] - closeBrowser(): Browser is closed

2566-08-31 15:21:47 - [MESSAGE][PASSED] - Browser is closed]]></system-out>
         <system-err><![CDATA[]]></system-err>
      </testcase>
      <testcase name="Test Cases/Category LIST/Search sub category/ตรวจสอบการค้นหาโดยมีการป้อนข้อมูลที่ถูกต้อง" time="12.698" classname="Test Cases/Category LIST/Search sub category/ตรวจสอบการค้นหาโดยมีการป้อนข้อมูลที่ถูกต้อง" status="PASSED">
         <system-out><![CDATA[2566-08-31 15:21:47 - [TEST_CASE][PASSED] - Test Cases/Category LIST/Search sub category/ตรวจสอบการค้นหาโดยมีการป้อนข้อมูลที่ถูกต้อง: Test Cases/Category LIST/Search sub category/ตรวจสอบการค้นหาโดยมีการป้อนข้อมูลที่ถูกต้อง

2566-08-31 15:21:47 - [TEST_STEP][PASSED] - openBrowser(""): Browser is opened with url: ''

2566-08-31 15:21:47 - [MESSAGE][INFO] - Starting 'Chrome' driver

2566-08-31 15:21:47 - [MESSAGE][INFO] - Action delay is set to 0 milliseconds

2566-08-31 15:21:48 - [MESSAGE][PASSED] - Browser is opened with url: ''

2566-08-31 15:21:48 - [TEST_STEP][PASSED] - navigateToUrl("https://pos-frontend-ton-gumbjqoyzq-as.a.run.app/"): Navigate to 'https://pos-frontend-ton-gumbjqoyzq-as.a.run.app/' successfully

2566-08-31 15:21:50 - [MESSAGE][PASSED] - Navigate to 'https://pos-frontend-ton-gumbjqoyzq-as.a.run.app/' successfully

2566-08-31 15:21:50 - [TEST_STEP][PASSED] - click(findTestObject("Object Repository/Page_Sign In/label_Username")): Object: 'Object Repository/Page_Sign In/label_Username' is clicked on

2566-08-31 15:21:51 - [MESSAGE][PASSED] - Object: 'Object Repository/Page_Sign In/label_Username' is clicked on

2566-08-31 15:21:51 - [TEST_STEP][PASSED] - setText(findTestObject("Object Repository/Page_Sign In/input_Username_username"), "admin"): Text 'admin' is set on object 'Object Repository/Page_Sign In/input_Username_username'

2566-08-31 15:21:52 - [MESSAGE][PASSED] - Text 'admin' is set on object 'Object Repository/Page_Sign In/input_Username_username'

2566-08-31 15:21:52 - [TEST_STEP][PASSED] - setEncryptedText(findTestObject("Object Repository/Page_Sign In/input_Password_password"), "aeHFOx8jV/A="): Text ****** has been set on object 'Object Repository/Page_Sign In/input_Password_password'

2566-08-31 15:21:52 - [MESSAGE][PASSED] - Text ****** has been set on object 'Object Repository/Page_Sign In/input_Password_password'

2566-08-31 15:21:52 - [TEST_STEP][PASSED] - click(findTestObject("Object Repository/Page_Sign In/button_Sign in with Credentials")): Object: 'Object Repository/Page_Sign In/button_Sign in with Credentials' is clicked on

2566-08-31 15:21:53 - [MESSAGE][PASSED] - Object: 'Object Repository/Page_Sign In/button_Sign in with Credentials' is clicked on

2566-08-31 15:21:53 - [TEST_STEP][PASSED] - click(findTestObject("Object Repository/Page_Create Next App/span_Item")): Object: 'Object Repository/Page_Create Next App/span_Item' is clicked on

2566-08-31 15:21:54 - [MESSAGE][PASSED] - Object: 'Object Repository/Page_Create Next App/span_Item' is clicked on

2566-08-31 15:21:54 - [TEST_STEP][PASSED] - click(findTestObject("Object Repository/Page_Create Next App/span_Category")): Object: 'Object Repository/Page_Create Next App/span_Category' is clicked on

2566-08-31 15:21:55 - [MESSAGE][PASSED] - Object: 'Object Repository/Page_Create Next App/span_Category' is clicked on

2566-08-31 15:21:55 - [TEST_STEP][PASSED] - click(findTestObject("Object Repository/Page_Create Next App/button_Sub Category")): Object: 'Object Repository/Page_Create Next App/button_Sub Category' is clicked on

2566-08-31 15:21:57 - [MESSAGE][PASSED] - Object: 'Object Repository/Page_Create Next App/button_Sub Category' is clicked on

2566-08-31 15:21:57 - [TEST_STEP][PASSED] - click(findTestObject("Object Repository/Page_Create Next App/input_Add Category_input-group-1")): Object: 'Object Repository/Page_Create Next App/input_Add Category_input-group-1' is clicked on

2566-08-31 15:21:57 - [MESSAGE][PASSED] - Object: 'Object Repository/Page_Create Next App/input_Add Category_input-group-1' is clicked on

2566-08-31 15:21:57 - [TEST_STEP][PASSED] - click(findTestObject("Object Repository/Page_Create Next App/button_Category")): Object: 'Object Repository/Page_Create Next App/button_Category' is clicked on

2566-08-31 15:21:58 - [MESSAGE][PASSED] - Object: 'Object Repository/Page_Create Next App/button_Category' is clicked on

2566-08-31 15:21:58 - [TEST_STEP][PASSED] - click(findTestObject("Object Repository/Page_Create Next App/button_Sub Category")): Object: 'Object Repository/Page_Create Next App/button_Sub Category' is clicked on

2566-08-31 15:21:58 - [MESSAGE][PASSED] - Object: 'Object Repository/Page_Create Next App/button_Sub Category' is clicked on

2566-08-31 15:21:58 - [TEST_STEP][PASSED] - click(findTestObject("Object Repository/Page_Create Next App/input_Add Category_input-group-1")): Object: 'Object Repository/Page_Create Next App/input_Add Category_input-group-1' is clicked on

2566-08-31 15:21:59 - [MESSAGE][PASSED] - Object: 'Object Repository/Page_Create Next App/input_Add Category_input-group-1' is clicked on

2566-08-31 15:21:59 - [TEST_STEP][PASSED] - click(findTestObject("Object Repository/Page_Create Next App/input_Add Category_input-group-1")): Object: 'Object Repository/Page_Create Next App/input_Add Category_input-group-1' is clicked on

2566-08-31 15:21:59 - [MESSAGE][PASSED] - Object: 'Object Repository/Page_Create Next App/input_Add Category_input-group-1' is clicked on

2566-08-31 15:21:59 - [TEST_STEP][PASSED] - closeBrowser(): Browser is closed

2566-08-31 15:22:00 - [MESSAGE][PASSED] - Browser is closed]]></system-out>
         <system-err><![CDATA[]]></system-err>
      </testcase>
      <testcase name="Test Cases/Category LIST/Search sub category/ตรวจสอบฟังก์ชันการค้นหาเมื่อมีการค้นหาค่าว่าง" time="9.986" classname="Test Cases/Category LIST/Search sub category/ตรวจสอบฟังก์ชันการค้นหาเมื่อมีการค้นหาค่าว่าง" status="PASSED">
         <system-out><![CDATA[2566-08-31 15:22:00 - [TEST_CASE][PASSED] - Test Cases/Category LIST/Search sub category/ตรวจสอบฟังก์ชันการค้นหาเมื่อมีการค้นหาค่าว่าง: Test Cases/Category LIST/Search sub category/ตรวจสอบฟังก์ชันการค้นหาเมื่อมีการค้นหาค่าว่าง

2566-08-31 15:22:00 - [TEST_STEP][PASSED] - openBrowser(""): Browser is opened with url: ''

2566-08-31 15:22:00 - [MESSAGE][INFO] - Starting 'Chrome' driver

2566-08-31 15:22:00 - [MESSAGE][INFO] - Action delay is set to 0 milliseconds

2566-08-31 15:22:01 - [MESSAGE][PASSED] - Browser is opened with url: ''

2566-08-31 15:22:01 - [TEST_STEP][PASSED] - navigateToUrl("https://pos-frontend-ton-gumbjqoyzq-as.a.run.app/"): Navigate to 'https://pos-frontend-ton-gumbjqoyzq-as.a.run.app/' successfully

2566-08-31 15:22:02 - [MESSAGE][PASSED] - Navigate to 'https://pos-frontend-ton-gumbjqoyzq-as.a.run.app/' successfully

2566-08-31 15:22:02 - [TEST_STEP][PASSED] - setText(findTestObject("Object Repository/Page_Sign In/input_Username_username"), "admin"): Text 'admin' is set on object 'Object Repository/Page_Sign In/input_Username_username'

2566-08-31 15:22:03 - [MESSAGE][PASSED] - Text 'admin' is set on object 'Object Repository/Page_Sign In/input_Username_username'

2566-08-31 15:22:03 - [TEST_STEP][PASSED] - setEncryptedText(findTestObject("Object Repository/Page_Sign In/input_Password_password"), "aeHFOx8jV/A="): Text ****** has been set on object 'Object Repository/Page_Sign In/input_Password_password'

2566-08-31 15:22:04 - [MESSAGE][PASSED] - Text ****** has been set on object 'Object Repository/Page_Sign In/input_Password_password'

2566-08-31 15:22:04 - [TEST_STEP][PASSED] - click(findTestObject("Object Repository/Page_Sign In/button_Sign in with Credentials")): Object: 'Object Repository/Page_Sign In/button_Sign in with Credentials' is clicked on

2566-08-31 15:22:04 - [MESSAGE][PASSED] - Object: 'Object Repository/Page_Sign In/button_Sign in with Credentials' is clicked on

2566-08-31 15:22:04 - [TEST_STEP][PASSED] - click(findTestObject("Object Repository/Page_Create Next App/span_Item")): Object: 'Object Repository/Page_Create Next App/span_Item' is clicked on

2566-08-31 15:22:05 - [MESSAGE][PASSED] - Object: 'Object Repository/Page_Create Next App/span_Item' is clicked on

2566-08-31 15:22:05 - [TEST_STEP][PASSED] - click(findTestObject("Object Repository/Page_Create Next App/span_Category")): Object: 'Object Repository/Page_Create Next App/span_Category' is clicked on

2566-08-31 15:22:06 - [MESSAGE][PASSED] - Object: 'Object Repository/Page_Create Next App/span_Category' is clicked on

2566-08-31 15:22:06 - [TEST_STEP][PASSED] - click(findTestObject("Object Repository/Page_Create Next App/button_Sub Category")): Object: 'Object Repository/Page_Create Next App/button_Sub Category' is clicked on

2566-08-31 15:22:07 - [MESSAGE][PASSED] - Object: 'Object Repository/Page_Create Next App/button_Sub Category' is clicked on

2566-08-31 15:22:07 - [TEST_STEP][PASSED] - click(findTestObject("Object Repository/Page_Create Next App/svg_Add SubCategory_absolute top-12 transfo_2e79f2")): Object: 'Object Repository/Page_Create Next App/svg_Add SubCategory_absolute top-12 transfo_2e79f2' is clicked on

2566-08-31 15:22:07 - [MESSAGE][PASSED] - Object: 'Object Repository/Page_Create Next App/svg_Add SubCategory_absolute top-12 transfo_2e79f2' is clicked on

2566-08-31 15:22:07 - [TEST_STEP][PASSED] - click(findTestObject("Object Repository/Page_Create Next App/input_Add Category_input-group-1")): Object: 'Object Repository/Page_Create Next App/input_Add Category_input-group-1' is clicked on

2566-08-31 15:22:08 - [MESSAGE][PASSED] - Object: 'Object Repository/Page_Create Next App/input_Add Category_input-group-1' is clicked on

2566-08-31 15:22:08 - [TEST_STEP][PASSED] - click(findTestObject("Object Repository/Page_Create Next App/svg_Add SubCategory_absolute top-12 transfo_2e79f2")): Object: 'Object Repository/Page_Create Next App/svg_Add SubCategory_absolute top-12 transfo_2e79f2' is clicked on

2566-08-31 15:22:09 - [MESSAGE][PASSED] - Object: 'Object Repository/Page_Create Next App/svg_Add SubCategory_absolute top-12 transfo_2e79f2' is clicked on

2566-08-31 15:22:09 - [TEST_STEP][PASSED] - click(findTestObject("Object Repository/Page_Create Next App/input_Add Category_input-group-1")): Object: 'Object Repository/Page_Create Next App/input_Add Category_input-group-1' is clicked on

2566-08-31 15:22:09 - [MESSAGE][PASSED] - Object: 'Object Repository/Page_Create Next App/input_Add Category_input-group-1' is clicked on

2566-08-31 15:22:09 - [TEST_STEP][PASSED] - closeBrowser(): Browser is closed

2566-08-31 15:22:10 - [MESSAGE][PASSED] - Browser is closed]]></system-out>
         <system-err><![CDATA[]]></system-err>
      </testcase>
      <testcase name="Test Cases/Category LIST/Search sub category/ตรวจสอบฟังก์ชันการค้นหาเมื่อมีการใช้อักขระพิเศษในการค้นหา" time="24.247" classname="Test Cases/Category LIST/Search sub category/ตรวจสอบฟังก์ชันการค้นหาเมื่อมีการใช้อักขระพิเศษในการค้นหา" status="PASSED">
         <system-out><![CDATA[2566-08-31 15:22:10 - [TEST_CASE][PASSED] - Test Cases/Category LIST/Search sub category/ตรวจสอบฟังก์ชันการค้นหาเมื่อมีการใช้อักขระพิเศษในการค้นหา: Test Cases/Category LIST/Search sub category/ตรวจสอบฟังก์ชันการค้นหาเมื่อมีการใช้อักขระพิเศษในการค้นหา

2566-08-31 15:22:10 - [TEST_STEP][PASSED] - openBrowser(""): Browser is opened with url: ''

2566-08-31 15:22:10 - [MESSAGE][INFO] - Starting 'Chrome' driver

2566-08-31 15:22:10 - [MESSAGE][INFO] - Action delay is set to 0 milliseconds

2566-08-31 15:22:11 - [MESSAGE][PASSED] - Browser is opened with url: ''

2566-08-31 15:22:11 - [TEST_STEP][PASSED] - navigateToUrl("https://pos-frontend-ton-gumbjqoyzq-as.a.run.app/"): Navigate to 'https://pos-frontend-ton-gumbjqoyzq-as.a.run.app/' successfully

2566-08-31 15:22:12 - [MESSAGE][PASSED] - Navigate to 'https://pos-frontend-ton-gumbjqoyzq-as.a.run.app/' successfully

2566-08-31 15:22:12 - [TEST_STEP][PASSED] - setText(findTestObject("Object Repository/Page_Sign In/input_Username_username"), "admin"): Text 'admin' is set on object 'Object Repository/Page_Sign In/input_Username_username'

2566-08-31 15:22:13 - [MESSAGE][PASSED] - Text 'admin' is set on object 'Object Repository/Page_Sign In/input_Username_username'

2566-08-31 15:22:13 - [TEST_STEP][PASSED] - click(findTestObject("Object Repository/Page_Sign In/form_UsernamePasswordSign in with Credentials")): Object: 'Object Repository/Page_Sign In/form_UsernamePasswordSign in with Credentials' is clicked on

2566-08-31 15:22:13 - [MESSAGE][PASSED] - Object: 'Object Repository/Page_Sign In/form_UsernamePasswordSign in with Credentials' is clicked on

2566-08-31 15:22:13 - [TEST_STEP][PASSED] - setEncryptedText(findTestObject("Object Repository/Page_Sign In/input_Password_password"), "aeHFOx8jV/A="): Text ****** has been set on object 'Object Repository/Page_Sign In/input_Password_password'

2566-08-31 15:22:14 - [MESSAGE][PASSED] - Text ****** has been set on object 'Object Repository/Page_Sign In/input_Password_password'

2566-08-31 15:22:14 - [TEST_STEP][PASSED] - click(findTestObject("Object Repository/Page_Sign In/button_Sign in with Credentials")): Object: 'Object Repository/Page_Sign In/button_Sign in with Credentials' is clicked on

2566-08-31 15:22:15 - [MESSAGE][PASSED] - Object: 'Object Repository/Page_Sign In/button_Sign in with Credentials' is clicked on

2566-08-31 15:22:15 - [TEST_STEP][PASSED] - click(findTestObject("Object Repository/Page_Create Next App/span_Item")): Object: 'Object Repository/Page_Create Next App/span_Item' is clicked on

2566-08-31 15:22:15 - [MESSAGE][PASSED] - Object: 'Object Repository/Page_Create Next App/span_Item' is clicked on

2566-08-31 15:22:15 - [TEST_STEP][PASSED] - click(findTestObject("Object Repository/Page_Create Next App/div_Category")): Object: 'Object Repository/Page_Create Next App/div_Category' is clicked on

2566-08-31 15:22:16 - [MESSAGE][PASSED] - Object: 'Object Repository/Page_Create Next App/div_Category' is clicked on

2566-08-31 15:22:16 - [TEST_STEP][PASSED] - click(findTestObject("Object Repository/Page_Create Next App/button_Sub Category")): Object: 'Object Repository/Page_Create Next App/button_Sub Category' is clicked on

2566-08-31 15:22:17 - [MESSAGE][PASSED] - Object: 'Object Repository/Page_Create Next App/button_Sub Category' is clicked on

2566-08-31 15:22:17 - [TEST_STEP][PASSED] - setText(findTestObject("Object Repository/Page_Create Next App/input_Add Category_input-group-1"), "////"): Text '////' is set on object 'Object Repository/Page_Create Next App/input_Add Category_input-group-1'

2566-08-31 15:22:18 - [MESSAGE][PASSED] - Text '////' is set on object 'Object Repository/Page_Create Next App/input_Add Category_input-group-1'

2566-08-31 15:22:18 - [TEST_STEP][PASSED] - sendKeys(findTestObject("Object Repository/Page_Create Next App/input_Add Category_input-group-1"), Keys.chord(ENTER)): Keys 'ENTER + ' sent to object: 'Object Repository/Page_Create Next App/input_Add Category_input-group-1'

2566-08-31 15:22:19 - [MESSAGE][PASSED] - Keys 'ENTER + ' sent to object: 'Object Repository/Page_Create Next App/input_Add Category_input-group-1'

2566-08-31 15:22:19 - [TEST_STEP][PASSED] - setText(findTestObject("Object Repository/Page_Create Next App/input_Add Category_input-group-1"), "////"): Text '////' is set on object 'Object Repository/Page_Create Next App/input_Add Category_input-group-1'

2566-08-31 15:22:19 - [MESSAGE][PASSED] - Text '////' is set on object 'Object Repository/Page_Create Next App/input_Add Category_input-group-1'

2566-08-31 15:22:19 - [TEST_STEP][PASSED] - sendKeys(findTestObject("Object Repository/Page_Create Next App/input_Add Category_input-group-1"), Keys.chord(ENTER)): Keys 'ENTER + ' sent to object: 'Object Repository/Page_Create Next App/input_Add Category_input-group-1'

2566-08-31 15:22:20 - [MESSAGE][PASSED] - Keys 'ENTER + ' sent to object: 'Object Repository/Page_Create Next App/input_Add Category_input-group-1'

2566-08-31 15:22:20 - [TEST_STEP][PASSED] - setText(findTestObject("Object Repository/Page_Create Next App/input_Add Category_input-group-1"), "////"): Text '////' is set on object 'Object Repository/Page_Create Next App/input_Add Category_input-group-1'

2566-08-31 15:22:21 - [MESSAGE][PASSED] - Text '////' is set on object 'Object Repository/Page_Create Next App/input_Add Category_input-group-1'

2566-08-31 15:22:21 - [TEST_STEP][PASSED] - sendKeys(findTestObject("Object Repository/Page_Create Next App/input_Add Category_input-group-1"), Keys.chord(ENTER)): Keys 'ENTER + ' sent to object: 'Object Repository/Page_Create Next App/input_Add Category_input-group-1'

2566-08-31 15:22:21 - [MESSAGE][PASSED] - Keys 'ENTER + ' sent to object: 'Object Repository/Page_Create Next App/input_Add Category_input-group-1'

2566-08-31 15:22:21 - [TEST_STEP][PASSED] - setText(findTestObject("Object Repository/Page_Create Next App/input_Add Category_input-group-1"), "####"): Text '####' is set on object 'Object Repository/Page_Create Next App/input_Add Category_input-group-1'

2566-08-31 15:22:22 - [MESSAGE][PASSED] - Text '####' is set on object 'Object Repository/Page_Create Next App/input_Add Category_input-group-1'

2566-08-31 15:22:22 - [TEST_STEP][PASSED] - sendKeys(findTestObject("Object Repository/Page_Create Next App/input_Add Category_input-group-1"), Keys.chord(ENTER)): Keys 'ENTER + ' sent to object: 'Object Repository/Page_Create Next App/input_Add Category_input-group-1'

2566-08-31 15:22:22 - [MESSAGE][PASSED] - Keys 'ENTER + ' sent to object: 'Object Repository/Page_Create Next App/input_Add Category_input-group-1'

2566-08-31 15:22:22 - [TEST_STEP][PASSED] - setText(findTestObject("Object Repository/Page_Create Next App/input_Add Category_input-group-1"), "####"): Text '####' is set on object 'Object Repository/Page_Create Next App/input_Add Category_input-group-1'

2566-08-31 15:22:23 - [MESSAGE][PASSED] - Text '####' is set on object 'Object Repository/Page_Create Next App/input_Add Category_input-group-1'

2566-08-31 15:22:23 - [TEST_STEP][PASSED] - sendKeys(findTestObject("Object Repository/Page_Create Next App/input_Add Category_input-group-1"), Keys.chord(ENTER)): Keys 'ENTER + ' sent to object: 'Object Repository/Page_Create Next App/input_Add Category_input-group-1'

2566-08-31 15:22:23 - [MESSAGE][PASSED] - Keys 'ENTER + ' sent to object: 'Object Repository/Page_Create Next App/input_Add Category_input-group-1'

2566-08-31 15:22:23 - [TEST_STEP][PASSED] - setText(findTestObject("Object Repository/Page_Create Next App/input_Add Category_input-group-1"), "####"): Text '####' is set on object 'Object Repository/Page_Create Next App/input_Add Category_input-group-1'

2566-08-31 15:22:24 - [MESSAGE][PASSED] - Text '####' is set on object 'Object Repository/Page_Create Next App/input_Add Category_input-group-1'

2566-08-31 15:22:24 - [TEST_STEP][PASSED] - sendKeys(findTestObject("Object Repository/Page_Create Next App/input_Add Category_input-group-1"), Keys.chord(ENTER)): Keys 'ENTER + ' sent to object: 'Object Repository/Page_Create Next App/input_Add Category_input-group-1'

2566-08-31 15:22:25 - [MESSAGE][PASSED] - Keys 'ENTER + ' sent to object: 'Object Repository/Page_Create Next App/input_Add Category_input-group-1'

2566-08-31 15:22:25 - [TEST_STEP][PASSED] - setText(findTestObject("Object Repository/Page_Create Next App/input_Add Category_input-group-1"), "    '"): Text '    '' is set on object 'Object Repository/Page_Create Next App/input_Add Category_input-group-1'

2566-08-31 15:22:25 - [MESSAGE][PASSED] - Text '    '' is set on object 'Object Repository/Page_Create Next App/input_Add Category_input-group-1'

2566-08-31 15:22:25 - [TEST_STEP][PASSED] - sendKeys(findTestObject("Object Repository/Page_Create Next App/input_Add Category_input-group-1"), Keys.chord(ENTER)): Keys 'ENTER + ' sent to object: 'Object Repository/Page_Create Next App/input_Add Category_input-group-1'

2566-08-31 15:22:26 - [MESSAGE][PASSED] - Keys 'ENTER + ' sent to object: 'Object Repository/Page_Create Next App/input_Add Category_input-group-1'

2566-08-31 15:22:26 - [TEST_STEP][PASSED] - setText(findTestObject("Object Repository/Page_Create Next App/input_Add Category_input-group-1"), "    '"): Text '    '' is set on object 'Object Repository/Page_Create Next App/input_Add Category_input-group-1'

2566-08-31 15:22:26 - [MESSAGE][PASSED] - Text '    '' is set on object 'Object Repository/Page_Create Next App/input_Add Category_input-group-1'

2566-08-31 15:22:26 - [TEST_STEP][PASSED] - sendKeys(findTestObject("Object Repository/Page_Create Next App/input_Add Category_input-group-1"), Keys.chord(ENTER)): Keys 'ENTER + ' sent to object: 'Object Repository/Page_Create Next App/input_Add Category_input-group-1'

2566-08-31 15:22:27 - [MESSAGE][PASSED] - Keys 'ENTER + ' sent to object: 'Object Repository/Page_Create Next App/input_Add Category_input-group-1'

2566-08-31 15:22:27 - [TEST_STEP][PASSED] - setText(findTestObject("Object Repository/Page_Create Next App/input_Add Category_input-group-1"), "    '"): Text '    '' is set on object 'Object Repository/Page_Create Next App/input_Add Category_input-group-1'

2566-08-31 15:22:28 - [MESSAGE][PASSED] - Text '    '' is set on object 'Object Repository/Page_Create Next App/input_Add Category_input-group-1'

2566-08-31 15:22:28 - [TEST_STEP][PASSED] - sendKeys(findTestObject("Object Repository/Page_Create Next App/input_Add Category_input-group-1"), Keys.chord(ENTER)): Keys 'ENTER + ' sent to object: 'Object Repository/Page_Create Next App/input_Add Category_input-group-1'

2566-08-31 15:22:28 - [MESSAGE][PASSED] - Keys 'ENTER + ' sent to object: 'Object Repository/Page_Create Next App/input_Add Category_input-group-1'

2566-08-31 15:22:28 - [TEST_STEP][PASSED] - setText(findTestObject("Object Repository/Page_Create Next App/input_Add Category_input-group-1"), " "): Text ' ' is set on object 'Object Repository/Page_Create Next App/input_Add Category_input-group-1'

2566-08-31 15:22:29 - [MESSAGE][PASSED] - Text ' ' is set on object 'Object Repository/Page_Create Next App/input_Add Category_input-group-1'

2566-08-31 15:22:29 - [TEST_STEP][PASSED] - sendKeys(findTestObject("Object Repository/Page_Create Next App/input_Add Category_input-group-1"), Keys.chord(ENTER)): Keys 'ENTER + ' sent to object: 'Object Repository/Page_Create Next App/input_Add Category_input-group-1'

2566-08-31 15:22:29 - [MESSAGE][PASSED] - Keys 'ENTER + ' sent to object: 'Object Repository/Page_Create Next App/input_Add Category_input-group-1'

2566-08-31 15:22:29 - [TEST_STEP][PASSED] - setText(findTestObject("Object Repository/Page_Create Next App/input_Add Category_input-group-1"), "%"): Text '%' is set on object 'Object Repository/Page_Create Next App/input_Add Category_input-group-1'

2566-08-31 15:22:30 - [MESSAGE][PASSED] - Text '%' is set on object 'Object Repository/Page_Create Next App/input_Add Category_input-group-1'

2566-08-31 15:22:30 - [TEST_STEP][PASSED] - sendKeys(findTestObject("Object Repository/Page_Create Next App/input_Add Category_input-group-1"), Keys.chord(ENTER)): Keys 'ENTER + ' sent to object: 'Object Repository/Page_Create Next App/input_Add Category_input-group-1'

2566-08-31 15:22:30 - [MESSAGE][PASSED] - Keys 'ENTER + ' sent to object: 'Object Repository/Page_Create Next App/input_Add Category_input-group-1'

2566-08-31 15:22:30 - [TEST_STEP][PASSED] - setText(findTestObject("Object Repository/Page_Create Next App/input_Add Category_input-group-1"), "&&"): Text '&&' is set on object 'Object Repository/Page_Create Next App/input_Add Category_input-group-1'

2566-08-31 15:22:31 - [MESSAGE][PASSED] - Text '&&' is set on object 'Object Repository/Page_Create Next App/input_Add Category_input-group-1'

2566-08-31 15:22:31 - [TEST_STEP][PASSED] - sendKeys(findTestObject("Object Repository/Page_Create Next App/input_Add Category_input-group-1"), Keys.chord(ENTER)): Keys 'ENTER + ' sent to object: 'Object Repository/Page_Create Next App/input_Add Category_input-group-1'

2566-08-31 15:22:31 - [MESSAGE][PASSED] - Keys 'ENTER + ' sent to object: 'Object Repository/Page_Create Next App/input_Add Category_input-group-1'

2566-08-31 15:22:31 - [TEST_STEP][PASSED] - setText(findTestObject("Object Repository/Page_Create Next App/input_Add Category_input-group-1"), "&&"): Text '&&' is set on object 'Object Repository/Page_Create Next App/input_Add Category_input-group-1'

2566-08-31 15:22:32 - [MESSAGE][PASSED] - Text '&&' is set on object 'Object Repository/Page_Create Next App/input_Add Category_input-group-1'

2566-08-31 15:22:32 - [TEST_STEP][PASSED] - sendKeys(findTestObject("Object Repository/Page_Create Next App/input_Add Category_input-group-1"), Keys.chord(ENTER)): Keys 'ENTER + ' sent to object: 'Object Repository/Page_Create Next App/input_Add Category_input-group-1'

2566-08-31 15:22:33 - [MESSAGE][PASSED] - Keys 'ENTER + ' sent to object: 'Object Repository/Page_Create Next App/input_Add Category_input-group-1'

2566-08-31 15:22:33 - [TEST_STEP][PASSED] - setText(findTestObject("Object Repository/Page_Create Next App/input_Add Category_input-group-1"), ""): Text '' is set on object 'Object Repository/Page_Create Next App/input_Add Category_input-group-1'

2566-08-31 15:22:33 - [MESSAGE][PASSED] - Text '' is set on object 'Object Repository/Page_Create Next App/input_Add Category_input-group-1'

2566-08-31 15:22:33 - [TEST_STEP][PASSED] - closeBrowser(): Browser is closed

2566-08-31 15:22:34 - [MESSAGE][PASSED] - Browser is closed]]></system-out>
         <system-err><![CDATA[]]></system-err>
      </testcase>
      <testcase name="Test Cases/Category LIST/Search sub category/ตรวจสอบว่าสามารถ copy ข้อมูลมาวางได้หรือไม่" time="17.514" classname="Test Cases/Category LIST/Search sub category/ตรวจสอบว่าสามารถ copy ข้อมูลมาวางได้หรือไม่" status="PASSED">
         <system-out><![CDATA[2566-08-31 15:22:34 - [TEST_CASE][PASSED] - Test Cases/Category LIST/Search sub category/ตรวจสอบว่าสามารถ copy ข้อมูลมาวางได้หรือไม่: Test Cases/Category LIST/Search sub category/ตรวจสอบว่าสามารถ copy ข้อมูลมาวางได้หรือไม่

2566-08-31 15:22:34 - [TEST_STEP][PASSED] - openBrowser(""): Browser is opened with url: ''

2566-08-31 15:22:34 - [MESSAGE][INFO] - Starting 'Chrome' driver

2566-08-31 15:22:34 - [MESSAGE][INFO] - Action delay is set to 0 milliseconds

2566-08-31 15:22:35 - [MESSAGE][PASSED] - Browser is opened with url: ''

2566-08-31 15:22:35 - [TEST_STEP][PASSED] - navigateToUrl("https://pos-frontend-ton-gumbjqoyzq-as.a.run.app/"): Navigate to 'https://pos-frontend-ton-gumbjqoyzq-as.a.run.app/' successfully

2566-08-31 15:22:36 - [MESSAGE][PASSED] - Navigate to 'https://pos-frontend-ton-gumbjqoyzq-as.a.run.app/' successfully

2566-08-31 15:22:36 - [TEST_STEP][PASSED] - setText(findTestObject("Object Repository/Page_Sign In/input_Username_username"), "admin"): Text 'admin' is set on object 'Object Repository/Page_Sign In/input_Username_username'

2566-08-31 15:22:37 - [MESSAGE][PASSED] - Text 'admin' is set on object 'Object Repository/Page_Sign In/input_Username_username'

2566-08-31 15:22:37 - [TEST_STEP][PASSED] - setEncryptedText(findTestObject("Object Repository/Page_Sign In/input_Password_password"), "aeHFOx8jV/A="): Text ****** has been set on object 'Object Repository/Page_Sign In/input_Password_password'

2566-08-31 15:22:38 - [MESSAGE][PASSED] - Text ****** has been set on object 'Object Repository/Page_Sign In/input_Password_password'

2566-08-31 15:22:38 - [TEST_STEP][PASSED] - click(findTestObject("Object Repository/Page_Sign In/button_Sign in with Credentials")): Object: 'Object Repository/Page_Sign In/button_Sign in with Credentials' is clicked on

2566-08-31 15:22:39 - [MESSAGE][PASSED] - Object: 'Object Repository/Page_Sign In/button_Sign in with Credentials' is clicked on

2566-08-31 15:22:39 - [TEST_STEP][PASSED] - click(findTestObject("Object Repository/Page_Create Next App/div_Item")): Object: 'Object Repository/Page_Create Next App/div_Item' is clicked on

2566-08-31 15:22:39 - [MESSAGE][PASSED] - Object: 'Object Repository/Page_Create Next App/div_Item' is clicked on

2566-08-31 15:22:39 - [TEST_STEP][PASSED] - click(findTestObject("Object Repository/Page_Create Next App/span_Item")): Object: 'Object Repository/Page_Create Next App/span_Item' is clicked on

2566-08-31 15:22:40 - [MESSAGE][PASSED] - Object: 'Object Repository/Page_Create Next App/span_Item' is clicked on

2566-08-31 15:22:40 - [TEST_STEP][PASSED] - click(findTestObject("Object Repository/Page_Create Next App/span_Category")): Object: 'Object Repository/Page_Create Next App/span_Category' is clicked on

2566-08-31 15:22:40 - [MESSAGE][PASSED] - Object: 'Object Repository/Page_Create Next App/span_Category' is clicked on

2566-08-31 15:22:40 - [TEST_STEP][PASSED] - click(findTestObject("Object Repository/Page_Create Next App/button_Sub Category")): Object: 'Object Repository/Page_Create Next App/button_Sub Category' is clicked on

2566-08-31 15:22:41 - [MESSAGE][PASSED] - Object: 'Object Repository/Page_Create Next App/button_Sub Category' is clicked on

2566-08-31 15:22:41 - [TEST_STEP][PASSED] - setText(findTestObject("Object Repository/Page_Create Next App/input_Add Category_input-group-1"), "WatersTT555"): Text 'WatersTT555' is set on object 'Object Repository/Page_Create Next App/input_Add Category_input-group-1'

2566-08-31 15:22:42 - [MESSAGE][PASSED] - Text 'WatersTT555' is set on object 'Object Repository/Page_Create Next App/input_Add Category_input-group-1'

2566-08-31 15:22:42 - [TEST_STEP][PASSED] - sendKeys(findTestObject("Object Repository/Page_Create Next App/input_Add Category_input-group-1"), Keys.chord(ENTER)): Keys 'ENTER + ' sent to object: 'Object Repository/Page_Create Next App/input_Add Category_input-group-1'

2566-08-31 15:22:43 - [MESSAGE][PASSED] - Keys 'ENTER + ' sent to object: 'Object Repository/Page_Create Next App/input_Add Category_input-group-1'

2566-08-31 15:22:43 - [TEST_STEP][PASSED] - setText(findTestObject("Object Repository/Page_Create Next App/input_Add Category_input-group-1"), "WatersTT555"): Text 'WatersTT555' is set on object 'Object Repository/Page_Create Next App/input_Add Category_input-group-1'

2566-08-31 15:22:43 - [MESSAGE][PASSED] - Text 'WatersTT555' is set on object 'Object Repository/Page_Create Next App/input_Add Category_input-group-1'

2566-08-31 15:22:43 - [TEST_STEP][PASSED] - sendKeys(findTestObject("Object Repository/Page_Create Next App/input_Add Category_input-group-1"), Keys.chord(ENTER)): Keys 'ENTER + ' sent to object: 'Object Repository/Page_Create Next App/input_Add Category_input-group-1'

2566-08-31 15:22:44 - [MESSAGE][PASSED] - Keys 'ENTER + ' sent to object: 'Object Repository/Page_Create Next App/input_Add Category_input-group-1'

2566-08-31 15:22:44 - [TEST_STEP][PASSED] - setText(findTestObject("Object Repository/Page_Create Next App/input_Add Category_input-group-1"), "45546456"): Text '45546456' is set on object 'Object Repository/Page_Create Next App/input_Add Category_input-group-1'

2566-08-31 15:22:45 - [MESSAGE][PASSED] - Text '45546456' is set on object 'Object Repository/Page_Create Next App/input_Add Category_input-group-1'

2566-08-31 15:22:45 - [TEST_STEP][PASSED] - sendKeys(findTestObject("Object Repository/Page_Create Next App/input_Add Category_input-group-1"), Keys.chord(ENTER)): Keys 'ENTER + ' sent to object: 'Object Repository/Page_Create Next App/input_Add Category_input-group-1'

2566-08-31 15:22:45 - [MESSAGE][PASSED] - Keys 'ENTER + ' sent to object: 'Object Repository/Page_Create Next App/input_Add Category_input-group-1'

2566-08-31 15:22:45 - [TEST_STEP][PASSED] - setText(findTestObject("Object Repository/Page_Create Next App/input_Add Category_input-group-1"), "test55"): Text 'test55' is set on object 'Object Repository/Page_Create Next App/input_Add Category_input-group-1'

2566-08-31 15:22:46 - [MESSAGE][PASSED] - Text 'test55' is set on object 'Object Repository/Page_Create Next App/input_Add Category_input-group-1'

2566-08-31 15:22:46 - [TEST_STEP][PASSED] - sendKeys(findTestObject("Object Repository/Page_Create Next App/input_Add Category_input-group-1"), Keys.chord(ENTER)): Keys 'ENTER + ' sent to object: 'Object Repository/Page_Create Next App/input_Add Category_input-group-1'

2566-08-31 15:22:46 - [MESSAGE][PASSED] - Keys 'ENTER + ' sent to object: 'Object Repository/Page_Create Next App/input_Add Category_input-group-1'

2566-08-31 15:22:46 - [TEST_STEP][PASSED] - click(findTestObject("Object Repository/Page_Create Next App/div_CategoryAllWatersTT555Categories2Ben285_7d2483")): Object: 'Object Repository/Page_Create Next App/div_CategoryAllWatersTT555Categories2Ben285_7d2483' is clicked on

2566-08-31 15:22:47 - [MESSAGE][PASSED] - Object: 'Object Repository/Page_Create Next App/div_CategoryAllWatersTT555Categories2Ben285_7d2483' is clicked on

2566-08-31 15:22:47 - [TEST_STEP][PASSED] - click(findTestObject("Object Repository/Page_Create Next App/svg_Add SubCategory_absolute top-12 transfo_2e79f2")): Object: 'Object Repository/Page_Create Next App/svg_Add SubCategory_absolute top-12 transfo_2e79f2' is clicked on

2566-08-31 15:22:47 - [MESSAGE][PASSED] - Object: 'Object Repository/Page_Create Next App/svg_Add SubCategory_absolute top-12 transfo_2e79f2' is clicked on

2566-08-31 15:22:47 - [TEST_STEP][PASSED] - setText(findTestObject("Object Repository/Page_Create Next App/input_Add Category_input-group-1"), "Ben285"): Text 'Ben285' is set on object 'Object Repository/Page_Create Next App/input_Add Category_input-group-1'

2566-08-31 15:22:48 - [MESSAGE][PASSED] - Text 'Ben285' is set on object 'Object Repository/Page_Create Next App/input_Add Category_input-group-1'

2566-08-31 15:22:48 - [TEST_STEP][PASSED] - sendKeys(findTestObject("Object Repository/Page_Create Next App/input_Add Category_input-group-1"), Keys.chord(ENTER)): Keys 'ENTER + ' sent to object: 'Object Repository/Page_Create Next App/input_Add Category_input-group-1'

2566-08-31 15:22:48 - [MESSAGE][PASSED] - Keys 'ENTER + ' sent to object: 'Object Repository/Page_Create Next App/input_Add Category_input-group-1'

2566-08-31 15:22:48 - [TEST_STEP][PASSED] - setText(findTestObject("Object Repository/Page_Create Next App/input_Add Category_input-group-1"), "Ben285"): Text 'Ben285' is set on object 'Object Repository/Page_Create Next App/input_Add Category_input-group-1'

2566-08-31 15:22:49 - [MESSAGE][PASSED] - Text 'Ben285' is set on object 'Object Repository/Page_Create Next App/input_Add Category_input-group-1'

2566-08-31 15:22:49 - [TEST_STEP][PASSED] - sendKeys(findTestObject("Object Repository/Page_Create Next App/input_Add Category_input-group-1"), Keys.chord(ENTER)): Keys 'ENTER + ' sent to object: 'Object Repository/Page_Create Next App/input_Add Category_input-group-1'

2566-08-31 15:22:50 - [MESSAGE][PASSED] - Keys 'ENTER + ' sent to object: 'Object Repository/Page_Create Next App/input_Add Category_input-group-1'

2566-08-31 15:22:50 - [TEST_STEP][PASSED] - setText(findTestObject("Object Repository/Page_Create Next App/input_Add Category_input-group-1"), "Ben285"): Text 'Ben285' is set on object 'Object Repository/Page_Create Next App/input_Add Category_input-group-1'

2566-08-31 15:22:50 - [MESSAGE][PASSED] - Text 'Ben285' is set on object 'Object Repository/Page_Create Next App/input_Add Category_input-group-1'

2566-08-31 15:22:50 - [TEST_STEP][PASSED] - sendKeys(findTestObject("Object Repository/Page_Create Next App/input_Add Category_input-group-1"), Keys.chord(ENTER)): Keys 'ENTER + ' sent to object: 'Object Repository/Page_Create Next App/input_Add Category_input-group-1'

2566-08-31 15:22:51 - [MESSAGE][PASSED] - Keys 'ENTER + ' sent to object: 'Object Repository/Page_Create Next App/input_Add Category_input-group-1'

2566-08-31 15:22:51 - [TEST_STEP][PASSED] - closeBrowser(): Browser is closed

2566-08-31 15:22:51 - [MESSAGE][PASSED] - Browser is closed]]></system-out>
         <system-err><![CDATA[]]></system-err>
      </testcase>
      <system-out><![CDATA[2566-08-31 15:21:13 - [TEST_SUITE][PASSED] - Testsearch sub category: Test Cases/Category LIST/Search sub category/ตรวจสอบว่าสามารถ copy ข้อมูลมาวางได้หรือไม่]]></system-out>
      <system-err><![CDATA[]]></system-err>
   </testsuite>
</testsuites>
