<?xml version="1.0" encoding="UTF-8"?>
<testsuites name="Test Suite search categoryList" time="21.907" tests="2" failures="0" errors="0">
   <testsuite name="Test Suite search categoryList" tests="2" failures="0" errors="0" time="21.907" skipped="0" timestamp="2566-08-30 15:05:21" hostname="USER - DESKTOP-67R9BDO" id="Test Suites/Test Suite search categoryList">
      <properties>
         <property name="deviceName" value=""/>
         <property name="devicePlatform" value=""/>
         <property name="logFolder" value="C:\\Users\\USER\\git\\katalon\\Reports\\25660830_150512\\Test Suite search categoryList\\25660830_150512"/>
         <property name="logFiles" value="C:\\Users\\USER\\git\\katalon\\Reports\\25660830_150512\\Test Suite search categoryList\\25660830_150512\\execution0.log"/>
         <property name="attachments" value=""/>
         <property name="hostName" value="USER - DESKTOP-67R9BDO"/>
         <property name="os" value="Windows 11 64bit"/>
         <property name="katalonVersion" value="8.6.6.208"/>
         <property name="browser" value="Chrome 116.0.0.0"/>
         <property name="hostAddress" value="172.20.10.12"/>
         <property name="sessionId" value="4844b87eb2cdfe9b59136d5835f94cf2"/>
         <property name="seleniumVersion" value="3.141.59"/>
         <property name="proxyInformation" value="ProxyInformation { proxyOption=NO_PROXY, proxyServerType=HTTP, username=, password=********, proxyServerAddress=, proxyServerPort=0, executionList=&quot;&quot;, isApplyToDesiredCapabilities=true }"/>
         <property name="platform" value="Windows 11"/>
      </properties>
      <testcase name="Test Cases/TEST Search Category LIST" time="11.794" classname="Test Cases/TEST Search Category LIST" status="PASSED">
         <system-out><![CDATA[2566-08-30 15:05:21 - [TEST_CASE][PASSED] - Test Cases/TEST Search Category LIST: Test Cases/TEST Search Category LIST

2566-08-30 15:05:22 - [TEST_STEP][PASSED] - openBrowser(""): Browser is opened with url: ''

2566-08-30 15:05:22 - [MESSAGE][INFO] - Starting 'Chrome' driver

2566-08-30 15:05:22 - [MESSAGE][INFO] - Action delay is set to 0 milliseconds

2566-08-30 15:05:24 - [MESSAGE][PASSED] - Browser is opened with url: ''

2566-08-30 15:05:24 - [TEST_STEP][PASSED] - navigateToUrl("https://pos-frontend-ton-gumbjqoyzq-as.a.run.app/"): Navigate to 'https://pos-frontend-ton-gumbjqoyzq-as.a.run.app/' successfully

2566-08-30 15:05:25 - [MESSAGE][PASSED] - Navigate to 'https://pos-frontend-ton-gumbjqoyzq-as.a.run.app/' successfully

2566-08-30 15:05:25 - [TEST_STEP][PASSED] - setText(findTestObject("Object Repository/Page_Sign In/input_Username_username"), "admin"): Text 'admin' is set on object 'Object Repository/Page_Sign In/input_Username_username'

2566-08-30 15:05:26 - [MESSAGE][PASSED] - Text 'admin' is set on object 'Object Repository/Page_Sign In/input_Username_username'

2566-08-30 15:05:26 - [TEST_STEP][PASSED] - setEncryptedText(findTestObject("Object Repository/Page_Sign In/input_Password_password"), "aeHFOx8jV/A="): Text ****** has been set on object 'Object Repository/Page_Sign In/input_Password_password'

2566-08-30 15:05:27 - [MESSAGE][PASSED] - Text ****** has been set on object 'Object Repository/Page_Sign In/input_Password_password'

2566-08-30 15:05:27 - [TEST_STEP][PASSED] - click(findTestObject("Object Repository/Page_Sign In/button_Sign in with Credentials")): Object: 'Object Repository/Page_Sign In/button_Sign in with Credentials' is clicked on

2566-08-30 15:05:28 - [MESSAGE][PASSED] - Object: 'Object Repository/Page_Sign In/button_Sign in with Credentials' is clicked on

2566-08-30 15:05:28 - [TEST_STEP][PASSED] - click(findTestObject("Object Repository/Page_Create Next App/span_Item")): Object: 'Object Repository/Page_Create Next App/span_Item' is clicked on

2566-08-30 15:05:29 - [MESSAGE][PASSED] - Object: 'Object Repository/Page_Create Next App/span_Item' is clicked on

2566-08-30 15:05:29 - [TEST_STEP][PASSED] - click(findTestObject("Object Repository/Page_Create Next App/span_Category")): Object: 'Object Repository/Page_Create Next App/span_Category' is clicked on

2566-08-30 15:05:30 - [MESSAGE][PASSED] - Object: 'Object Repository/Page_Create Next App/span_Category' is clicked on

2566-08-30 15:05:30 - [TEST_STEP][PASSED] - setText(findTestObject("Object Repository/Page_Create Next App/input_Add Category_input-group-1"), "water"): Text 'water' is set on object 'Object Repository/Page_Create Next App/input_Add Category_input-group-1'

2566-08-30 15:05:31 - [MESSAGE][PASSED] - Text 'water' is set on object 'Object Repository/Page_Create Next App/input_Add Category_input-group-1'

2566-08-30 15:05:31 - [TEST_STEP][PASSED] - sendKeys(findTestObject("Object Repository/Page_Create Next App/input_Add Category_input-group-1"), Keys.chord(ENTER)): Keys 'ENTER + ' sent to object: 'Object Repository/Page_Create Next App/input_Add Category_input-group-1'

2566-08-30 15:05:32 - [MESSAGE][PASSED] - Keys 'ENTER + ' sent to object: 'Object Repository/Page_Create Next App/input_Add Category_input-group-1'

2566-08-30 15:05:32 - [TEST_STEP][PASSED] - setText(findTestObject("Object Repository/Page_Create Next App/input_Add Category_input-group-1"), ""): Text '' is set on object 'Object Repository/Page_Create Next App/input_Add Category_input-group-1'

2566-08-30 15:05:32 - [MESSAGE][PASSED] - Text '' is set on object 'Object Repository/Page_Create Next App/input_Add Category_input-group-1'

2566-08-30 15:05:32 - [TEST_STEP][PASSED] - closeBrowser(): Browser is closed

2566-08-30 15:05:33 - [MESSAGE][PASSED] - Browser is closed]]></system-out>
         <system-err><![CDATA[]]></system-err>
      </testcase>
      <testcase name="Test Cases/Test CaseUU" time="9.802" classname="Test Cases/Test CaseUU" status="PASSED">
         <system-out><![CDATA[2566-08-30 15:05:33 - [TEST_CASE][PASSED] - Test Cases/Test CaseUU: Test Cases/Test CaseUU

2566-08-30 15:05:33 - [TEST_STEP][PASSED] - openBrowser(""): Browser is opened with url: ''

2566-08-30 15:05:33 - [MESSAGE][INFO] - Starting 'Chrome' driver

2566-08-30 15:05:33 - [MESSAGE][INFO] - Action delay is set to 0 milliseconds

2566-08-30 15:05:35 - [MESSAGE][PASSED] - Browser is opened with url: ''

2566-08-30 15:05:35 - [TEST_STEP][PASSED] - navigateToUrl("https://pos-frontend-ton-gumbjqoyzq-as.a.run.app/"): Navigate to 'https://pos-frontend-ton-gumbjqoyzq-as.a.run.app/' successfully

2566-08-30 15:05:36 - [MESSAGE][PASSED] - Navigate to 'https://pos-frontend-ton-gumbjqoyzq-as.a.run.app/' successfully

2566-08-30 15:05:36 - [TEST_STEP][PASSED] - setText(findTestObject("Object Repository/Page_Sign In/input_Username_username"), "admin"): Text 'admin' is set on object 'Object Repository/Page_Sign In/input_Username_username'

2566-08-30 15:05:36 - [MESSAGE][PASSED] - Text 'admin' is set on object 'Object Repository/Page_Sign In/input_Username_username'

2566-08-30 15:05:36 - [TEST_STEP][PASSED] - setEncryptedText(findTestObject("Object Repository/Page_Sign In/input_Password_password"), "aeHFOx8jV/A="): Text ****** has been set on object 'Object Repository/Page_Sign In/input_Password_password'

2566-08-30 15:05:37 - [MESSAGE][PASSED] - Text ****** has been set on object 'Object Repository/Page_Sign In/input_Password_password'

2566-08-30 15:05:37 - [TEST_STEP][PASSED] - click(findTestObject("Object Repository/Page_Sign In/button_Sign in with Credentials")): Object: 'Object Repository/Page_Sign In/button_Sign in with Credentials' is clicked on

2566-08-30 15:05:38 - [MESSAGE][PASSED] - Object: 'Object Repository/Page_Sign In/button_Sign in with Credentials' is clicked on

2566-08-30 15:05:38 - [TEST_STEP][PASSED] - click(findTestObject("Object Repository/Page_Create Next App/span_Item")): Object: 'Object Repository/Page_Create Next App/span_Item' is clicked on

2566-08-30 15:05:39 - [MESSAGE][PASSED] - Object: 'Object Repository/Page_Create Next App/span_Item' is clicked on

2566-08-30 15:05:39 - [TEST_STEP][PASSED] - click(findTestObject("Object Repository/Page_Create Next App/span_Category")): Object: 'Object Repository/Page_Create Next App/span_Category' is clicked on

2566-08-30 15:05:40 - [MESSAGE][PASSED] - Object: 'Object Repository/Page_Create Next App/span_Category' is clicked on

2566-08-30 15:05:40 - [TEST_STEP][PASSED] - click(findTestObject("Object Repository/Page_Create Next App/svg_SUB CATEGORY_h-5 w-5 text-cream-1000 bg_16af12")): Object: 'Object Repository/Page_Create Next App/svg_SUB CATEGORY_h-5 w-5 text-cream-1000 bg_16af12' is clicked on

2566-08-30 15:05:41 - [MESSAGE][PASSED] - Object: 'Object Repository/Page_Create Next App/svg_SUB CATEGORY_h-5 w-5 text-cream-1000 bg_16af12' is clicked on

2566-08-30 15:05:41 - [TEST_STEP][PASSED] - click(findTestObject("Object Repository/Page_Create Next App/svg_SUB CATEGORY_h-5 w-5 text-cream-1000 bg_16af12")): Object: 'Object Repository/Page_Create Next App/svg_SUB CATEGORY_h-5 w-5 text-cream-1000 bg_16af12' is clicked on

2566-08-30 15:05:41 - [MESSAGE][PASSED] - Object: 'Object Repository/Page_Create Next App/svg_SUB CATEGORY_h-5 w-5 text-cream-1000 bg_16af12' is clicked on

2566-08-30 15:05:41 - [TEST_STEP][PASSED] - click(findTestObject("Object Repository/Page_Create Next App/svg_SUB CATEGORY_h-5 w-5 text-cream-1000 bg_16af12")): Object: 'Object Repository/Page_Create Next App/svg_SUB CATEGORY_h-5 w-5 text-cream-1000 bg_16af12' is clicked on

2566-08-30 15:05:42 - [MESSAGE][PASSED] - Object: 'Object Repository/Page_Create Next App/svg_SUB CATEGORY_h-5 w-5 text-cream-1000 bg_16af12' is clicked on

2566-08-30 15:05:42 - [TEST_STEP][PASSED] - click(findTestObject("Object Repository/Page_Create Next App/svg_SUB CATEGORY_h-5 w-5 text-cream-1000 bg_16af12")): Object: 'Object Repository/Page_Create Next App/svg_SUB CATEGORY_h-5 w-5 text-cream-1000 bg_16af12' is clicked on

2566-08-30 15:05:42 - [MESSAGE][PASSED] - Object: 'Object Repository/Page_Create Next App/svg_SUB CATEGORY_h-5 w-5 text-cream-1000 bg_16af12' is clicked on

2566-08-30 15:05:42 - [TEST_STEP][PASSED] - closeBrowser(): Browser is closed

2566-08-30 15:05:43 - [MESSAGE][PASSED] - Browser is closed]]></system-out>
         <system-err><![CDATA[]]></system-err>
      </testcase>
      <system-out><![CDATA[2566-08-30 15:05:21 - [TEST_SUITE][PASSED] - Test Suite search categoryList: Test Cases/Test CaseUU]]></system-out>
      <system-err><![CDATA[]]></system-err>
   </testsuite>
</testsuites>
