<?xml version="1.0" encoding="UTF-8"?>
<testsuites name="Test Suite login" time="10.105" tests="1" failures="0" errors="0">
   <testsuite name="Test Suite login" tests="1" failures="0" errors="0" time="10.105" skipped="0" timestamp="2566-08-28 14:09:28" hostname="USER - DESKTOP-67R9BDO" id="Test Suites/Test Suite login">
      <properties>
         <property name="deviceName" value=""/>
         <property name="devicePlatform" value=""/>
         <property name="logFolder" value="C:\\Users\\USER\\git\\katalon\\Reports\\25660828_140923\\Test Suite login\\25660828_140923"/>
         <property name="logFiles" value="C:\\Users\\USER\\git\\katalon\\Reports\\25660828_140923\\Test Suite login\\25660828_140923\\execution0.log"/>
         <property name="attachments" value=""/>
         <property name="hostName" value="USER - DESKTOP-67R9BDO"/>
         <property name="os" value="Windows 11 64bit"/>
         <property name="katalonVersion" value="8.6.6.208"/>
         <property name="browser" value="Chrome 116.0.0.0"/>
         <property name="hostAddress" value="172.20.10.12"/>
         <property name="sessionId" value="f060d6d6525f765a727e436c7009cf09"/>
         <property name="seleniumVersion" value="3.141.59"/>
         <property name="proxyInformation" value="ProxyInformation { proxyOption=NO_PROXY, proxyServerType=HTTP, username=, password=********, proxyServerAddress=, proxyServerPort=0, executionList=&quot;&quot;, isApplyToDesiredCapabilities=true }"/>
         <property name="platform" value="Windows 11"/>
      </properties>
      <testcase name="Test Cases/Test Case login" time="9.556" classname="Test Cases/Test Case login" status="PASSED">
         <system-out><![CDATA[2566-08-28 14:09:29 - [TEST_CASE][PASSED] - Test Cases/Test Case login: Test Cases/Test Case login

2566-08-28 14:09:29 - [TEST_STEP][PASSED] - openBrowser(""): Browser is opened with url: ''

2566-08-28 14:09:30 - [MESSAGE][INFO] - Starting 'Chrome' driver

2566-08-28 14:09:30 - [MESSAGE][INFO] - Action delay is set to 0 milliseconds

2566-08-28 14:09:33 - [MESSAGE][PASSED] - Browser is opened with url: ''

2566-08-28 14:09:33 - [TEST_STEP][PASSED] - navigateToUrl("http://35.197.145.54/api/auth/signin?callbackUrl=http%3A%2F%2F35.197.145.54%2Fitems"): Navigate to 'http://35.197.145.54/api/auth/signin?callbackUrl=http%3A%2F%2F35.197.145.54%2Fitems' successfully

2566-08-28 14:09:33 - [MESSAGE][PASSED] - Navigate to 'http://35.197.145.54/api/auth/signin?callbackUrl=http%3A%2F%2F35.197.145.54%2Fitems' successfully

2566-08-28 14:09:33 - [TEST_STEP][PASSED] - setText(findTestObject("Object Repository/Page_Sign In/input_Username_username"), "admin"): Text 'admin' is set on object 'Object Repository/Page_Sign In/input_Username_username'

2566-08-28 14:09:35 - [MESSAGE][PASSED] - Text 'admin' is set on object 'Object Repository/Page_Sign In/input_Username_username'

2566-08-28 14:09:35 - [TEST_STEP][PASSED] - setEncryptedText(findTestObject("Object Repository/Page_Sign In/input_Password_password"), "aeHFOx8jV/A="): Text ****** has been set on object 'Object Repository/Page_Sign In/input_Password_password'

2566-08-28 14:09:35 - [MESSAGE][PASSED] - Text ****** has been set on object 'Object Repository/Page_Sign In/input_Password_password'

2566-08-28 14:09:35 - [TEST_STEP][PASSED] - click(findTestObject("Object Repository/Page_Sign In/button_Sign in with Credentials")): Object: 'Object Repository/Page_Sign In/button_Sign in with Credentials' is clicked on

2566-08-28 14:09:37 - [MESSAGE][PASSED] - Object: 'Object Repository/Page_Sign In/button_Sign in with Credentials' is clicked on

2566-08-28 14:09:37 - [TEST_STEP][PASSED] - closeBrowser(): Browser is closed

2566-08-28 14:09:38 - [MESSAGE][PASSED] - Browser is closed]]></system-out>
         <system-err><![CDATA[]]></system-err>
      </testcase>
      <system-out><![CDATA[2566-08-28 14:09:28 - [TEST_SUITE][PASSED] - Test Suite login: Test Cases/Test Case login]]></system-out>
      <system-err><![CDATA[]]></system-err>
   </testsuite>
</testsuites>
