<?xml version="1.0" encoding="UTF-8"?>
<testsuites name="Testsuites filter category" time="24.991" tests="2" failures="0" errors="0">
   <testsuite name="Testsuites filter category" tests="2" failures="0" errors="0" time="24.991" skipped="0" timestamp="2566-09-01 16:45:54" hostname="USER - DESKTOP-67R9BDO" id="Test Suites/Testsuites filter category">
      <properties>
         <property name="deviceName" value=""/>
         <property name="devicePlatform" value=""/>
         <property name="logFolder" value="C:\\Users\\USER\\git\\katalon\\Reports\\25660901_164545\\Testsuites filter category\\25660901_164545"/>
         <property name="logFiles" value="C:\\Users\\USER\\git\\katalon\\Reports\\25660901_164545\\Testsuites filter category\\25660901_164545\\execution0.log"/>
         <property name="attachments" value=""/>
         <property name="hostName" value="USER - DESKTOP-67R9BDO"/>
         <property name="os" value="Windows 11 64bit"/>
         <property name="katalonVersion" value="8.6.6.208"/>
         <property name="browser" value="Chrome 116.0.0.0"/>
         <property name="hostAddress" value="172.20.10.12"/>
         <property name="sessionId" value="11abbcfd3f642c702814486623dc0c2f"/>
         <property name="seleniumVersion" value="3.141.59"/>
         <property name="proxyInformation" value="ProxyInformation { proxyOption=NO_PROXY, proxyServerType=HTTP, username=, password=********, proxyServerAddress=, proxyServerPort=0, executionList=&quot;&quot;, isApplyToDesiredCapabilities=true }"/>
         <property name="platform" value="Windows 11"/>
      </properties>
      <testcase name="Test Cases/TEST LOGIN" time="7.616" classname="Test Cases/TEST LOGIN" status="PASSED">
         <system-out><![CDATA[2566-09-01 16:45:54 - [TEST_CASE][PASSED] - Test Cases/TEST LOGIN: Test Cases/TEST LOGIN

2566-09-01 16:45:54 - [TEST_STEP][PASSED] - openBrowser(""): Browser is opened with url: ''

2566-09-01 16:45:55 - [MESSAGE][INFO] - Starting 'Chrome' driver

2566-09-01 16:45:55 - [MESSAGE][INFO] - Action delay is set to 0 milliseconds

2566-09-01 16:45:57 - [MESSAGE][PASSED] - Browser is opened with url: ''

2566-09-01 16:45:57 - [TEST_STEP][PASSED] - navigateToUrl("https://pos-frontend-ton-gumbjqoyzq-as.a.run.app/"): Navigate to 'https://pos-frontend-ton-gumbjqoyzq-as.a.run.app/' successfully

2566-09-01 16:45:58 - [MESSAGE][PASSED] - Navigate to 'https://pos-frontend-ton-gumbjqoyzq-as.a.run.app/' successfully

2566-09-01 16:45:58 - [TEST_STEP][PASSED] - setText(findTestObject("Object Repository/Page_Sign In/input_Username_username"), "admin"): Text 'admin' is set on object 'Object Repository/Page_Sign In/input_Username_username'

2566-09-01 16:46:00 - [MESSAGE][PASSED] - Text 'admin' is set on object 'Object Repository/Page_Sign In/input_Username_username'

2566-09-01 16:46:00 - [TEST_STEP][PASSED] - setEncryptedText(findTestObject("Object Repository/Page_Sign In/input_Password_password"), "aeHFOx8jV/A="): Text ****** has been set on object 'Object Repository/Page_Sign In/input_Password_password'

2566-09-01 16:46:01 - [MESSAGE][PASSED] - Text ****** has been set on object 'Object Repository/Page_Sign In/input_Password_password'

2566-09-01 16:46:01 - [TEST_STEP][PASSED] - click(findTestObject("Object Repository/Page_Sign In/button_Sign in with Credentials")): Object: 'Object Repository/Page_Sign In/button_Sign in with Credentials' is clicked on

2566-09-01 16:46:02 - [MESSAGE][PASSED] - Object: 'Object Repository/Page_Sign In/button_Sign in with Credentials' is clicked on]]></system-out>
         <system-err><![CDATA[]]></system-err>
      </testcase>
      <testcase name="Test Cases/Category LIST/Filter category หน้า sub category/ทดสอบการ filter สลับไปมา" time="16.994" classname="Test Cases/Category LIST/Filter category หน้า sub category/ทดสอบการ filter สลับไปมา" status="PASSED">
         <system-out><![CDATA[2566-09-01 16:46:02 - [TEST_CASE][PASSED] - Test Cases/Category LIST/Filter category หน้า sub category/ทดสอบการ filter สลับไปมา: Test Cases/Category LIST/Filter category หน้า sub category/ทดสอบการ filter สลับไปมา

2566-09-01 16:46:02 - [TEST_STEP][PASSED] - navigateToUrl("https://pos-frontend-ton-gumbjqoyzq-as.a.run.app/"): Navigate to 'https://pos-frontend-ton-gumbjqoyzq-as.a.run.app/' successfully

2566-09-01 16:46:02 - [MESSAGE][PASSED] - Navigate to 'https://pos-frontend-ton-gumbjqoyzq-as.a.run.app/' successfully

2566-09-01 16:46:02 - [TEST_STEP][PASSED] - click(findTestObject("Object Repository/Page_Create Next App/span_Item")): Object: 'Object Repository/Page_Create Next App/span_Item' is clicked on

2566-09-01 16:46:03 - [MESSAGE][PASSED] - Object: 'Object Repository/Page_Create Next App/span_Item' is clicked on

2566-09-01 16:46:03 - [TEST_STEP][PASSED] - click(findTestObject("Object Repository/Page_Create Next App/span_Category")): Object: 'Object Repository/Page_Create Next App/span_Category' is clicked on

2566-09-01 16:46:04 - [MESSAGE][PASSED] - Object: 'Object Repository/Page_Create Next App/span_Category' is clicked on

2566-09-01 16:46:04 - [TEST_STEP][PASSED] - click(findTestObject("Object Repository/Page_Create Next App/button_Sub Category")): Object: 'Object Repository/Page_Create Next App/button_Sub Category' is clicked on

2566-09-01 16:46:05 - [MESSAGE][PASSED] - Object: 'Object Repository/Page_Create Next App/button_Sub Category' is clicked on

2566-09-01 16:46:05 - [TEST_STEP][PASSED] - selectOptionByValue(findTestObject("Object Repository/Page_Create Next App/select_AllWatersTT555Categories2Ben285PizzaKFCSSS"), "1", true): All options with value '1' are selected in object 'Object Repository/Page_Create Next App/select_AllWatersTT555Categories2Ben285PizzaKFCSSS'  using regular expression

2566-09-01 16:46:06 - [MESSAGE][PASSED] - All options with value '1' are selected in object 'Object Repository/Page_Create Next App/select_AllWatersTT555Categories2Ben285PizzaKFCSSS'  using regular expression

2566-09-01 16:46:06 - [TEST_STEP][PASSED] - selectOptionByValue(findTestObject("Object Repository/Page_Create Next App/select_AllWatersTT555Categories2Ben285PizzaKFCSSS"), "3", true): All options with value '3' are selected in object 'Object Repository/Page_Create Next App/select_AllWatersTT555Categories2Ben285PizzaKFCSSS'  using regular expression

2566-09-01 16:46:07 - [MESSAGE][PASSED] - All options with value '3' are selected in object 'Object Repository/Page_Create Next App/select_AllWatersTT555Categories2Ben285PizzaKFCSSS'  using regular expression

2566-09-01 16:46:07 - [TEST_STEP][PASSED] - selectOptionByValue(findTestObject("Object Repository/Page_Create Next App/select_AllWatersTT555Categories2Ben285PizzaKFCSSS"), "1", true): All options with value '1' are selected in object 'Object Repository/Page_Create Next App/select_AllWatersTT555Categories2Ben285PizzaKFCSSS'  using regular expression

2566-09-01 16:46:09 - [MESSAGE][PASSED] - All options with value '1' are selected in object 'Object Repository/Page_Create Next App/select_AllWatersTT555Categories2Ben285PizzaKFCSSS'  using regular expression

2566-09-01 16:46:09 - [TEST_STEP][PASSED] - selectOptionByValue(findTestObject("Object Repository/Page_Create Next App/select_AllWatersTT555Categories2Ben285PizzaKFCSSS"), "14", true): All options with value '14' are selected in object 'Object Repository/Page_Create Next App/select_AllWatersTT555Categories2Ben285PizzaKFCSSS'  using regular expression

2566-09-01 16:46:10 - [MESSAGE][PASSED] - All options with value '14' are selected in object 'Object Repository/Page_Create Next App/select_AllWatersTT555Categories2Ben285PizzaKFCSSS'  using regular expression

2566-09-01 16:46:10 - [TEST_STEP][PASSED] - selectOptionByValue(findTestObject("Object Repository/Page_Create Next App/select_AllWatersTT555Categories2Ben285PizzaKFCSSS"), "4", true): All options with value '4' are selected in object 'Object Repository/Page_Create Next App/select_AllWatersTT555Categories2Ben285PizzaKFCSSS'  using regular expression

2566-09-01 16:46:11 - [MESSAGE][PASSED] - All options with value '4' are selected in object 'Object Repository/Page_Create Next App/select_AllWatersTT555Categories2Ben285PizzaKFCSSS'  using regular expression

2566-09-01 16:46:11 - [TEST_STEP][PASSED] - selectOptionByValue(findTestObject("Object Repository/Page_Create Next App/select_AllWatersTT555Categories2Ben285PizzaKFCSSS"), "6", true): All options with value '6' are selected in object 'Object Repository/Page_Create Next App/select_AllWatersTT555Categories2Ben285PizzaKFCSSS'  using regular expression

2566-09-01 16:46:12 - [MESSAGE][PASSED] - All options with value '6' are selected in object 'Object Repository/Page_Create Next App/select_AllWatersTT555Categories2Ben285PizzaKFCSSS'  using regular expression

2566-09-01 16:46:12 - [TEST_STEP][PASSED] - selectOptionByValue(findTestObject("Object Repository/Page_Create Next App/select_AllWatersTT555Categories2Ben285PizzaKFCSSS"), "14", true): All options with value '14' are selected in object 'Object Repository/Page_Create Next App/select_AllWatersTT555Categories2Ben285PizzaKFCSSS'  using regular expression

2566-09-01 16:46:14 - [MESSAGE][PASSED] - All options with value '14' are selected in object 'Object Repository/Page_Create Next App/select_AllWatersTT555Categories2Ben285PizzaKFCSSS'  using regular expression

2566-09-01 16:46:14 - [TEST_STEP][PASSED] - selectOptionByValue(findTestObject("Object Repository/Page_Create Next App/select_AllWatersTT555Categories2Ben285PizzaKFCSSS"), "4", true): All options with value '4' are selected in object 'Object Repository/Page_Create Next App/select_AllWatersTT555Categories2Ben285PizzaKFCSSS'  using regular expression

2566-09-01 16:46:15 - [MESSAGE][PASSED] - All options with value '4' are selected in object 'Object Repository/Page_Create Next App/select_AllWatersTT555Categories2Ben285PizzaKFCSSS'  using regular expression

2566-09-01 16:46:15 - [TEST_STEP][PASSED] - selectOptionByValue(findTestObject("Object Repository/Page_Create Next App/select_AllWatersTT555Categories2Ben285PizzaKFCSSS"), "3", true): All options with value '3' are selected in object 'Object Repository/Page_Create Next App/select_AllWatersTT555Categories2Ben285PizzaKFCSSS'  using regular expression

2566-09-01 16:46:16 - [MESSAGE][PASSED] - All options with value '3' are selected in object 'Object Repository/Page_Create Next App/select_AllWatersTT555Categories2Ben285PizzaKFCSSS'  using regular expression

2566-09-01 16:46:16 - [TEST_STEP][PASSED] - selectOptionByValue(findTestObject("Object Repository/Page_Create Next App/select_AllWatersTT555Categories2Ben285PizzaKFCSSS"), "1", true): All options with value '1' are selected in object 'Object Repository/Page_Create Next App/select_AllWatersTT555Categories2Ben285PizzaKFCSSS'  using regular expression

2566-09-01 16:46:17 - [MESSAGE][PASSED] - All options with value '1' are selected in object 'Object Repository/Page_Create Next App/select_AllWatersTT555Categories2Ben285PizzaKFCSSS'  using regular expression

2566-09-01 16:46:17 - [TEST_STEP][PASSED] - selectOptionByValue(findTestObject("Object Repository/Page_Create Next App/select_AllWatersTT555Categories2Ben285PizzaKFCSSS"), "", true): All options with value '' are selected in object 'Object Repository/Page_Create Next App/select_AllWatersTT555Categories2Ben285PizzaKFCSSS'  using regular expression

2566-09-01 16:46:19 - [MESSAGE][PASSED] - All options with value '' are selected in object 'Object Repository/Page_Create Next App/select_AllWatersTT555Categories2Ben285PizzaKFCSSS'  using regular expression]]></system-out>
         <system-err><![CDATA[]]></system-err>
      </testcase>
      <system-out><![CDATA[2566-09-01 16:45:54 - [TEST_SUITE][PASSED] - Testsuites filter category: Test Cases/Category LIST/Filter category หน้า sub category/ทดสอบการ filter สลับไปมา]]></system-out>
      <system-err><![CDATA[]]></system-err>
   </testsuite>
</testsuites>
