<?xml version="1.0" encoding="UTF-8"?>
<testsuites name="Testsearch sub category" time="44.304" tests="2" failures="0" errors="0">
   <testsuite name="Testsearch sub category" tests="2" failures="0" errors="0" time="44.304" skipped="0" timestamp="2566-09-01 14:39:53" hostname="USER - DESKTOP-67R9BDO" id="Test Suites/Testsearch sub category">
      <properties>
         <property name="deviceName" value=""/>
         <property name="devicePlatform" value=""/>
         <property name="logFolder" value="C:\\Users\\USER\\git\\katalon\\Reports\\25660901_143943\\Testsearch sub category\\25660901_143943"/>
         <property name="logFiles" value="C:\\Users\\USER\\git\\katalon\\Reports\\25660901_143943\\Testsearch sub category\\25660901_143943\\execution0.log"/>
         <property name="attachments" value=""/>
         <property name="hostName" value="USER - DESKTOP-67R9BDO"/>
         <property name="os" value="Windows 11 64bit"/>
         <property name="katalonVersion" value="8.6.6.208"/>
         <property name="browser" value="Chrome 116.0.0.0"/>
         <property name="hostAddress" value="172.20.10.12"/>
         <property name="sessionId" value="5ac6778400975f20548242b2c099fb1a"/>
         <property name="seleniumVersion" value="3.141.59"/>
         <property name="proxyInformation" value="ProxyInformation { proxyOption=NO_PROXY, proxyServerType=HTTP, username=, password=********, proxyServerAddress=, proxyServerPort=0, executionList=&quot;&quot;, isApplyToDesiredCapabilities=true }"/>
         <property name="platform" value="Windows 11"/>
      </properties>
      <testcase name="Test Cases/TEST LOGIN" time="7.473" classname="Test Cases/TEST LOGIN" status="PASSED">
         <system-out><![CDATA[2566-09-01 14:39:53 - [TEST_CASE][PASSED] - Test Cases/TEST LOGIN: Test Cases/TEST LOGIN

2566-09-01 14:39:53 - [TEST_STEP][PASSED] - openBrowser(""): Browser is opened with url: ''

2566-09-01 14:39:54 - [MESSAGE][INFO] - Starting 'Chrome' driver

2566-09-01 14:39:54 - [MESSAGE][INFO] - Action delay is set to 0 milliseconds

2566-09-01 14:39:56 - [MESSAGE][PASSED] - Browser is opened with url: ''

2566-09-01 14:39:56 - [TEST_STEP][PASSED] - navigateToUrl("https://pos-frontend-ton-gumbjqoyzq-as.a.run.app/"): Navigate to 'https://pos-frontend-ton-gumbjqoyzq-as.a.run.app/' successfully

2566-09-01 14:39:57 - [MESSAGE][PASSED] - Navigate to 'https://pos-frontend-ton-gumbjqoyzq-as.a.run.app/' successfully

2566-09-01 14:39:57 - [TEST_STEP][PASSED] - setText(findTestObject("Object Repository/Page_Sign In/input_Username_username"), "admin"): Text 'admin' is set on object 'Object Repository/Page_Sign In/input_Username_username'

2566-09-01 14:39:58 - [MESSAGE][PASSED] - Text 'admin' is set on object 'Object Repository/Page_Sign In/input_Username_username'

2566-09-01 14:39:58 - [TEST_STEP][PASSED] - setEncryptedText(findTestObject("Object Repository/Page_Sign In/input_Password_password"), "aeHFOx8jV/A="): Text ****** has been set on object 'Object Repository/Page_Sign In/input_Password_password'

2566-09-01 14:39:59 - [MESSAGE][PASSED] - Text ****** has been set on object 'Object Repository/Page_Sign In/input_Password_password'

2566-09-01 14:39:59 - [TEST_STEP][PASSED] - click(findTestObject("Object Repository/Page_Sign In/button_Sign in with Credentials")): Object: 'Object Repository/Page_Sign In/button_Sign in with Credentials' is clicked on

2566-09-01 14:39:59 - [MESSAGE][PASSED] - Object: 'Object Repository/Page_Sign In/button_Sign in with Credentials' is clicked on

2566-09-01 14:39:59 - [TEST_STEP][PASSED] - Start listener action : sampleAfterTestCase: Delayed 1 second(s)

2566-09-01 14:39:59 - [TEST_STEP][PASSED] - delay(1): Delayed 1 second(s)

2566-09-01 14:40:01 - [MESSAGE][PASSED] - Delayed 1 second(s)]]></system-out>
         <system-err><![CDATA[]]></system-err>
      </testcase>
      <testcase name="Test Cases/Category LIST/Search sub category/กดเปลี่ยนหน้าไปที่ sub category" time="36.509" classname="Test Cases/Category LIST/Search sub category/กดเปลี่ยนหน้าไปที่ sub category" status="PASSED">
         <system-out><![CDATA[2566-09-01 14:40:01 - [TEST_CASE][PASSED] - Test Cases/Category LIST/Search sub category/กดเปลี่ยนหน้าไปที่ sub category: Test Cases/Category LIST/Search sub category/กดเปลี่ยนหน้าไปที่ sub category

2566-09-01 14:40:01 - [TEST_STEP][PASSED] - navigateToUrl("https://pos-frontend-ton-gumbjqoyzq-as.a.run.app/items/categories"): Navigate to 'https://pos-frontend-ton-gumbjqoyzq-as.a.run.app/items/categories' successfully

2566-09-01 14:40:01 - [MESSAGE][PASSED] - Navigate to 'https://pos-frontend-ton-gumbjqoyzq-as.a.run.app/items/categories' successfully

2566-09-01 14:40:01 - [TEST_STEP][PASSED] - click(findTestObject("Object Repository/Page_Create Next App/span_Item")): Object: 'Object Repository/Page_Create Next App/span_Item' is clicked on

2566-09-01 14:40:02 - [MESSAGE][PASSED] - Object: 'Object Repository/Page_Create Next App/span_Item' is clicked on

2566-09-01 14:40:02 - [TEST_STEP][PASSED] - delay(1): Delayed 1 second(s)

2566-09-01 14:40:03 - [MESSAGE][PASSED] - Delayed 1 second(s)

2566-09-01 14:40:03 - [TEST_STEP][PASSED] - click(findTestObject("Object Repository/Page_Create Next App/span_Category")): Object: 'Object Repository/Page_Create Next App/span_Category' is clicked on

2566-09-01 14:40:04 - [MESSAGE][PASSED] - Object: 'Object Repository/Page_Create Next App/span_Category' is clicked on

2566-09-01 14:40:04 - [TEST_STEP][PASSED] - delay(1): Delayed 1 second(s)

2566-09-01 14:40:05 - [MESSAGE][PASSED] - Delayed 1 second(s)

2566-09-01 14:40:05 - [TEST_STEP][PASSED] - click(findTestObject("Object Repository/Page_Create Next App/button_Sub Category")): Object: 'Object Repository/Page_Create Next App/button_Sub Category' is clicked on

2566-09-01 14:40:36 - [MESSAGE][INFO] - Unable to find the element located by 'By.xpath: //button[@id='headlessui-tabs-tab-:r1:']'. Please recheck the objects properties to make sure the desired element is located. 

2566-09-01 14:40:36 - [MESSAGE][WARNING] - [SELF-HEALING] Failed to find element with id 'Object Repository/Page_Create Next App/button_Sub Category'. Try using Self-healing.

2566-09-01 14:40:36 - [MESSAGE][WARNING] - [SELF-HEALING] The current locator of test object 'Object Repository/Page_Create Next App/button_Sub Category' was broken. Propose an alternative one: '(.//*[normalize-space(text()) and normalize-space(.)='Category'])[2]/following::button[1]'.

2566-09-01 14:40:36 - [MESSAGE][PASSED] - Object: 'Object Repository/Page_Create Next App/button_Sub Category' is clicked on

2566-09-01 14:40:36 - [TEST_STEP][PASSED] - Start listener action : sampleAfterTestCase: Delayed 1 second(s)

2566-09-01 14:40:36 - [TEST_STEP][PASSED] - delay(1): Delayed 1 second(s)

2566-09-01 14:40:37 - [MESSAGE][PASSED] - Delayed 1 second(s)]]></system-out>
         <system-err><![CDATA[]]></system-err>
      </testcase>
      <system-out><![CDATA[2566-09-01 14:39:53 - [TEST_SUITE][PASSED] - Testsearch sub category: Test Cases/Category LIST/Search sub category/กดเปลี่ยนหน้าไปที่ sub category]]></system-out>
      <system-err><![CDATA[]]></system-err>
   </testsuite>
</testsuites>
