<?xml version="1.0" encoding="UTF-8"?>
<testsuites name="BRAND_TS02" time="12.131" tests="2" failures="0" errors="0">
   <testsuite name="BRAND_TS02" tests="2" failures="0" errors="0" time="12.131" skipped="0" timestamp="06-05-2025T14:44:52" hostname="NUC - NUC13Anhi7" id="Test Suites/BRAND_TS02">
      <properties>
         <property name="deviceName" value=""/>
         <property name="devicePlatform"/>
         <property name="logFolder" value="C:\\Users\\NUC\\git\\katalon\\Reports\\20250506_144446\\BRAND_TS02\\20250506_144447"/>
         <property name="logFiles" value="C:\\Users\\NUC\\git\\katalon\\Reports\\20250506_144446\\BRAND_TS02\\20250506_144447\\console0.log, C:\\Users\\NUC\\git\\katalon\\Reports\\20250506_144446\\BRAND_TS02\\20250506_144447\\execution0.log"/>
         <property name="attachments" value=""/>
         <property name="hostName" value="NUC - NUC13Anhi7"/>
         <property name="os" value="Windows 11 64bit"/>
         <property name="katalonVersion" value="10.2.0.0"/>
         <property name="browser" value="Chrome 136.0.7103.48"/>
         <property name="userFullName" value="Parat"/>
         <property name="hostAddress" value="192.168.1.36"/>
         <property name="sessionId" value="71706af2617f3b2444de29fdf2257348"/>
         <property name="projectName" value="katalon"/>
         <property name="seleniumVersion" value="4.28.1"/>
         <property name="proxyInformation" value="ProxyInformation { proxyOption=NO_PROXY, proxyServerType=HTTP, username=, password=********, proxyServerAddress=, proxyServerPort=0, executionList=&quot;&quot;, isApplyToDesiredCapabilities=true }"/>
         <property name="platform" value="Windows 11"/>
      </properties>
      <testcase name="Test Cases/Backlog/Login" time="6.929" classname="Test Cases/Backlog/Login" status="PASSED">
         <system-out><![CDATA[06-05-2025T14:44:53 - [TEST_CASE][PASSED] - Test Cases/Backlog/Login: Test Cases/Backlog/Login

06-05-2025T14:44:53 - [TEST_STEP][PASSED] - openBrowser(""): Browser is opened with url: ''

06-05-2025T14:44:53 - [MESSAGE][INFO] - Starting 'Chrome' driver

06-05-2025T14:44:53 - [MESSAGE][INFO] - Action delay is set to 0 milliseconds

06-05-2025T14:44:55 - [MESSAGE][PASSED] - Browser is opened with url: ''

06-05-2025T14:44:55 - [TEST_STEP][PASSED] - navigateToUrl("https://account.dev.qashup.co/login"): Navigate to 'https://account.dev.qashup.co/login' successfully

06-05-2025T14:44:55 - [MESSAGE][PASSED] - Navigate to 'https://account.dev.qashup.co/login' successfully

06-05-2025T14:44:55 - [TEST_STEP][PASSED] - setText(findTestObject("Object Repository/Page_Qashup Account/input_Username_username"), "admin@test.com"): Text 'admin@test.com' is set on object 'Object Repository/Page_Qashup Account/input_Username_username'

06-05-2025T14:44:56 - [MESSAGE][PASSED] - Text 'admin@test.com' is set on object 'Object Repository/Page_Qashup Account/input_Username_username'

06-05-2025T14:44:56 - [TEST_STEP][PASSED] - setEncryptedText(findTestObject("Object Repository/Page_Qashup Account/input_Password_password"), "aeHFOx8jV/A="): Text ****** has been set on object 'Object Repository/Page_Qashup Account/input_Password_password'

06-05-2025T14:44:56 - [MESSAGE][PASSED] - Text ****** has been set on object 'Object Repository/Page_Qashup Account/input_Password_password'

06-05-2025T14:44:56 - [TEST_STEP][PASSED] - click(findTestObject("Object Repository/Page_Qashup Account/button_Login")): Object: 'Object Repository/Page_Qashup Account/button_Login' is clicked on

06-05-2025T14:44:57 - [MESSAGE][PASSED] - Object: 'Object Repository/Page_Qashup Account/button_Login' is clicked on

06-05-2025T14:44:57 - [TEST_STEP][PASSED] - click(findTestObject("Object Repository/Page_Qashup Account/div_Back Office")): Object: 'Object Repository/Page_Qashup Account/div_Back Office' is clicked on

06-05-2025T14:44:58 - [MESSAGE][PASSED] - Object: 'Object Repository/Page_Qashup Account/div_Back Office' is clicked on

06-05-2025T14:44:58 - [TEST_STEP][PASSED] - Start listener action : sampleAfterTestCase: Send request successfully

06-05-2025T14:44:58 - [TEST_STEP][PASSED] - testCase = findTestCase(testCaseContext.getTestCaseId()): null

06-05-2025T14:44:58 - [TEST_STEP][PASSED] - g_ZS_TestCaseKey = getName().split("_")[0]: null

06-05-2025T14:44:58 - [TEST_STEP][PASSED] - if (testCaseContext.getTestCaseStatus() == "PASSED"): null

06-05-2025T14:44:58 - [TEST_STEP][PASSED] - sendRequest(findTestObject("Create Execution")): Send request successfully

06-05-2025T14:45:00 - [MESSAGE][INFO] - HAR: C:\Users\NUC\git\katalon\Reports\20250506_144446\BRAND_TS02\20250506_144447\requests\main\Create-Execution_0.har

06-05-2025T14:45:00 - [MESSAGE][PASSED] - Send request successfully]]></system-out>
         <system-err><![CDATA[]]></system-err>
      </testcase>
      <testcase name="Test Cases/Dev Environment/BRAND_TS02_TC01" time="4.565" classname="Test Cases/Dev Environment/BRAND_TS02_TC01" status="PASSED">
         <system-out><![CDATA[06-05-2025T14:45:00 - [TEST_CASE][PASSED] - Test Cases/Dev Environment/BRAND_TS02_TC01: Test Cases/Dev Environment/BRAND_TS02_TC01

06-05-2025T14:45:00 - [TEST_STEP][PASSED] - click(findTestObject("Object Repository/Page_Qashup Backoffice/a_Brand  Branch")): Object: 'Object Repository/Page_Qashup Backoffice/a_Brand  Branch' is clicked on

06-05-2025T14:45:01 - [MESSAGE][PASSED] - Object: 'Object Repository/Page_Qashup Backoffice/a_Brand  Branch' is clicked on

06-05-2025T14:45:01 - [TEST_STEP][PASSED] - click(findTestObject("Object Repository/Page_Qashup Backoffice/div_Brand")): Object: 'Object Repository/Page_Qashup Backoffice/div_Brand' is clicked on

06-05-2025T14:45:01 - [MESSAGE][PASSED] - Object: 'Object Repository/Page_Qashup Backoffice/div_Brand' is clicked on

06-05-2025T14:45:01 - [TEST_STEP][PASSED] - click(findTestObject("Object Repository/Page_Qashup Backoffice/button_Add Brand")): Object: 'Object Repository/Page_Qashup Backoffice/button_Add Brand' is clicked on

06-05-2025T14:45:02 - [MESSAGE][PASSED] - Object: 'Object Repository/Page_Qashup Backoffice/button_Add Brand' is clicked on

06-05-2025T14:45:02 - [TEST_STEP][PASSED] - click(findTestObject("Object Repository/Page_Qashup Backoffice/input_Brand Name_input input-bordered h-42p_d0de7f")): Object: 'Object Repository/Page_Qashup Backoffice/input_Brand Name_input input-bordered h-42p_d0de7f' is clicked on

06-05-2025T14:45:03 - [MESSAGE][PASSED] - Object: 'Object Repository/Page_Qashup Backoffice/input_Brand Name_input input-bordered h-42p_d0de7f' is clicked on

06-05-2025T14:45:03 - [TEST_STEP][PASSED] - setText(findTestObject("Object Repository/Page_Qashup Backoffice/input_Brand Name_input input-bordered h-42p_d0de7f"), "QA Merchant"): Text 'QA Merchant' is set on object 'Object Repository/Page_Qashup Backoffice/input_Brand Name_input input-bordered h-42p_d0de7f'

06-05-2025T14:45:03 - [MESSAGE][PASSED] - Text 'QA Merchant' is set on object 'Object Repository/Page_Qashup Backoffice/input_Brand Name_input input-bordered h-42p_d0de7f'

06-05-2025T14:45:03 - [TEST_STEP][PASSED] - click(findTestObject("Object Repository/Page_Qashup Backoffice/button_Upload Logo")): Object: 'Object Repository/Page_Qashup Backoffice/button_Upload Logo' is clicked on

06-05-2025T14:45:04 - [MESSAGE][PASSED] - Object: 'Object Repository/Page_Qashup Backoffice/button_Upload Logo' is clicked on

06-05-2025T14:45:04 - [TEST_STEP][PASSED] - click(findTestObject("Object Repository/Page_Qashup Backoffice/button_Save")): Object: 'Object Repository/Page_Qashup Backoffice/button_Save' is clicked on

06-05-2025T14:45:04 - [MESSAGE][PASSED] - Object: 'Object Repository/Page_Qashup Backoffice/button_Save' is clicked on

06-05-2025T14:45:04 - [TEST_STEP][PASSED] - Start listener action : sampleAfterTestCase: Send request successfully

06-05-2025T14:45:04 - [TEST_STEP][PASSED] - testCase = findTestCase(testCaseContext.getTestCaseId()): null

06-05-2025T14:45:04 - [TEST_STEP][PASSED] - g_ZS_TestCaseKey = getName().split("_")[0]: null

06-05-2025T14:45:04 - [TEST_STEP][PASSED] - if (testCaseContext.getTestCaseStatus() == "PASSED"): null

06-05-2025T14:45:04 - [TEST_STEP][PASSED] - sendRequest(findTestObject("Create Execution")): Send request successfully

06-05-2025T14:45:04 - [MESSAGE][INFO] - HAR: C:\Users\NUC\git\katalon\Reports\20250506_144446\BRAND_TS02\20250506_144447\requests\main\Create-Execution_1.har

06-05-2025T14:45:04 - [MESSAGE][PASSED] - Send request successfully]]></system-out>
         <system-err><![CDATA[]]></system-err>
      </testcase>
      <system-out><![CDATA[06-05-2025T14:44:52 - [TEST_SUITE][PASSED] - BRAND_TS02: Test Cases/Dev Environment/BRAND_TS02_TC01]]></system-out>
      <system-err><![CDATA[]]></system-err>
   </testsuite>
</testsuites>
