<?xml version="1.0" encoding="UTF-8"?>
<testsuites name="TESTSEARCHCategory" time="49.573" tests="8" failures="0" errors="0">
   <testsuite name="TESTSEARCHCategory" tests="8" failures="0" errors="0" time="49.573" skipped="0" timestamp="2566-09-01 11:31:02" hostname="USER - DESKTOP-67R9BDO" id="Test Suites/TESTSEARCHCategory">
      <properties>
         <property name="deviceName" value=""/>
         <property name="devicePlatform" value=""/>
         <property name="logFolder" value="C:\\Users\\USER\\git\\katalon\\Reports\\25660901_113051\\TESTSEARCHCategory\\25660901_113052"/>
         <property name="logFiles" value="C:\\Users\\USER\\git\\katalon\\Reports\\25660901_113051\\TESTSEARCHCategory\\25660901_113052\\execution0.log"/>
         <property name="attachments" value=""/>
         <property name="hostName" value="USER - DESKTOP-67R9BDO"/>
         <property name="os" value="Windows 11 64bit"/>
         <property name="katalonVersion" value="8.6.6.208"/>
         <property name="browser" value="Chrome 116.0.0.0"/>
         <property name="hostAddress" value="172.20.10.12"/>
         <property name="sessionId" value="e5e58fc0696dd9b479fd40ac544dc158"/>
         <property name="seleniumVersion" value="3.141.59"/>
         <property name="proxyInformation" value="ProxyInformation { proxyOption=NO_PROXY, proxyServerType=HTTP, username=, password=********, proxyServerAddress=, proxyServerPort=0, executionList=&quot;&quot;, isApplyToDesiredCapabilities=true }"/>
         <property name="platform" value="Windows 11"/>
      </properties>
      <testcase name="Test Cases/TEST LOGIN" time="6.111" classname="Test Cases/TEST LOGIN" status="PASSED">
         <system-out><![CDATA[2566-09-01 11:31:03 - [TEST_CASE][PASSED] - Test Cases/TEST LOGIN: Test Cases/TEST LOGIN

2566-09-01 11:31:03 - [TEST_STEP][PASSED] - openBrowser(""): Browser is opened with url: ''

2566-09-01 11:31:03 - [MESSAGE][INFO] - Starting 'Chrome' driver

2566-09-01 11:31:03 - [MESSAGE][INFO] - Action delay is set to 0 milliseconds

2566-09-01 11:31:05 - [MESSAGE][PASSED] - Browser is opened with url: ''

2566-09-01 11:31:05 - [TEST_STEP][PASSED] - navigateToUrl("https://pos-frontend-ton-gumbjqoyzq-as.a.run.app/"): Navigate to 'https://pos-frontend-ton-gumbjqoyzq-as.a.run.app/' successfully

2566-09-01 11:31:06 - [MESSAGE][PASSED] - Navigate to 'https://pos-frontend-ton-gumbjqoyzq-as.a.run.app/' successfully

2566-09-01 11:31:06 - [TEST_STEP][PASSED] - setText(findTestObject("Object Repository/Page_Sign In/input_Username_username"), "admin"): Text 'admin' is set on object 'Object Repository/Page_Sign In/input_Username_username'

2566-09-01 11:31:07 - [MESSAGE][PASSED] - Text 'admin' is set on object 'Object Repository/Page_Sign In/input_Username_username'

2566-09-01 11:31:07 - [TEST_STEP][PASSED] - setEncryptedText(findTestObject("Object Repository/Page_Sign In/input_Password_password"), "aeHFOx8jV/A="): Text ****** has been set on object 'Object Repository/Page_Sign In/input_Password_password'

2566-09-01 11:31:08 - [MESSAGE][PASSED] - Text ****** has been set on object 'Object Repository/Page_Sign In/input_Password_password'

2566-09-01 11:31:08 - [TEST_STEP][PASSED] - click(findTestObject("Object Repository/Page_Sign In/button_Sign in with Credentials")): Object: 'Object Repository/Page_Sign In/button_Sign in with Credentials' is clicked on

2566-09-01 11:31:09 - [MESSAGE][PASSED] - Object: 'Object Repository/Page_Sign In/button_Sign in with Credentials' is clicked on]]></system-out>
         <system-err><![CDATA[]]></system-err>
      </testcase>
      <testcase name="Test Cases/Category LIST/SEARCH category/กดเปลี่ยนหน้าไปที่ category" time="2.059" classname="Test Cases/Category LIST/SEARCH category/กดเปลี่ยนหน้าไปที่ category" status="PASSED">
         <system-out><![CDATA[2566-09-01 11:31:09 - [TEST_CASE][PASSED] - Test Cases/Category LIST/SEARCH category/กดเปลี่ยนหน้าไปที่ category: Test Cases/Category LIST/SEARCH category/กดเปลี่ยนหน้าไปที่ category

2566-09-01 11:31:09 - [TEST_STEP][PASSED] - navigateToUrl("https://pos-frontend-ton-gumbjqoyzq-as.a.run.app/"): Navigate to 'https://pos-frontend-ton-gumbjqoyzq-as.a.run.app/' successfully

2566-09-01 11:31:09 - [MESSAGE][PASSED] - Navigate to 'https://pos-frontend-ton-gumbjqoyzq-as.a.run.app/' successfully

2566-09-01 11:31:09 - [TEST_STEP][PASSED] - click(findTestObject("Object Repository/Page_Create Next App/div_Item")): Object: 'Object Repository/Page_Create Next App/div_Item' is clicked on

2566-09-01 11:31:10 - [MESSAGE][PASSED] - Object: 'Object Repository/Page_Create Next App/div_Item' is clicked on

2566-09-01 11:31:10 - [TEST_STEP][PASSED] - click(findTestObject("Object Repository/Page_Create Next App/span_Category")): Object: 'Object Repository/Page_Create Next App/span_Category' is clicked on

2566-09-01 11:31:11 - [MESSAGE][PASSED] - Object: 'Object Repository/Page_Create Next App/span_Category' is clicked on]]></system-out>
         <system-err><![CDATA[]]></system-err>
      </testcase>
      <testcase name="Test Cases/Category LIST/SEARCH category/ตรวจสอบการค้นหาเมื่อมีการค้นหาข้อมูลที่ไม่ตรงกับข้อมูลที่มี" time="5.692" classname="Test Cases/Category LIST/SEARCH category/ตรวจสอบการค้นหาเมื่อมีการค้นหาข้อมูลที่ไม่ตรงกับข้อมูลที่มี" status="PASSED">
         <system-out><![CDATA[2566-09-01 11:31:11 - [TEST_CASE][PASSED] - Test Cases/Category LIST/SEARCH category/ตรวจสอบการค้นหาเมื่อมีการค้นหาข้อมูลที่ไม่ตรงกับข้อมูลที่มี: Test Cases/Category LIST/SEARCH category/ตรวจสอบการค้นหาเมื่อมีการค้นหาข้อมูลที่ไม่ตรงกับข้อมูลที่มี

2566-09-01 11:31:11 - [TEST_STEP][PASSED] - navigateToUrl("https://pos-frontend-ton-gumbjqoyzq-as.a.run.app/items/categories"): Navigate to 'https://pos-frontend-ton-gumbjqoyzq-as.a.run.app/items/categories' successfully

2566-09-01 11:31:11 - [MESSAGE][PASSED] - Navigate to 'https://pos-frontend-ton-gumbjqoyzq-as.a.run.app/items/categories' successfully

2566-09-01 11:31:11 - [TEST_STEP][PASSED] - setText(findTestObject("Object Repository/Page_Create Next App/input_Add Category_input-group-1"), "987654321"): Text '987654321' is set on object 'Object Repository/Page_Create Next App/input_Add Category_input-group-1'

2566-09-01 11:31:13 - [MESSAGE][PASSED] - Text '987654321' is set on object 'Object Repository/Page_Create Next App/input_Add Category_input-group-1'

2566-09-01 11:31:13 - [TEST_STEP][PASSED] - sendKeys(findTestObject("Object Repository/Page_Create Next App/input_Add Category_input-group-1"), Keys.chord(ENTER)): Keys 'ENTER + ' sent to object: 'Object Repository/Page_Create Next App/input_Add Category_input-group-1'

2566-09-01 11:31:13 - [MESSAGE][PASSED] - Keys 'ENTER + ' sent to object: 'Object Repository/Page_Create Next App/input_Add Category_input-group-1'

2566-09-01 11:31:13 - [TEST_STEP][PASSED] - setText(findTestObject("Object Repository/Page_Create Next App/input_Add Category_input-group-1"), "987654321"): Text '987654321' is set on object 'Object Repository/Page_Create Next App/input_Add Category_input-group-1'

2566-09-01 11:31:14 - [MESSAGE][PASSED] - Text '987654321' is set on object 'Object Repository/Page_Create Next App/input_Add Category_input-group-1'

2566-09-01 11:31:14 - [TEST_STEP][PASSED] - sendKeys(findTestObject("Object Repository/Page_Create Next App/input_Add Category_input-group-1"), Keys.chord(ENTER)): Keys 'ENTER + ' sent to object: 'Object Repository/Page_Create Next App/input_Add Category_input-group-1'

2566-09-01 11:31:14 - [MESSAGE][PASSED] - Keys 'ENTER + ' sent to object: 'Object Repository/Page_Create Next App/input_Add Category_input-group-1'

2566-09-01 11:31:14 - [TEST_STEP][PASSED] - setText(findTestObject("Object Repository/Page_Create Next App/input_Add Category_input-group-1"), ""): Text '' is set on object 'Object Repository/Page_Create Next App/input_Add Category_input-group-1'

2566-09-01 11:31:15 - [MESSAGE][PASSED] - Text '' is set on object 'Object Repository/Page_Create Next App/input_Add Category_input-group-1'

2566-09-01 11:31:15 - [TEST_STEP][PASSED] - click(findTestObject("Object Repository/Page_Create Next App/div_Add Category_flex flex-initial justify-_a9ff94")): Object: 'Object Repository/Page_Create Next App/div_Add Category_flex flex-initial justify-_a9ff94' is clicked on

2566-09-01 11:31:15 - [MESSAGE][PASSED] - Object: 'Object Repository/Page_Create Next App/div_Add Category_flex flex-initial justify-_a9ff94' is clicked on

2566-09-01 11:31:15 - [TEST_STEP][PASSED] - click(findTestObject("Object Repository/Page_Create Next App/input_Add Category_input-group-1")): Object: 'Object Repository/Page_Create Next App/input_Add Category_input-group-1' is clicked on

2566-09-01 11:31:16 - [MESSAGE][PASSED] - Object: 'Object Repository/Page_Create Next App/input_Add Category_input-group-1' is clicked on

2566-09-01 11:31:16 - [TEST_STEP][PASSED] - setText(findTestObject("Object Repository/Page_Create Next App/input_Add Category_input-group-1"), ""): Text '' is set on object 'Object Repository/Page_Create Next App/input_Add Category_input-group-1'

2566-09-01 11:31:16 - [MESSAGE][PASSED] - Text '' is set on object 'Object Repository/Page_Create Next App/input_Add Category_input-group-1']]></system-out>
         <system-err><![CDATA[]]></system-err>
      </testcase>
      <testcase name="Test Cases/Category LIST/SEARCH category/ตรวจสอบว่าสามารถ copy ข้อมูลมาวางได้หรือไม่" time="5.391" classname="Test Cases/Category LIST/SEARCH category/ตรวจสอบว่าสามารถ copy ข้อมูลมาวางได้หรือไม่" status="PASSED">
         <system-out><![CDATA[2566-09-01 11:31:16 - [TEST_CASE][PASSED] - Test Cases/Category LIST/SEARCH category/ตรวจสอบว่าสามารถ copy ข้อมูลมาวางได้หรือไม่: Test Cases/Category LIST/SEARCH category/ตรวจสอบว่าสามารถ copy ข้อมูลมาวางได้หรือไม่

2566-09-01 11:31:17 - [TEST_STEP][PASSED] - navigateToUrl("https://pos-frontend-ton-gumbjqoyzq-as.a.run.app/items/categories"): Navigate to 'https://pos-frontend-ton-gumbjqoyzq-as.a.run.app/items/categories' successfully

2566-09-01 11:31:17 - [MESSAGE][PASSED] - Navigate to 'https://pos-frontend-ton-gumbjqoyzq-as.a.run.app/items/categories' successfully

2566-09-01 11:31:17 - [TEST_STEP][PASSED] - setText(findTestObject("Object Repository/Page_Create Next App/input_Add Category_input-group-1"), "SSS"): Text 'SSS' is set on object 'Object Repository/Page_Create Next App/input_Add Category_input-group-1'

2566-09-01 11:31:18 - [MESSAGE][PASSED] - Text 'SSS' is set on object 'Object Repository/Page_Create Next App/input_Add Category_input-group-1'

2566-09-01 11:31:18 - [TEST_STEP][PASSED] - sendKeys(findTestObject("Object Repository/Page_Create Next App/input_Add Category_input-group-1"), Keys.chord(ENTER)): Keys 'ENTER + ' sent to object: 'Object Repository/Page_Create Next App/input_Add Category_input-group-1'

2566-09-01 11:31:19 - [MESSAGE][PASSED] - Keys 'ENTER + ' sent to object: 'Object Repository/Page_Create Next App/input_Add Category_input-group-1'

2566-09-01 11:31:19 - [TEST_STEP][PASSED] - setText(findTestObject("Object Repository/Page_Create Next App/input_Add Category_input-group-1"), "SSS"): Text 'SSS' is set on object 'Object Repository/Page_Create Next App/input_Add Category_input-group-1'

2566-09-01 11:31:19 - [MESSAGE][PASSED] - Text 'SSS' is set on object 'Object Repository/Page_Create Next App/input_Add Category_input-group-1'

2566-09-01 11:31:19 - [TEST_STEP][PASSED] - sendKeys(findTestObject("Object Repository/Page_Create Next App/input_Add Category_input-group-1"), Keys.chord(ENTER)): Keys 'ENTER + ' sent to object: 'Object Repository/Page_Create Next App/input_Add Category_input-group-1'

2566-09-01 11:31:20 - [MESSAGE][PASSED] - Keys 'ENTER + ' sent to object: 'Object Repository/Page_Create Next App/input_Add Category_input-group-1'

2566-09-01 11:31:20 - [TEST_STEP][PASSED] - setText(findTestObject("Object Repository/Page_Create Next App/input_Add Category_input-group-1"), "SSS"): Text 'SSS' is set on object 'Object Repository/Page_Create Next App/input_Add Category_input-group-1'

2566-09-01 11:31:21 - [MESSAGE][PASSED] - Text 'SSS' is set on object 'Object Repository/Page_Create Next App/input_Add Category_input-group-1'

2566-09-01 11:31:21 - [TEST_STEP][PASSED] - sendKeys(findTestObject("Object Repository/Page_Create Next App/input_Add Category_input-group-1"), Keys.chord(ENTER)): Keys 'ENTER + ' sent to object: 'Object Repository/Page_Create Next App/input_Add Category_input-group-1'

2566-09-01 11:31:21 - [MESSAGE][PASSED] - Keys 'ENTER + ' sent to object: 'Object Repository/Page_Create Next App/input_Add Category_input-group-1'

2566-09-01 11:31:21 - [TEST_STEP][PASSED] - setText(findTestObject("Object Repository/Page_Create Next App/input_Add Category_input-group-1"), ""): Text '' is set on object 'Object Repository/Page_Create Next App/input_Add Category_input-group-1'

2566-09-01 11:31:22 - [MESSAGE][PASSED] - Text '' is set on object 'Object Repository/Page_Create Next App/input_Add Category_input-group-1']]></system-out>
         <system-err><![CDATA[]]></system-err>
      </testcase>
      <testcase name="Test Cases/Category LIST/SEARCH category/ตรวจสอบการค้นหาโดยการใช้ keyword ในการค้นหาและกด enter" time="6.562" classname="Test Cases/Category LIST/SEARCH category/ตรวจสอบการค้นหาโดยการใช้ keyword ในการค้นหาและกด enter" status="PASSED">
         <system-out><![CDATA[2566-09-01 11:31:22 - [TEST_CASE][PASSED] - Test Cases/Category LIST/SEARCH category/ตรวจสอบการค้นหาโดยการใช้ keyword ในการค้นหาและกด enter: Test Cases/Category LIST/SEARCH category/ตรวจสอบการค้นหาโดยการใช้ keyword ในการค้นหาและกด enter

2566-09-01 11:31:22 - [TEST_STEP][PASSED] - navigateToUrl("https://pos-frontend-ton-gumbjqoyzq-as.a.run.app/items/categories"): Navigate to 'https://pos-frontend-ton-gumbjqoyzq-as.a.run.app/items/categories' successfully

2566-09-01 11:31:22 - [MESSAGE][PASSED] - Navigate to 'https://pos-frontend-ton-gumbjqoyzq-as.a.run.app/items/categories' successfully

2566-09-01 11:31:22 - [TEST_STEP][PASSED] - setText(findTestObject("Object Repository/Page_Create Next App/input_Add Category_input-group-1"), "TT"): Text 'TT' is set on object 'Object Repository/Page_Create Next App/input_Add Category_input-group-1'

2566-09-01 11:31:23 - [MESSAGE][PASSED] - Text 'TT' is set on object 'Object Repository/Page_Create Next App/input_Add Category_input-group-1'

2566-09-01 11:31:23 - [TEST_STEP][PASSED] - sendKeys(findTestObject("Object Repository/Page_Create Next App/input_Add Category_input-group-1"), Keys.chord(ENTER)): Keys 'ENTER + ' sent to object: 'Object Repository/Page_Create Next App/input_Add Category_input-group-1'

2566-09-01 11:31:24 - [MESSAGE][PASSED] - Keys 'ENTER + ' sent to object: 'Object Repository/Page_Create Next App/input_Add Category_input-group-1'

2566-09-01 11:31:24 - [TEST_STEP][PASSED] - setText(findTestObject("Object Repository/Page_Create Next App/input_Add Category_input-group-1"), "TT"): Text 'TT' is set on object 'Object Repository/Page_Create Next App/input_Add Category_input-group-1'

2566-09-01 11:31:25 - [MESSAGE][PASSED] - Text 'TT' is set on object 'Object Repository/Page_Create Next App/input_Add Category_input-group-1'

2566-09-01 11:31:25 - [TEST_STEP][PASSED] - sendKeys(findTestObject("Object Repository/Page_Create Next App/input_Add Category_input-group-1"), Keys.chord(ENTER)): Keys 'ENTER + ' sent to object: 'Object Repository/Page_Create Next App/input_Add Category_input-group-1'

2566-09-01 11:31:25 - [MESSAGE][PASSED] - Keys 'ENTER + ' sent to object: 'Object Repository/Page_Create Next App/input_Add Category_input-group-1'

2566-09-01 11:31:25 - [TEST_STEP][PASSED] - setText(findTestObject("Object Repository/Page_Create Next App/input_Add Category_input-group-1"), "285"): Text '285' is set on object 'Object Repository/Page_Create Next App/input_Add Category_input-group-1'

2566-09-01 11:31:26 - [MESSAGE][PASSED] - Text '285' is set on object 'Object Repository/Page_Create Next App/input_Add Category_input-group-1'

2566-09-01 11:31:26 - [TEST_STEP][PASSED] - sendKeys(findTestObject("Object Repository/Page_Create Next App/input_Add Category_input-group-1"), Keys.chord(ENTER)): Keys 'ENTER + ' sent to object: 'Object Repository/Page_Create Next App/input_Add Category_input-group-1'

2566-09-01 11:31:26 - [MESSAGE][PASSED] - Keys 'ENTER + ' sent to object: 'Object Repository/Page_Create Next App/input_Add Category_input-group-1'

2566-09-01 11:31:26 - [TEST_STEP][PASSED] - setText(findTestObject("Object Repository/Page_Create Next App/input_Add Category_input-group-1"), "285"): Text '285' is set on object 'Object Repository/Page_Create Next App/input_Add Category_input-group-1'

2566-09-01 11:31:27 - [MESSAGE][PASSED] - Text '285' is set on object 'Object Repository/Page_Create Next App/input_Add Category_input-group-1'

2566-09-01 11:31:27 - [TEST_STEP][PASSED] - sendKeys(findTestObject("Object Repository/Page_Create Next App/input_Add Category_input-group-1"), Keys.chord(ENTER)): Keys 'ENTER + ' sent to object: 'Object Repository/Page_Create Next App/input_Add Category_input-group-1'

2566-09-01 11:31:27 - [MESSAGE][PASSED] - Keys 'ENTER + ' sent to object: 'Object Repository/Page_Create Next App/input_Add Category_input-group-1'

2566-09-01 11:31:27 - [TEST_STEP][PASSED] - setText(findTestObject("Object Repository/Page_Create Next App/input_Add Category_input-group-1"), "285"): Text '285' is set on object 'Object Repository/Page_Create Next App/input_Add Category_input-group-1'

2566-09-01 11:31:28 - [MESSAGE][PASSED] - Text '285' is set on object 'Object Repository/Page_Create Next App/input_Add Category_input-group-1'

2566-09-01 11:31:28 - [TEST_STEP][PASSED] - sendKeys(findTestObject("Object Repository/Page_Create Next App/input_Add Category_input-group-1"), Keys.chord(ENTER)): Keys 'ENTER + ' sent to object: 'Object Repository/Page_Create Next App/input_Add Category_input-group-1'

2566-09-01 11:31:28 - [MESSAGE][PASSED] - Keys 'ENTER + ' sent to object: 'Object Repository/Page_Create Next App/input_Add Category_input-group-1']]></system-out>
         <system-err><![CDATA[]]></system-err>
      </testcase>
      <testcase name="Test Cases/Category LIST/SEARCH category/ตรวจสอบฟังก์ชันการค้นหาเมื่อมีการค้นหาค่าว่าง" time="10.904" classname="Test Cases/Category LIST/SEARCH category/ตรวจสอบฟังก์ชันการค้นหาเมื่อมีการค้นหาค่าว่าง" status="PASSED">
         <system-out><![CDATA[2566-09-01 11:31:28 - [TEST_CASE][PASSED] - Test Cases/Category LIST/SEARCH category/ตรวจสอบฟังก์ชันการค้นหาเมื่อมีการค้นหาค่าว่าง: Test Cases/Category LIST/SEARCH category/ตรวจสอบฟังก์ชันการค้นหาเมื่อมีการค้นหาค่าว่าง

2566-09-01 11:31:29 - [TEST_STEP][PASSED] - navigateToUrl("https://pos-frontend-ton-gumbjqoyzq-as.a.run.app/"): Navigate to 'https://pos-frontend-ton-gumbjqoyzq-as.a.run.app/' successfully

2566-09-01 11:31:29 - [MESSAGE][PASSED] - Navigate to 'https://pos-frontend-ton-gumbjqoyzq-as.a.run.app/' successfully

2566-09-01 11:31:29 - [TEST_STEP][PASSED] - click(findTestObject("Object Repository/Page_Create Next App/input_Add Category_input-group-1")): Object: 'Object Repository/Page_Create Next App/input_Add Category_input-group-1' is clicked on

2566-09-01 11:31:38 - [MESSAGE][PASSED] - Object: 'Object Repository/Page_Create Next App/input_Add Category_input-group-1' is clicked on

2566-09-01 11:31:38 - [TEST_STEP][PASSED] - click(findTestObject("Object Repository/Page_Create Next App/span_Category")): Object: 'Object Repository/Page_Create Next App/span_Category' is clicked on

2566-09-01 11:31:39 - [MESSAGE][PASSED] - Object: 'Object Repository/Page_Create Next App/span_Category' is clicked on

2566-09-01 11:31:39 - [TEST_STEP][PASSED] - click(findTestObject("Object Repository/Page_Create Next App/span_Category")): Object: 'Object Repository/Page_Create Next App/span_Category' is clicked on

2566-09-01 11:31:39 - [MESSAGE][PASSED] - Object: 'Object Repository/Page_Create Next App/span_Category' is clicked on

2566-09-01 11:31:39 - [TEST_STEP][PASSED] - click(findTestObject("Object Repository/Page_Create Next App/input_Add Category_input-group-1")): Object: 'Object Repository/Page_Create Next App/input_Add Category_input-group-1' is clicked on

2566-09-01 11:31:39 - [MESSAGE][PASSED] - Object: 'Object Repository/Page_Create Next App/input_Add Category_input-group-1' is clicked on]]></system-out>
         <system-err><![CDATA[]]></system-err>
      </testcase>
      <testcase name="Test Cases/Category LIST/SEARCH category/ตรวจสอบการค้นหาโดยมีการป้อนข้อมูลที่ถูกต้อง" time="7.395" classname="Test Cases/Category LIST/SEARCH category/ตรวจสอบการค้นหาโดยมีการป้อนข้อมูลที่ถูกต้อง" status="PASSED">
         <system-out><![CDATA[2566-09-01 11:31:39 - [TEST_CASE][PASSED] - Test Cases/Category LIST/SEARCH category/ตรวจสอบการค้นหาโดยมีการป้อนข้อมูลที่ถูกต้อง: Test Cases/Category LIST/SEARCH category/ตรวจสอบการค้นหาโดยมีการป้อนข้อมูลที่ถูกต้อง

2566-09-01 11:31:40 - [TEST_STEP][PASSED] - navigateToUrl("https://pos-frontend-ton-gumbjqoyzq-as.a.run.app/"): Navigate to 'https://pos-frontend-ton-gumbjqoyzq-as.a.run.app/' successfully

2566-09-01 11:31:40 - [MESSAGE][PASSED] - Navigate to 'https://pos-frontend-ton-gumbjqoyzq-as.a.run.app/' successfully

2566-09-01 11:31:40 - [TEST_STEP][PASSED] - setText(findTestObject("Object Repository/Page_Create Next App/input_Add Category_input-group-1"), "sub001"): Text 'sub001' is set on object 'Object Repository/Page_Create Next App/input_Add Category_input-group-1'

2566-09-01 11:31:44 - [MESSAGE][PASSED] - Text 'sub001' is set on object 'Object Repository/Page_Create Next App/input_Add Category_input-group-1'

2566-09-01 11:31:44 - [TEST_STEP][PASSED] - sendKeys(findTestObject("Object Repository/Page_Create Next App/input_Add Category_input-group-1"), Keys.chord(ENTER)): Keys 'ENTER + ' sent to object: 'Object Repository/Page_Create Next App/input_Add Category_input-group-1'

2566-09-01 11:31:44 - [MESSAGE][PASSED] - Keys 'ENTER + ' sent to object: 'Object Repository/Page_Create Next App/input_Add Category_input-group-1'

2566-09-01 11:31:44 - [TEST_STEP][PASSED] - setText(findTestObject("Object Repository/Page_Create Next App/input_Add Category_input-group-1"), "PIZZA"): Text 'PIZZA' is set on object 'Object Repository/Page_Create Next App/input_Add Category_input-group-1'

2566-09-01 11:31:45 - [MESSAGE][PASSED] - Text 'PIZZA' is set on object 'Object Repository/Page_Create Next App/input_Add Category_input-group-1'

2566-09-01 11:31:45 - [TEST_STEP][PASSED] - sendKeys(findTestObject("Object Repository/Page_Create Next App/input_Add Category_input-group-1"), Keys.chord(ENTER)): Keys 'ENTER + ' sent to object: 'Object Repository/Page_Create Next App/input_Add Category_input-group-1'

2566-09-01 11:31:46 - [MESSAGE][PASSED] - Keys 'ENTER + ' sent to object: 'Object Repository/Page_Create Next App/input_Add Category_input-group-1'

2566-09-01 11:31:46 - [TEST_STEP][PASSED] - setText(findTestObject("Object Repository/Page_Create Next App/input_Add Category_input-group-1"), "PiZZA 1150"): Text 'PiZZA 1150' is set on object 'Object Repository/Page_Create Next App/input_Add Category_input-group-1'

2566-09-01 11:31:46 - [MESSAGE][PASSED] - Text 'PiZZA 1150' is set on object 'Object Repository/Page_Create Next App/input_Add Category_input-group-1'

2566-09-01 11:31:46 - [TEST_STEP][PASSED] - sendKeys(findTestObject("Object Repository/Page_Create Next App/input_Add Category_input-group-1"), Keys.chord(ENTER)): Keys 'ENTER + ' sent to object: 'Object Repository/Page_Create Next App/input_Add Category_input-group-1'

2566-09-01 11:31:47 - [MESSAGE][PASSED] - Keys 'ENTER + ' sent to object: 'Object Repository/Page_Create Next App/input_Add Category_input-group-1']]></system-out>
         <system-err><![CDATA[]]></system-err>
      </testcase>
      <testcase name="Test Cases/Category LIST/SEARCH category/ตรวจสอบฟังก์ชันการค้นหาเมื่อมีการใช้อักขระพิเศษในการค้นหา" time="5.125" classname="Test Cases/Category LIST/SEARCH category/ตรวจสอบฟังก์ชันการค้นหาเมื่อมีการใช้อักขระพิเศษในการค้นหา" status="PASSED">
         <system-out><![CDATA[2566-09-01 11:31:47 - [TEST_CASE][PASSED] - Test Cases/Category LIST/SEARCH category/ตรวจสอบฟังก์ชันการค้นหาเมื่อมีการใช้อักขระพิเศษในการค้นหา: Test Cases/Category LIST/SEARCH category/ตรวจสอบฟังก์ชันการค้นหาเมื่อมีการใช้อักขระพิเศษในการค้นหา

2566-09-01 11:31:47 - [TEST_STEP][PASSED] - navigateToUrl("https://pos-frontend-ton-gumbjqoyzq-as.a.run.app/items/categories"): Navigate to 'https://pos-frontend-ton-gumbjqoyzq-as.a.run.app/items/categories' successfully

2566-09-01 11:31:47 - [MESSAGE][PASSED] - Navigate to 'https://pos-frontend-ton-gumbjqoyzq-as.a.run.app/items/categories' successfully

2566-09-01 11:31:47 - [TEST_STEP][PASSED] - setText(findTestObject("Object Repository/Page_Create Next App/input_Add Category_input-group-1"), "////"): Text '////' is set on object 'Object Repository/Page_Create Next App/input_Add Category_input-group-1'

2566-09-01 11:31:48 - [MESSAGE][PASSED] - Text '////' is set on object 'Object Repository/Page_Create Next App/input_Add Category_input-group-1'

2566-09-01 11:31:48 - [TEST_STEP][PASSED] - sendKeys(findTestObject("Object Repository/Page_Create Next App/input_Add Category_input-group-1"), Keys.chord(ENTER)): Keys 'ENTER + ' sent to object: 'Object Repository/Page_Create Next App/input_Add Category_input-group-1'

2566-09-01 11:31:49 - [MESSAGE][PASSED] - Keys 'ENTER + ' sent to object: 'Object Repository/Page_Create Next App/input_Add Category_input-group-1'

2566-09-01 11:31:49 - [TEST_STEP][PASSED] - setText(findTestObject("Object Repository/Page_Create Next App/input_Add Category_input-group-1"), "%%%"): Text '%%%' is set on object 'Object Repository/Page_Create Next App/input_Add Category_input-group-1'

2566-09-01 11:31:49 - [MESSAGE][PASSED] - Text '%%%' is set on object 'Object Repository/Page_Create Next App/input_Add Category_input-group-1'

2566-09-01 11:31:49 - [TEST_STEP][PASSED] - sendKeys(findTestObject("Object Repository/Page_Create Next App/input_Add Category_input-group-1"), Keys.chord(ENTER)): Keys 'ENTER + ' sent to object: 'Object Repository/Page_Create Next App/input_Add Category_input-group-1'

2566-09-01 11:31:50 - [MESSAGE][PASSED] - Keys 'ENTER + ' sent to object: 'Object Repository/Page_Create Next App/input_Add Category_input-group-1'

2566-09-01 11:31:50 - [TEST_STEP][PASSED] - setText(findTestObject("Object Repository/Page_Create Next App/input_Add Category_input-group-1"), "###"): Text '###' is set on object 'Object Repository/Page_Create Next App/input_Add Category_input-group-1'

2566-09-01 11:31:51 - [MESSAGE][PASSED] - Text '###' is set on object 'Object Repository/Page_Create Next App/input_Add Category_input-group-1'

2566-09-01 11:31:51 - [TEST_STEP][PASSED] - sendKeys(findTestObject("Object Repository/Page_Create Next App/input_Add Category_input-group-1"), Keys.chord(ENTER)): Keys 'ENTER + ' sent to object: 'Object Repository/Page_Create Next App/input_Add Category_input-group-1'

2566-09-01 11:31:51 - [MESSAGE][PASSED] - Keys 'ENTER + ' sent to object: 'Object Repository/Page_Create Next App/input_Add Category_input-group-1'

2566-09-01 11:31:51 - [TEST_STEP][PASSED] - setText(findTestObject("Object Repository/Page_Create Next App/input_Add Category_input-group-1"), ""): Text '' is set on object 'Object Repository/Page_Create Next App/input_Add Category_input-group-1'

2566-09-01 11:31:52 - [MESSAGE][PASSED] - Text '' is set on object 'Object Repository/Page_Create Next App/input_Add Category_input-group-1']]></system-out>
         <system-err><![CDATA[]]></system-err>
      </testcase>
      <system-out><![CDATA[2566-09-01 11:31:02 - [TEST_SUITE][PASSED] - TESTSEARCHCategory: Test Cases/Category LIST/SEARCH category/ตรวจสอบฟังก์ชันการค้นหาเมื่อมีการใช้อักขระพิเศษในการค้นหา]]></system-out>
      <system-err><![CDATA[]]></system-err>
   </testsuite>
</testsuites>
