<?xml version="1.0" encoding="UTF-8"?>
<testsuites name="Test Suite login" time="4.353" tests="1" failures="0" errors="0">
   <testsuite name="Test Suite login" tests="1" failures="0" errors="0" time="4.353" skipped="0" timestamp="2023-08-28 11:58:12" hostname="NUC - NUC13Anhi7" id="Test Suites/Test Suite login">
      <properties>
         <property name="deviceName" value=""/>
         <property name="devicePlatform" value=""/>
         <property name="logFolder" value="C:\\Users\\NUC\\git\\katalon\\Reports\\20230828_115809\\Test Suite login\\20230828_115810"/>
         <property name="logFiles" value="C:\\Users\\NUC\\git\\katalon\\Reports\\20230828_115809\\Test Suite login\\20230828_115810\\execution0.log"/>
         <property name="attachments" value=""/>
         <property name="hostName" value="NUC - NUC13Anhi7"/>
         <property name="os" value="Windows 11 64bit"/>
         <property name="katalonVersion" value="8.6.6.208"/>
         <property name="browser" value="Chrome 116.0.0.0"/>
         <property name="hostAddress" value="192.168.31.232"/>
         <property name="sessionId" value="af2b9b8ef63796d3d8e3fb5789488c5a"/>
         <property name="seleniumVersion" value="3.141.59"/>
         <property name="proxyInformation" value="ProxyInformation { proxyOption=NO_PROXY, proxyServerType=HTTP, username=, password=********, proxyServerAddress=, proxyServerPort=0, executionList=&quot;&quot;, isApplyToDesiredCapabilities=true }"/>
         <property name="platform" value="Windows 11"/>
      </properties>
      <testcase name="Test Cases/Test Case login" time="4.206" classname="Test Cases/Test Case login" status="PASSED">
         <system-out><![CDATA[2023-08-28 11:58:12 - [TEST_CASE][PASSED] - Test Cases/Test Case login: Test Cases/Test Case login

2023-08-28 11:58:12 - [TEST_STEP][PASSED] - openBrowser(""): Browser is opened with url: ''

2023-08-28 11:58:12 - [MESSAGE][INFO] - Starting 'Chrome' driver

2023-08-28 11:58:12 - [MESSAGE][INFO] - Action delay is set to 0 milliseconds

2023-08-28 11:58:14 - [MESSAGE][PASSED] - Browser is opened with url: ''

2023-08-28 11:58:14 - [TEST_STEP][PASSED] - navigateToUrl("http://35.197.145.54/api/auth/signin?callbackUrl=http%3A%2F%2F35.197.145.54%2Fitems"): Navigate to 'http://35.197.145.54/api/auth/signin?callbackUrl=http%3A%2F%2F35.197.145.54%2Fitems' successfully

2023-08-28 11:58:14 - [MESSAGE][PASSED] - Navigate to 'http://35.197.145.54/api/auth/signin?callbackUrl=http%3A%2F%2F35.197.145.54%2Fitems' successfully

2023-08-28 11:58:14 - [TEST_STEP][PASSED] - setText(findTestObject("Object Repository/Page_Sign In/input_Username_username"), "admin"): Text 'admin' is set on object 'Object Repository/Page_Sign In/input_Username_username'

2023-08-28 11:58:15 - [MESSAGE][PASSED] - Text 'admin' is set on object 'Object Repository/Page_Sign In/input_Username_username'

2023-08-28 11:58:15 - [TEST_STEP][PASSED] - setEncryptedText(findTestObject("Object Repository/Page_Sign In/input_Password_password"), "aeHFOx8jV/A="): Text ****** has been set on object 'Object Repository/Page_Sign In/input_Password_password'

2023-08-28 11:58:15 - [MESSAGE][PASSED] - Text ****** has been set on object 'Object Repository/Page_Sign In/input_Password_password'

2023-08-28 11:58:15 - [TEST_STEP][PASSED] - click(findTestObject("Object Repository/Page_Sign In/button_Sign in with Credentials")): Object: 'Object Repository/Page_Sign In/button_Sign in with Credentials' is clicked on

2023-08-28 11:58:16 - [MESSAGE][PASSED] - Object: 'Object Repository/Page_Sign In/button_Sign in with Credentials' is clicked on

2023-08-28 11:58:16 - [TEST_STEP][PASSED] - closeBrowser(): Browser is closed

2023-08-28 11:58:16 - [MESSAGE][PASSED] - Browser is closed]]></system-out>
         <system-err><![CDATA[]]></system-err>
      </testcase>
      <system-out><![CDATA[2023-08-28 11:58:12 - [TEST_SUITE][PASSED] - Test Suite login: Test Cases/Test Case login]]></system-out>
      <system-err><![CDATA[]]></system-err>
   </testsuite>
</testsuites>
