<?xml version="1.0" encoding="UTF-8"?>
<testsuites name="TEST login" time="8.754" tests="1" failures="0" errors="0">
   <testsuite name="TEST login" tests="1" failures="0" errors="0" time="8.754" skipped="0" timestamp="2566-09-04 13:10:07" hostname="USER - DESKTOP-67R9BDO" id="Test Suites/TEST login">
      <properties>
         <property name="deviceName" value=""/>
         <property name="devicePlatform" value=""/>
         <property name="logFolder" value="C:\\Users\\USER\\git\\katalon\\Reports\\25660904_130955\\TEST login\\25660904_130955"/>
         <property name="logFiles" value="C:\\Users\\USER\\git\\katalon\\Reports\\25660904_130955\\TEST login\\25660904_130955\\execution0.log"/>
         <property name="attachments" value=""/>
         <property name="hostName" value="USER - DESKTOP-67R9BDO"/>
         <property name="os" value="Windows 11 64bit"/>
         <property name="katalonVersion" value="8.6.6.208"/>
         <property name="browser" value="Chrome 116.0.0.0"/>
         <property name="hostAddress" value="172.20.10.12"/>
         <property name="sessionId" value="76bc16392f5ea4f41b5e9a9736ecf8f7"/>
         <property name="seleniumVersion" value="3.141.59"/>
         <property name="proxyInformation" value="ProxyInformation { proxyOption=NO_PROXY, proxyServerType=HTTP, username=, password=********, proxyServerAddress=, proxyServerPort=0, executionList=&quot;&quot;, isApplyToDesiredCapabilities=true }"/>
         <property name="platform" value="Windows 11"/>
      </properties>
      <testcase name="Test Cases/TEST LOGIN" time="8.357" classname="Test Cases/TEST LOGIN" status="PASSED">
         <system-out><![CDATA[2566-09-04 13:10:07 - [TEST_CASE][PASSED] - Test Cases/TEST LOGIN: Test Cases/TEST LOGIN

2566-09-04 13:10:08 - [TEST_STEP][PASSED] - openBrowser(""): Browser is opened with url: ''

2566-09-04 13:10:08 - [MESSAGE][INFO] - Starting 'Chrome' driver

2566-09-04 13:10:08 - [MESSAGE][INFO] - Action delay is set to 0 milliseconds

2566-09-04 13:10:11 - [MESSAGE][PASSED] - Browser is opened with url: ''

2566-09-04 13:10:11 - [TEST_STEP][PASSED] - navigateToUrl("https://pos-frontend-ton-gumbjqoyzq-as.a.run.app/"): Navigate to 'https://pos-frontend-ton-gumbjqoyzq-as.a.run.app/' successfully

2566-09-04 13:10:12 - [MESSAGE][PASSED] - Navigate to 'https://pos-frontend-ton-gumbjqoyzq-as.a.run.app/' successfully

2566-09-04 13:10:12 - [TEST_STEP][PASSED] - setText(findTestObject("Object Repository/Page_Sign In/input_Username_username"), "admin"): Text 'admin' is set on object 'Object Repository/Page_Sign In/input_Username_username'

2566-09-04 13:10:14 - [MESSAGE][PASSED] - Text 'admin' is set on object 'Object Repository/Page_Sign In/input_Username_username'

2566-09-04 13:10:14 - [TEST_STEP][PASSED] - setEncryptedText(findTestObject("Object Repository/Page_Sign In/input_Password_password"), "aeHFOx8jV/A="): Text ****** has been set on object 'Object Repository/Page_Sign In/input_Password_password'

2566-09-04 13:10:14 - [MESSAGE][PASSED] - Text ****** has been set on object 'Object Repository/Page_Sign In/input_Password_password'

2566-09-04 13:10:14 - [TEST_STEP][PASSED] - click(findTestObject("Object Repository/Page_Sign In/button_Sign in with Credentials")): Object: 'Object Repository/Page_Sign In/button_Sign in with Credentials' is clicked on

2566-09-04 13:10:15 - [MESSAGE][PASSED] - Object: 'Object Repository/Page_Sign In/button_Sign in with Credentials' is clicked on]]></system-out>
         <system-err><![CDATA[]]></system-err>
      </testcase>
      <system-out><![CDATA[2566-09-04 13:10:07 - [TEST_SUITE][PASSED] - TEST login: Test Cases/TEST LOGIN]]></system-out>
      <system-err><![CDATA[]]></system-err>
   </testsuite>
</testsuites>
