<?xml version="1.0" encoding="UTF-8"?>
<testsuites name="Test SuiteTEST" time="17.311" tests="3" failures="0" errors="0">
   <testsuite name="Test SuiteTEST" tests="3" failures="0" errors="0" time="17.311" skipped="0" timestamp="2566-09-01 11:11:48" hostname="USER - DESKTOP-67R9BDO" id="Test Suites/Test SuiteTEST">
      <properties>
         <property name="deviceName" value=""/>
         <property name="devicePlatform" value=""/>
         <property name="logFolder" value="C:\\Users\\USER\\git\\katalon\\Reports\\25660901_111137\\Test SuiteTEST\\25660901_111138"/>
         <property name="logFiles" value="C:\\Users\\USER\\git\\katalon\\Reports\\25660901_111137\\Test SuiteTEST\\25660901_111138\\execution0.log"/>
         <property name="attachments" value=""/>
         <property name="hostName" value="USER - DESKTOP-67R9BDO"/>
         <property name="os" value="Windows 11 64bit"/>
         <property name="katalonVersion" value="8.6.6.208"/>
         <property name="browser" value="Chrome 116.0.0.0"/>
         <property name="hostAddress" value="172.20.10.12"/>
         <property name="sessionId" value="53d83dca37b8bc5fd847e224d3c2f158"/>
         <property name="seleniumVersion" value="3.141.59"/>
         <property name="proxyInformation" value="ProxyInformation { proxyOption=NO_PROXY, proxyServerType=HTTP, username=, password=********, proxyServerAddress=, proxyServerPort=0, executionList=&quot;&quot;, isApplyToDesiredCapabilities=true }"/>
         <property name="platform" value="Windows 11"/>
      </properties>
      <testcase name="Test Cases/TEST LOGIN" time="6.282" classname="Test Cases/TEST LOGIN" status="PASSED">
         <system-out><![CDATA[2566-09-01 11:11:49 - [TEST_CASE][PASSED] - Test Cases/TEST LOGIN: Test Cases/TEST LOGIN

2566-09-01 11:11:49 - [TEST_STEP][PASSED] - openBrowser(""): Browser is opened with url: ''

2566-09-01 11:11:49 - [MESSAGE][INFO] - Starting 'Chrome' driver

2566-09-01 11:11:49 - [MESSAGE][INFO] - Action delay is set to 0 milliseconds

2566-09-01 11:11:52 - [MESSAGE][PASSED] - Browser is opened with url: ''

2566-09-01 11:11:52 - [TEST_STEP][PASSED] - navigateToUrl("https://pos-frontend-ton-gumbjqoyzq-as.a.run.app/"): Navigate to 'https://pos-frontend-ton-gumbjqoyzq-as.a.run.app/' successfully

2566-09-01 11:11:52 - [MESSAGE][PASSED] - Navigate to 'https://pos-frontend-ton-gumbjqoyzq-as.a.run.app/' successfully

2566-09-01 11:11:52 - [TEST_STEP][PASSED] - setText(findTestObject("Object Repository/Page_Sign In/input_Username_username"), "admin"): Text 'admin' is set on object 'Object Repository/Page_Sign In/input_Username_username'

2566-09-01 11:11:54 - [MESSAGE][PASSED] - Text 'admin' is set on object 'Object Repository/Page_Sign In/input_Username_username'

2566-09-01 11:11:54 - [TEST_STEP][PASSED] - setEncryptedText(findTestObject("Object Repository/Page_Sign In/input_Password_password"), "aeHFOx8jV/A="): Text ****** has been set on object 'Object Repository/Page_Sign In/input_Password_password'

2566-09-01 11:11:54 - [MESSAGE][PASSED] - Text ****** has been set on object 'Object Repository/Page_Sign In/input_Password_password'

2566-09-01 11:11:54 - [TEST_STEP][PASSED] - click(findTestObject("Object Repository/Page_Sign In/button_Sign in with Credentials")): Object: 'Object Repository/Page_Sign In/button_Sign in with Credentials' is clicked on

2566-09-01 11:11:55 - [MESSAGE][PASSED] - Object: 'Object Repository/Page_Sign In/button_Sign in with Credentials' is clicked on]]></system-out>
         <system-err><![CDATA[]]></system-err>
      </testcase>
      <testcase name="Test Cases/Category LIST/SEARCH category/กดเปลี่ยนหน้าไปที่ category" time="4.619" classname="Test Cases/Category LIST/SEARCH category/กดเปลี่ยนหน้าไปที่ category" status="PASSED">
         <system-out><![CDATA[2566-09-01 11:11:55 - [TEST_CASE][PASSED] - Test Cases/Category LIST/SEARCH category/กดเปลี่ยนหน้าไปที่ category: Test Cases/Category LIST/SEARCH category/กดเปลี่ยนหน้าไปที่ category

2566-09-01 11:11:55 - [TEST_STEP][PASSED] - navigateToUrl("https://pos-frontend-ton-gumbjqoyzq-as.a.run.app/"): Navigate to 'https://pos-frontend-ton-gumbjqoyzq-as.a.run.app/' successfully

2566-09-01 11:11:56 - [MESSAGE][PASSED] - Navigate to 'https://pos-frontend-ton-gumbjqoyzq-as.a.run.app/' successfully

2566-09-01 11:11:56 - [TEST_STEP][PASSED] - click(findTestObject("Object Repository/Page_Create Next App/div_Item")): Object: 'Object Repository/Page_Create Next App/div_Item' is clicked on

2566-09-01 11:11:57 - [MESSAGE][PASSED] - Object: 'Object Repository/Page_Create Next App/div_Item' is clicked on

2566-09-01 11:11:57 - [TEST_STEP][PASSED] - click(findTestObject("Object Repository/Page_Create Next App/span_Category")): Object: 'Object Repository/Page_Create Next App/span_Category' is clicked on

2566-09-01 11:11:58 - [MESSAGE][PASSED] - Object: 'Object Repository/Page_Create Next App/span_Category' is clicked on

2566-09-01 11:11:58 - [TEST_STEP][PASSED] - setText(findTestObject("Object Repository/Page_Create Next App/input_Add Category_input-group-1"), "sss"): Text 'sss' is set on object 'Object Repository/Page_Create Next App/input_Add Category_input-group-1'

2566-09-01 11:11:59 - [MESSAGE][PASSED] - Text 'sss' is set on object 'Object Repository/Page_Create Next App/input_Add Category_input-group-1'

2566-09-01 11:11:59 - [TEST_STEP][PASSED] - sendKeys(findTestObject("Object Repository/Page_Create Next App/input_Add Category_input-group-1"), Keys.chord(ENTER)): Keys 'ENTER + ' sent to object: 'Object Repository/Page_Create Next App/input_Add Category_input-group-1'

2566-09-01 11:12:00 - [MESSAGE][PASSED] - Keys 'ENTER + ' sent to object: 'Object Repository/Page_Create Next App/input_Add Category_input-group-1']]></system-out>
         <system-err><![CDATA[]]></system-err>
      </testcase>
      <testcase name="Test Cases/Category LIST/SEARCH category/ตรวจสอบว่าสามารถ copy ข้อมูลมาวางได้หรือไม่" time="6.101" classname="Test Cases/Category LIST/SEARCH category/ตรวจสอบว่าสามารถ copy ข้อมูลมาวางได้หรือไม่" status="PASSED">
         <system-out><![CDATA[2566-09-01 11:12:00 - [TEST_CASE][PASSED] - Test Cases/Category LIST/SEARCH category/ตรวจสอบว่าสามารถ copy ข้อมูลมาวางได้หรือไม่: Test Cases/Category LIST/SEARCH category/ตรวจสอบว่าสามารถ copy ข้อมูลมาวางได้หรือไม่

2566-09-01 11:12:00 - [TEST_STEP][PASSED] - navigateToUrl("https://pos-frontend-ton-gumbjqoyzq-as.a.run.app/items/categories"): Navigate to 'https://pos-frontend-ton-gumbjqoyzq-as.a.run.app/items/categories' successfully

2566-09-01 11:12:00 - [MESSAGE][PASSED] - Navigate to 'https://pos-frontend-ton-gumbjqoyzq-as.a.run.app/items/categories' successfully

2566-09-01 11:12:00 - [TEST_STEP][PASSED] - setText(findTestObject("Object Repository/Page_Create Next App/input_Add Category_input-group-1"), "SSS"): Text 'SSS' is set on object 'Object Repository/Page_Create Next App/input_Add Category_input-group-1'

2566-09-01 11:12:01 - [MESSAGE][PASSED] - Text 'SSS' is set on object 'Object Repository/Page_Create Next App/input_Add Category_input-group-1'

2566-09-01 11:12:01 - [TEST_STEP][PASSED] - sendKeys(findTestObject("Object Repository/Page_Create Next App/input_Add Category_input-group-1"), Keys.chord(ENTER)): Keys 'ENTER + ' sent to object: 'Object Repository/Page_Create Next App/input_Add Category_input-group-1'

2566-09-01 11:12:02 - [MESSAGE][PASSED] - Keys 'ENTER + ' sent to object: 'Object Repository/Page_Create Next App/input_Add Category_input-group-1'

2566-09-01 11:12:02 - [TEST_STEP][PASSED] - setText(findTestObject("Object Repository/Page_Create Next App/input_Add Category_input-group-1"), "SSS"): Text 'SSS' is set on object 'Object Repository/Page_Create Next App/input_Add Category_input-group-1'

2566-09-01 11:12:03 - [MESSAGE][PASSED] - Text 'SSS' is set on object 'Object Repository/Page_Create Next App/input_Add Category_input-group-1'

2566-09-01 11:12:03 - [TEST_STEP][PASSED] - sendKeys(findTestObject("Object Repository/Page_Create Next App/input_Add Category_input-group-1"), Keys.chord(ENTER)): Keys 'ENTER + ' sent to object: 'Object Repository/Page_Create Next App/input_Add Category_input-group-1'

2566-09-01 11:12:03 - [MESSAGE][PASSED] - Keys 'ENTER + ' sent to object: 'Object Repository/Page_Create Next App/input_Add Category_input-group-1'

2566-09-01 11:12:03 - [TEST_STEP][PASSED] - setText(findTestObject("Object Repository/Page_Create Next App/input_Add Category_input-group-1"), "SSS"): Text 'SSS' is set on object 'Object Repository/Page_Create Next App/input_Add Category_input-group-1'

2566-09-01 11:12:04 - [MESSAGE][PASSED] - Text 'SSS' is set on object 'Object Repository/Page_Create Next App/input_Add Category_input-group-1'

2566-09-01 11:12:04 - [TEST_STEP][PASSED] - sendKeys(findTestObject("Object Repository/Page_Create Next App/input_Add Category_input-group-1"), Keys.chord(ENTER)): Keys 'ENTER + ' sent to object: 'Object Repository/Page_Create Next App/input_Add Category_input-group-1'

2566-09-01 11:12:04 - [MESSAGE][PASSED] - Keys 'ENTER + ' sent to object: 'Object Repository/Page_Create Next App/input_Add Category_input-group-1'

2566-09-01 11:12:04 - [TEST_STEP][PASSED] - setText(findTestObject("Object Repository/Page_Create Next App/input_Add Category_input-group-1"), ""): Text '' is set on object 'Object Repository/Page_Create Next App/input_Add Category_input-group-1'

2566-09-01 11:12:05 - [MESSAGE][PASSED] - Text '' is set on object 'Object Repository/Page_Create Next App/input_Add Category_input-group-1'

2566-09-01 11:12:05 - [TEST_STEP][PASSED] - closeBrowser(): Browser is closed

2566-09-01 11:12:06 - [MESSAGE][PASSED] - Browser is closed]]></system-out>
         <system-err><![CDATA[]]></system-err>
      </testcase>
      <system-out><![CDATA[2566-09-01 11:11:48 - [TEST_SUITE][PASSED] - Test SuiteTEST: Test Cases/Category LIST/SEARCH category/ตรวจสอบว่าสามารถ copy ข้อมูลมาวางได้หรือไม่]]></system-out>
      <system-err><![CDATA[]]></system-err>
   </testsuite>
</testsuites>
