<?xml version="1.0" encoding="UTF-8"?>
<testsuites name="Testsearch sub category" time="48.921" tests="3" failures="0" errors="0">
   <testsuite name="Testsearch sub category" tests="3" failures="0" errors="0" time="48.921" skipped="0" timestamp="2566-09-01 14:49:29" hostname="USER - DESKTOP-67R9BDO" id="Test Suites/Testsearch sub category">
      <properties>
         <property name="deviceName" value=""/>
         <property name="devicePlatform" value=""/>
         <property name="logFolder" value="C:\\Users\\USER\\git\\katalon\\Reports\\25660901_144920\\Testsearch sub category\\25660901_144920"/>
         <property name="logFiles" value="C:\\Users\\USER\\git\\katalon\\Reports\\25660901_144920\\Testsearch sub category\\25660901_144920\\execution0.log"/>
         <property name="attachments" value=""/>
         <property name="hostName" value="USER - DESKTOP-67R9BDO"/>
         <property name="os" value="Windows 11 64bit"/>
         <property name="katalonVersion" value="8.6.6.208"/>
         <property name="browser" value="Chrome 116.0.0.0"/>
         <property name="hostAddress" value="172.20.10.12"/>
         <property name="sessionId" value="4466216c6ac704fe406cf27326d7e434"/>
         <property name="seleniumVersion" value="3.141.59"/>
         <property name="proxyInformation" value="ProxyInformation { proxyOption=NO_PROXY, proxyServerType=HTTP, username=, password=********, proxyServerAddress=, proxyServerPort=0, executionList=&quot;&quot;, isApplyToDesiredCapabilities=true }"/>
         <property name="platform" value="Windows 11"/>
      </properties>
      <testcase name="Test Cases/TEST LOGIN" time="6.448" classname="Test Cases/TEST LOGIN" status="PASSED">
         <system-out><![CDATA[2566-09-01 14:49:29 - [TEST_CASE][PASSED] - Test Cases/TEST LOGIN: Test Cases/TEST LOGIN

2566-09-01 14:49:30 - [TEST_STEP][PASSED] - openBrowser(""): Browser is opened with url: ''

2566-09-01 14:49:30 - [MESSAGE][INFO] - Starting 'Chrome' driver

2566-09-01 14:49:30 - [MESSAGE][INFO] - Action delay is set to 0 milliseconds

2566-09-01 14:49:32 - [MESSAGE][PASSED] - Browser is opened with url: ''

2566-09-01 14:49:32 - [TEST_STEP][PASSED] - navigateToUrl("https://pos-frontend-ton-gumbjqoyzq-as.a.run.app/"): Navigate to 'https://pos-frontend-ton-gumbjqoyzq-as.a.run.app/' successfully

2566-09-01 14:49:33 - [MESSAGE][PASSED] - Navigate to 'https://pos-frontend-ton-gumbjqoyzq-as.a.run.app/' successfully

2566-09-01 14:49:33 - [TEST_STEP][PASSED] - setText(findTestObject("Object Repository/Page_Sign In/input_Username_username"), "admin"): Text 'admin' is set on object 'Object Repository/Page_Sign In/input_Username_username'

2566-09-01 14:49:34 - [MESSAGE][PASSED] - Text 'admin' is set on object 'Object Repository/Page_Sign In/input_Username_username'

2566-09-01 14:49:34 - [TEST_STEP][PASSED] - setEncryptedText(findTestObject("Object Repository/Page_Sign In/input_Password_password"), "aeHFOx8jV/A="): Text ****** has been set on object 'Object Repository/Page_Sign In/input_Password_password'

2566-09-01 14:49:35 - [MESSAGE][PASSED] - Text ****** has been set on object 'Object Repository/Page_Sign In/input_Password_password'

2566-09-01 14:49:35 - [TEST_STEP][PASSED] - click(findTestObject("Object Repository/Page_Sign In/button_Sign in with Credentials")): Object: 'Object Repository/Page_Sign In/button_Sign in with Credentials' is clicked on

2566-09-01 14:49:36 - [MESSAGE][PASSED] - Object: 'Object Repository/Page_Sign In/button_Sign in with Credentials' is clicked on]]></system-out>
         <system-err><![CDATA[]]></system-err>
      </testcase>
      <testcase name="Test Cases/Category LIST/Search sub category/กดเปลี่ยนหน้าไปที่ sub category" time="37.512" classname="Test Cases/Category LIST/Search sub category/กดเปลี่ยนหน้าไปที่ sub category" status="PASSED">
         <system-out><![CDATA[2566-09-01 14:49:36 - [TEST_CASE][PASSED] - Test Cases/Category LIST/Search sub category/กดเปลี่ยนหน้าไปที่ sub category: Test Cases/Category LIST/Search sub category/กดเปลี่ยนหน้าไปที่ sub category

2566-09-01 14:49:36 - [TEST_STEP][PASSED] - navigateToUrl("https://pos-frontend-ton-gumbjqoyzq-as.a.run.app/items"): Navigate to 'https://pos-frontend-ton-gumbjqoyzq-as.a.run.app/items' successfully

2566-09-01 14:49:37 - [MESSAGE][PASSED] - Navigate to 'https://pos-frontend-ton-gumbjqoyzq-as.a.run.app/items' successfully

2566-09-01 14:49:37 - [TEST_STEP][PASSED] - click(findTestObject("Object Repository/Page_Create Next App/span_Item")): Object: 'Object Repository/Page_Create Next App/span_Item' is clicked on

2566-09-01 14:49:41 - [MESSAGE][PASSED] - Object: 'Object Repository/Page_Create Next App/span_Item' is clicked on

2566-09-01 14:49:41 - [TEST_STEP][PASSED] - click(findTestObject("Object Repository/Page_Create Next App/span_Category")): Object: 'Object Repository/Page_Create Next App/span_Category' is clicked on

2566-09-01 14:49:42 - [MESSAGE][PASSED] - Object: 'Object Repository/Page_Create Next App/span_Category' is clicked on

2566-09-01 14:49:42 - [TEST_STEP][PASSED] - click(findTestObject("Object Repository/Page_Create Next App/button_Sub Category")): Object: 'Object Repository/Page_Create Next App/button_Sub Category' is clicked on

2566-09-01 14:50:13 - [MESSAGE][INFO] - Unable to find the element located by 'By.xpath: //button[@id='headlessui-tabs-tab-:r1:']'. Please recheck the objects properties to make sure the desired element is located. 

2566-09-01 14:50:13 - [MESSAGE][WARNING] - [SELF-HEALING] Failed to find element with id 'Object Repository/Page_Create Next App/button_Sub Category'. Try using Self-healing.

2566-09-01 14:50:13 - [MESSAGE][WARNING] - [SELF-HEALING] The current locator of test object 'Object Repository/Page_Create Next App/button_Sub Category' was broken. Propose an alternative one: '(.//*[normalize-space(text()) and normalize-space(.)='Category'])[2]/following::button[1]'.

2566-09-01 14:50:13 - [MESSAGE][PASSED] - Object: 'Object Repository/Page_Create Next App/button_Sub Category' is clicked on]]></system-out>
         <system-err><![CDATA[]]></system-err>
      </testcase>
      <testcase name="Test Cases/Category LIST/Search sub category/ตรวจสอบการค้นหาเมื่อมีการค้นหาข้อมูลที่ไม่ตรงกับข้อมูลที่มี" time="4.671" classname="Test Cases/Category LIST/Search sub category/ตรวจสอบการค้นหาเมื่อมีการค้นหาข้อมูลที่ไม่ตรงกับข้อมูลที่มี" status="PASSED">
         <system-out><![CDATA[2566-09-01 14:50:13 - [TEST_CASE][PASSED] - Test Cases/Category LIST/Search sub category/ตรวจสอบการค้นหาเมื่อมีการค้นหาข้อมูลที่ไม่ตรงกับข้อมูลที่มี: Test Cases/Category LIST/Search sub category/ตรวจสอบการค้นหาเมื่อมีการค้นหาข้อมูลที่ไม่ตรงกับข้อมูลที่มี

2566-09-01 14:50:14 - [TEST_STEP][PASSED] - navigateToUrl("https://pos-frontend-ton-gumbjqoyzq-as.a.run.app/items/categories"): Navigate to 'https://pos-frontend-ton-gumbjqoyzq-as.a.run.app/items/categories' successfully

2566-09-01 14:50:14 - [MESSAGE][PASSED] - Navigate to 'https://pos-frontend-ton-gumbjqoyzq-as.a.run.app/items/categories' successfully

2566-09-01 14:50:14 - [TEST_STEP][PASSED] - setText(findTestObject("Object Repository/Page_Create Next App/input_Add Category_input-group-1"), "not"): Text 'not' is set on object 'Object Repository/Page_Create Next App/input_Add Category_input-group-1'

2566-09-01 14:50:16 - [MESSAGE][PASSED] - Text 'not' is set on object 'Object Repository/Page_Create Next App/input_Add Category_input-group-1'

2566-09-01 14:50:16 - [TEST_STEP][PASSED] - sendKeys(findTestObject("Object Repository/Page_Create Next App/input_Add Category_input-group-1"), Keys.chord(ENTER)): Keys 'ENTER + ' sent to object: 'Object Repository/Page_Create Next App/input_Add Category_input-group-1'

2566-09-01 14:50:16 - [MESSAGE][PASSED] - Keys 'ENTER + ' sent to object: 'Object Repository/Page_Create Next App/input_Add Category_input-group-1'

2566-09-01 14:50:16 - [TEST_STEP][PASSED] - setText(findTestObject("Object Repository/Page_Create Next App/input_Add Category_input-group-1"), "value"): Text 'value' is set on object 'Object Repository/Page_Create Next App/input_Add Category_input-group-1'

2566-09-01 14:50:17 - [MESSAGE][PASSED] - Text 'value' is set on object 'Object Repository/Page_Create Next App/input_Add Category_input-group-1'

2566-09-01 14:50:17 - [TEST_STEP][PASSED] - sendKeys(findTestObject("Object Repository/Page_Create Next App/input_Add Category_input-group-1"), Keys.chord(ENTER)): Keys 'ENTER + ' sent to object: 'Object Repository/Page_Create Next App/input_Add Category_input-group-1'

2566-09-01 14:50:17 - [MESSAGE][PASSED] - Keys 'ENTER + ' sent to object: 'Object Repository/Page_Create Next App/input_Add Category_input-group-1'

2566-09-01 14:50:17 - [TEST_STEP][PASSED] - setText(findTestObject("Object Repository/Page_Create Next App/input_Add Category_input-group-1"), ""): Text '' is set on object 'Object Repository/Page_Create Next App/input_Add Category_input-group-1'

2566-09-01 14:50:18 - [MESSAGE][PASSED] - Text '' is set on object 'Object Repository/Page_Create Next App/input_Add Category_input-group-1']]></system-out>
         <system-err><![CDATA[]]></system-err>
      </testcase>
      <system-out><![CDATA[2566-09-01 14:49:29 - [TEST_SUITE][PASSED] - Testsearch sub category: Test Cases/Category LIST/Search sub category/ตรวจสอบการค้นหาเมื่อมีการค้นหาข้อมูลที่ไม่ตรงกับข้อมูลที่มี]]></system-out>
      <system-err><![CDATA[]]></system-err>
   </testsuite>
</testsuites>
